10-Feb-2024 02:13:23.356 信息 [http-nio-80-exec-211] org.apache.coyote.http11.Http11Processor.service 解析 HTTP 请求 header 错误
 注意：HTTP请求解析错误的进一步发生将记录在DEBUG级别。
	java.lang.IllegalArgumentException: 在方法名称[0x160x030x030x010x020x010x000x000xfe0x030x03N0xb90x010xc0Md0xc8,0xab0x1ex[0x840xf70xad0xa90xbb0x190x820x160xa3J0xf4t]0xbd0x9b0xaf_0xceLj0x000x00V0xc0,0xc0+0xc000xc0/0x000x9f0x000xa30x000x9e0x000xa20xc0$0xc0(0xc0#0xc0'0x00k0x00j0x00g0x00@0xc0.0xc020xc0-0xc010xc0&0xc0*0xc0%0xc0)0xc00x0a0xc00x140xc00x090xc00x130x0090x0080x0030x0020xc00x050xc00x0f0xc00x040xc00x0e0x000x9d0x000x9c0x00=0x00<0x0050x00/0x000xff0x010x000x000x7f0x000x0a0x000x120x000x100x000x170x000x180x000x190x010x000x010x010x010x020x010x030x010x040x000x0b0x000x020x010x000x000x0d0x00(0x00&0x040x030x050x030x060x030x080x040x080x050x080x060x080x090x080x0a0x080x0b0x040x010x050x010x060x010x040x020x030x030x030x010x030x020x020x030x020x010x020x020x0020x00(0x00&0x040x030x050x030x060x030x080x040x080x050x080x060x080x090x080x0a0x080x0b0x040x010x050x010x060x010x040x020x030x030x030x010x030x020x020x030x020x010x020x020x000x170x000x000x00+0x000x030x020x030x03...]中发现无效的字符串, HTTP 方法名必须是有效的符号.
		at org.apache.coyote.http11.Http11InputBuffer.parseRequestLine(Http11InputBuffer.java:407)
		at org.apache.coyote.http11.Http11Processor.service(Http11Processor.java:263)
		at org.apache.coyote.AbstractProcessorLight.process(AbstractProcessorLight.java:63)
		at org.apache.coyote.AbstractProtocol$ConnectionHandler.process(AbstractProtocol.java:928)
		at org.apache.tomcat.util.net.NioEndpoint$SocketProcessor.doRun(NioEndpoint.java:1794)
		at org.apache.tomcat.util.net.SocketProcessorBase.run(SocketProcessorBase.java:52)
		at org.apache.tomcat.util.threads.ThreadPoolExecutor.runWorker(ThreadPoolExecutor.java:1191)
		at org.apache.tomcat.util.threads.ThreadPoolExecutor$Worker.run(ThreadPoolExecutor.java:659)
		at org.apache.tomcat.util.threads.TaskThread$WrappingRunnable.run(TaskThread.java:61)
		at java.base/java.lang.Thread.run(Thread.java:1583)
10-Feb-2024 08:30:32.946 信息 [http-nio-80-exec-232] org.apache.coyote.http11.Http11Processor.service 解析 HTTP 请求 header 错误
 注意：HTTP请求解析错误的进一步发生将记录在DEBUG级别。
	java.lang.IllegalArgumentException: 在方法名称[0x030x000x00/*0xe00x000x000x000x000x00Cookie: ]中发现无效的字符串, HTTP 方法名必须是有效的符号.
		at org.apache.coyote.http11.Http11InputBuffer.parseRequestLine(Http11InputBuffer.java:407)
		at org.apache.coyote.http11.Http11Processor.service(Http11Processor.java:263)
		at org.apache.coyote.AbstractProcessorLight.process(AbstractProcessorLight.java:63)
		at org.apache.coyote.AbstractProtocol$ConnectionHandler.process(AbstractProtocol.java:928)
		at org.apache.tomcat.util.net.NioEndpoint$SocketProcessor.doRun(NioEndpoint.java:1794)
		at org.apache.tomcat.util.net.SocketProcessorBase.run(SocketProcessorBase.java:52)
		at org.apache.tomcat.util.threads.ThreadPoolExecutor.runWorker(ThreadPoolExecutor.java:1191)
		at org.apache.tomcat.util.threads.ThreadPoolExecutor$Worker.run(ThreadPoolExecutor.java:659)
		at org.apache.tomcat.util.threads.TaskThread$WrappingRunnable.run(TaskThread.java:61)
		at java.base/java.lang.Thread.run(Thread.java:1583)
10-Feb-2024 11:36:41.923 信息 [http-nio-80-exec-265] org.apache.coyote.http11.Http11Processor.service 解析 HTTP 请求 header 错误
 注意：HTTP请求解析错误的进一步发生将记录在DEBUG级别。
	java.lang.IllegalArgumentException: 在方法名称[0x160x030x010x000xee0x010x000x000xea0x030x030xb20xf8i0xc50x970xab(0x0d0xda0x1b;20xbeTH0x850xb90x1f0xc0v/E0xec0x850xdf0x130x990x914$R0x96 ]中发现无效的字符串, HTTP 方法名必须是有效的符号.
		at org.apache.coyote.http11.Http11InputBuffer.parseRequestLine(Http11InputBuffer.java:407)
		at org.apache.coyote.http11.Http11Processor.service(Http11Processor.java:263)
		at org.apache.coyote.AbstractProcessorLight.process(AbstractProcessorLight.java:63)
		at org.apache.coyote.AbstractProtocol$ConnectionHandler.process(AbstractProtocol.java:928)
		at org.apache.tomcat.util.net.NioEndpoint$SocketProcessor.doRun(NioEndpoint.java:1794)
		at org.apache.tomcat.util.net.SocketProcessorBase.run(SocketProcessorBase.java:52)
		at org.apache.tomcat.util.threads.ThreadPoolExecutor.runWorker(ThreadPoolExecutor.java:1191)
		at org.apache.tomcat.util.threads.ThreadPoolExecutor$Worker.run(ThreadPoolExecutor.java:659)
		at org.apache.tomcat.util.threads.TaskThread$WrappingRunnable.run(TaskThread.java:61)
		at java.base/java.lang.Thread.run(Thread.java:1583)
10-Feb-2024 17:27:47.955 信息 [http-nio-80-exec-298] org.apache.coyote.http11.Http11Processor.service 解析 HTTP 请求 header 错误
 注意：HTTP请求解析错误的进一步发生将记录在DEBUG级别。
	java.lang.IllegalArgumentException: 在方法名称[0x160x030x010x00{0x010x000x00w0x030x030xee0x9a90x190xde0xab=0xdd0xacB20x070xf0]`0xaf-0x0eT0xd6/\0xf68k1)h0x82w0x9d0xca0x000x000x1a0xc0/0xc0+0xc00x110xc00x070xc00x130xc00x090xc00x140xc00x0a0x000x050x00/0x0050xc00x120x000x0a0x010x000x0040x000x050x000x050x010x000x000x000x000x000x0a0x000x080x000x060x000x170x000x180x000x190x000x0b0x000x020x010x000x000x0d0x000x100x000x0e0x040x010x040x030x020x010x020x030x040x010x050x010x060x010xff0x010x000x010x00...]中发现无效的字符串, HTTP 方法名必须是有效的符号.
		at org.apache.coyote.http11.Http11InputBuffer.parseRequestLine(Http11InputBuffer.java:407)
		at org.apache.coyote.http11.Http11Processor.service(Http11Processor.java:263)
		at org.apache.coyote.AbstractProcessorLight.process(AbstractProcessorLight.java:63)
		at org.apache.coyote.AbstractProtocol$ConnectionHandler.process(AbstractProtocol.java:928)
		at org.apache.tomcat.util.net.NioEndpoint$SocketProcessor.doRun(NioEndpoint.java:1794)
		at org.apache.tomcat.util.net.SocketProcessorBase.run(SocketProcessorBase.java:52)
		at org.apache.tomcat.util.threads.ThreadPoolExecutor.runWorker(ThreadPoolExecutor.java:1191)
		at org.apache.tomcat.util.threads.ThreadPoolExecutor$Worker.run(ThreadPoolExecutor.java:659)
		at org.apache.tomcat.util.threads.TaskThread$WrappingRunnable.run(TaskThread.java:61)
		at java.base/java.lang.Thread.run(Thread.java:1583)
10-Feb-2024 20:30:19.316 信息 [http-nio-80-exec-312] org.apache.coyote.http11.Http11Processor.service 解析 HTTP 请求 header 错误
 注意：HTTP请求解析错误的进一步发生将记录在DEBUG级别。
	java.lang.IllegalArgumentException: 在方法名称[0x030x000x00/*0xe00x000x000x000x000x00Cookie: ]中发现无效的字符串, HTTP 方法名必须是有效的符号.
		at org.apache.coyote.http11.Http11InputBuffer.parseRequestLine(Http11InputBuffer.java:407)
		at org.apache.coyote.http11.Http11Processor.service(Http11Processor.java:263)
		at org.apache.coyote.AbstractProcessorLight.process(AbstractProcessorLight.java:63)
		at org.apache.coyote.AbstractProtocol$ConnectionHandler.process(AbstractProtocol.java:928)
		at org.apache.tomcat.util.net.NioEndpoint$SocketProcessor.doRun(NioEndpoint.java:1794)
		at org.apache.tomcat.util.net.SocketProcessorBase.run(SocketProcessorBase.java:52)
		at org.apache.tomcat.util.threads.ThreadPoolExecutor.runWorker(ThreadPoolExecutor.java:1191)
		at org.apache.tomcat.util.threads.ThreadPoolExecutor$Worker.run(ThreadPoolExecutor.java:659)
		at org.apache.tomcat.util.threads.TaskThread$WrappingRunnable.run(TaskThread.java:61)
		at java.base/java.lang.Thread.run(Thread.java:1583)
