08-Mar-2024 00:04:30.175 信息 [http-nio-80-exec-465] org.apache.coyote.http11.Http11Processor.service 解析 HTTP 请求 header 错误
 注意：HTTP请求解析错误的进一步发生将记录在DEBUG级别。
	java.lang.IllegalArgumentException: 在方法名称[0x160x030x010x000xee0x010x000x000xea0x030x03"60xdd/0x8e0xb2p0xd10x0a@0x9d0x9a0x10FX0xf50xf70xef0x1c0x820xaf0xae0xbd0xbb0xd60xdd0xff0x0d?0xbb0xb30xe0 ]中发现无效的字符串, HTTP 方法名必须是有效的符号.
		at org.apache.coyote.http11.Http11InputBuffer.parseRequestLine(Http11InputBuffer.java:407)
		at org.apache.coyote.http11.Http11Processor.service(Http11Processor.java:263)
		at org.apache.coyote.AbstractProcessorLight.process(AbstractProcessorLight.java:63)
		at org.apache.coyote.AbstractProtocol$ConnectionHandler.process(AbstractProtocol.java:928)
		at org.apache.tomcat.util.net.NioEndpoint$SocketProcessor.doRun(NioEndpoint.java:1794)
		at org.apache.tomcat.util.net.SocketProcessorBase.run(SocketProcessorBase.java:52)
		at org.apache.tomcat.util.threads.ThreadPoolExecutor.runWorker(ThreadPoolExecutor.java:1191)
		at org.apache.tomcat.util.threads.ThreadPoolExecutor$Worker.run(ThreadPoolExecutor.java:659)
		at org.apache.tomcat.util.threads.TaskThread$WrappingRunnable.run(TaskThread.java:61)
		at java.base/java.lang.Thread.run(Thread.java:1583)
08-Mar-2024 00:34:23.915 信息 [http-nio-80-exec-467] org.apache.coyote.http11.Http11Processor.service 解析 HTTP 请求 header 错误
 注意：HTTP请求解析错误的进一步发生将记录在DEBUG级别。
	java.lang.IllegalArgumentException: 在方法名称[0x160x030x010x000xee0x010x000x000xea0x030x03y0xb990x9a0xff?=0x1e0xbet0xd90xcd{I#0xfd0xc60x16IG>0x800x93.0x0e0xc0:0xb4|0xb00xa1] ]中发现无效的字符串, HTTP 方法名必须是有效的符号.
		at org.apache.coyote.http11.Http11InputBuffer.parseRequestLine(Http11InputBuffer.java:407)
		at org.apache.coyote.http11.Http11Processor.service(Http11Processor.java:263)
		at org.apache.coyote.AbstractProcessorLight.process(AbstractProcessorLight.java:63)
		at org.apache.coyote.AbstractProtocol$ConnectionHandler.process(AbstractProtocol.java:928)
		at org.apache.tomcat.util.net.NioEndpoint$SocketProcessor.doRun(NioEndpoint.java:1794)
		at org.apache.tomcat.util.net.SocketProcessorBase.run(SocketProcessorBase.java:52)
		at org.apache.tomcat.util.threads.ThreadPoolExecutor.runWorker(ThreadPoolExecutor.java:1191)
		at org.apache.tomcat.util.threads.ThreadPoolExecutor$Worker.run(ThreadPoolExecutor.java:659)
		at org.apache.tomcat.util.threads.TaskThread$WrappingRunnable.run(TaskThread.java:61)
		at java.base/java.lang.Thread.run(Thread.java:1583)
08-Mar-2024 07:49:28.601 信息 [http-nio-80-exec-512] org.apache.coyote.http11.Http11Processor.service 解析 HTTP 请求 header 错误
 注意：HTTP请求解析错误的进一步发生将记录在DEBUG级别。
	java.lang.IllegalArgumentException: 在方法名称[0x030x000x00/*0xe00x000x000x000x000x00Cookie: ]中发现无效的字符串, HTTP 方法名必须是有效的符号.
		at org.apache.coyote.http11.Http11InputBuffer.parseRequestLine(Http11InputBuffer.java:407)
		at org.apache.coyote.http11.Http11Processor.service(Http11Processor.java:263)
		at org.apache.coyote.AbstractProcessorLight.process(AbstractProcessorLight.java:63)
		at org.apache.coyote.AbstractProtocol$ConnectionHandler.process(AbstractProtocol.java:928)
		at org.apache.tomcat.util.net.NioEndpoint$SocketProcessor.doRun(NioEndpoint.java:1794)
		at org.apache.tomcat.util.net.SocketProcessorBase.run(SocketProcessorBase.java:52)
		at org.apache.tomcat.util.threads.ThreadPoolExecutor.runWorker(ThreadPoolExecutor.java:1191)
		at org.apache.tomcat.util.threads.ThreadPoolExecutor$Worker.run(ThreadPoolExecutor.java:659)
		at org.apache.tomcat.util.threads.TaskThread$WrappingRunnable.run(TaskThread.java:61)
		at java.base/java.lang.Thread.run(Thread.java:1583)
