16-Mar-2024 05:42:55.406 信息 [http-nio-80-exec-1497] org.apache.coyote.http11.Http11Processor.service 解析 HTTP 请求 header 错误
 注意：HTTP请求解析错误的进一步发生将记录在DEBUG级别。
	java.lang.IllegalArgumentException: 在方法名称[0x160x030x030x010x020x010x000x000xfe0x030x030xc3s0x90Y0xech0xf40x1f0xd80xb5H0xce0xea8?D0x8a\0x960x100xf5J0x0d0x990xe4Y0xef0x060x860xb50xb30xc30x000x00V0xc0,0xc0+0xc000xc0/0x000x9f0x000xa30x000x9e0x000xa20xc0$0xc0(0xc0#0xc0'0x00k0x00j0x00g0x00@0xc0.0xc020xc0-0xc010xc0&0xc0*0xc0%0xc0)0xc00x0a0xc00x140xc00x090xc00x130x0090x0080x0030x0020xc00x050xc00x0f0xc00x040xc00x0e0x000x9d0x000x9c0x00=0x00<0x0050x00/0x000xff0x010x000x000x7f0x000x0a0x000x120x000x100x000x170x000x180x000x190x010x000x010x010x010x020x010x030x010x040x000x0b0x000x020x010x000x000x0d0x00(0x00&0x040x030x050x030x060x030x080x040x080x050x080x060x080x090x080x0a0x080x0b0x040x010x050x010x060x010x040x020x030x030x030x010x030x020x020x030x020x010x020x020x0020x00(0x00&0x040x030x050x030x060x030x080x040x080x050x080x060x080x090x080x0a0x080x0b0x040x010x050x010x060x010x040x020x030x030x030x010x030x020x020x030x020x010x020x020x000x170x000x000x00+0x000x030x020x030x03...]中发现无效的字符串, HTTP 方法名必须是有效的符号.
		at org.apache.coyote.http11.Http11InputBuffer.parseRequestLine(Http11InputBuffer.java:407)
		at org.apache.coyote.http11.Http11Processor.service(Http11Processor.java:263)
		at org.apache.coyote.AbstractProcessorLight.process(AbstractProcessorLight.java:63)
		at org.apache.coyote.AbstractProtocol$ConnectionHandler.process(AbstractProtocol.java:928)
		at org.apache.tomcat.util.net.NioEndpoint$SocketProcessor.doRun(NioEndpoint.java:1794)
		at org.apache.tomcat.util.net.SocketProcessorBase.run(SocketProcessorBase.java:52)
		at org.apache.tomcat.util.threads.ThreadPoolExecutor.runWorker(ThreadPoolExecutor.java:1191)
		at org.apache.tomcat.util.threads.ThreadPoolExecutor$Worker.run(ThreadPoolExecutor.java:659)
		at org.apache.tomcat.util.threads.TaskThread$WrappingRunnable.run(TaskThread.java:61)
		at java.base/java.lang.Thread.run(Thread.java:1583)
16-Mar-2024 15:17:04.501 信息 [http-nio-80-exec-1546] org.apache.coyote.http11.Http11Processor.service 解析 HTTP 请求 header 错误
 注意：HTTP请求解析错误的进一步发生将记录在DEBUG级别。
	java.lang.IllegalArgumentException: 在方法名称[0x160x030x010x010x070x010x000x010x030x030x030xf8K0xb400xe7lQi0x08[0xfd.0x950x040xe10xbb&0xc30xfe0xbd0x95'0xd30x910x1c1&z0x0f0x80;J ]中发现无效的字符串, HTTP 方法名必须是有效的符号.
		at org.apache.coyote.http11.Http11InputBuffer.parseRequestLine(Http11InputBuffer.java:407)
		at org.apache.coyote.http11.Http11Processor.service(Http11Processor.java:263)
		at org.apache.coyote.AbstractProcessorLight.process(AbstractProcessorLight.java:63)
		at org.apache.coyote.AbstractProtocol$ConnectionHandler.process(AbstractProtocol.java:928)
		at org.apache.tomcat.util.net.NioEndpoint$SocketProcessor.doRun(NioEndpoint.java:1794)
		at org.apache.tomcat.util.net.SocketProcessorBase.run(SocketProcessorBase.java:52)
		at org.apache.tomcat.util.threads.ThreadPoolExecutor.runWorker(ThreadPoolExecutor.java:1191)
		at org.apache.tomcat.util.threads.ThreadPoolExecutor$Worker.run(ThreadPoolExecutor.java:659)
		at org.apache.tomcat.util.threads.TaskThread$WrappingRunnable.run(TaskThread.java:61)
		at java.base/java.lang.Thread.run(Thread.java:1583)
