01-Mar-2024 04:14:52.247 信息 [http-nio-80-exec-4] org.apache.coyote.http11.Http11Processor.service 解析 HTTP 请求 header 错误
 注意：HTTP请求解析错误的进一步发生将记录在DEBUG级别。
	java.lang.IllegalArgumentException: 在方法名称[0x160x030x010x000xee0x010x000x000xea0x030x03D0x9b0xcf:0x990x800xa10x82m0x030xfff0xd1e0x820xdb0xeaza0x1e0x84?0xb4<q0x160xa00xe60x920x8e0x120xba ]中发现无效的字符串, HTTP 方法名必须是有效的符号.
		at org.apache.coyote.http11.Http11InputBuffer.parseRequestLine(Http11InputBuffer.java:407)
		at org.apache.coyote.http11.Http11Processor.service(Http11Processor.java:263)
		at org.apache.coyote.AbstractProcessorLight.process(AbstractProcessorLight.java:63)
		at org.apache.coyote.AbstractProtocol$ConnectionHandler.process(AbstractProtocol.java:928)
		at org.apache.tomcat.util.net.NioEndpoint$SocketProcessor.doRun(NioEndpoint.java:1794)
		at org.apache.tomcat.util.net.SocketProcessorBase.run(SocketProcessorBase.java:52)
		at org.apache.tomcat.util.threads.ThreadPoolExecutor.runWorker(ThreadPoolExecutor.java:1191)
		at org.apache.tomcat.util.threads.ThreadPoolExecutor$Worker.run(ThreadPoolExecutor.java:659)
		at org.apache.tomcat.util.threads.TaskThread$WrappingRunnable.run(TaskThread.java:61)
		at java.base/java.lang.Thread.run(Thread.java:1583)
01-Mar-2024 11:51:54.468 严重 [http-nio-80-exec-5] org.apache.catalina.core.StandardWrapperValve.invoke 在路径为[]的上下文中，Servlet[PhpCGIServlet]的Servlet.service（）引发了具有根本原因的异常[PHP FastCGI instance failed.]
	java.io.IOException: 管道的另一端上无任何进程。
		at java.base/java.io.RandomAccessFile.readBytes0(Native Method)
		at java.base/java.io.RandomAccessFile.readBytes(RandomAccessFile.java:400)
		at java.base/java.io.RandomAccessFile.read(RandomAccessFile.java:434)
		at php.java.bridge.http.RandomAccessFileInputStream.read(RandomAccessFileInputStream.java:74)
		at php.java.bridge.http.FCGIConnectionInputStream.read(FCGIConnectionInputStream.java:58)
		at php.java.bridge.http.FCGIInputStream.doRead(FCGIInputStream.java:65)
		at php.java.bridge.http.FCGIInputStream.read(FCGIInputStream.java:54)
		at php.java.servlet.fastcgi.FastCGIServlet.parseBody(FastCGIServlet.java:362)
		at php.java.servlet.fastcgi.FastCGIServlet.execute(FastCGIServlet.java:433)
		at php.java.servlet.fastcgi.FastCGIServlet.handle(FastCGIServlet.java:481)
		at php.java.servlet.fastcgi.FastCGIServlet.doPost(FastCGIServlet.java:509)
		at javax.servlet.http.HttpServlet.service(HttpServlet.java:555)
		at javax.servlet.http.HttpServlet.service(HttpServlet.java:623)
		at org.apache.catalina.core.ApplicationFilterChain.internalDoFilter(ApplicationFilterChain.java:209)
		at org.apache.catalina.core.ApplicationFilterChain.doFilter(ApplicationFilterChain.java:153)
		at org.apache.tomcat.websocket.server.WsFilter.doFilter(WsFilter.java:51)
		at org.apache.catalina.core.ApplicationFilterChain.internalDoFilter(ApplicationFilterChain.java:178)
		at org.apache.catalina.core.ApplicationFilterChain.doFilter(ApplicationFilterChain.java:153)
		at org.apache.catalina.core.StandardWrapperValve.invoke(StandardWrapperValve.java:168)
		at org.apache.catalina.core.StandardContextValve.invoke(StandardContextValve.java:90)
		at org.apache.catalina.authenticator.AuthenticatorBase.invoke(AuthenticatorBase.java:481)
		at org.apache.catalina.core.StandardHostValve.invoke(StandardHostValve.java:130)
		at org.apache.catalina.valves.ErrorReportValve.invoke(ErrorReportValve.java:93)
		at org.apache.catalina.valves.AbstractAccessLogValve.invoke(AbstractAccessLogValve.java:670)
		at org.apache.catalina.core.StandardEngineValve.invoke(StandardEngineValve.java:74)
		at org.apache.catalina.connector.CoyoteAdapter.service(CoyoteAdapter.java:342)
		at org.apache.coyote.http11.Http11Processor.service(Http11Processor.java:390)
		at org.apache.coyote.AbstractProcessorLight.process(AbstractProcessorLight.java:63)
		at org.apache.coyote.AbstractProtocol$ConnectionHandler.process(AbstractProtocol.java:928)
		at org.apache.tomcat.util.net.NioEndpoint$SocketProcessor.doRun(NioEndpoint.java:1794)
		at org.apache.tomcat.util.net.SocketProcessorBase.run(SocketProcessorBase.java:52)
		at org.apache.tomcat.util.threads.ThreadPoolExecutor.runWorker(ThreadPoolExecutor.java:1191)
		at org.apache.tomcat.util.threads.ThreadPoolExecutor$Worker.run(ThreadPoolExecutor.java:659)
		at org.apache.tomcat.util.threads.TaskThread$WrappingRunnable.run(TaskThread.java:61)
		at java.base/java.lang.Thread.run(Thread.java:1583)
01-Mar-2024 11:56:48.476 严重 [http-nio-80-exec-1] org.apache.catalina.core.StandardWrapperValve.invoke 在路径为[]的上下文中，Servlet[PhpCGIServlet]的Servlet.service（）引发了具有根本原因的异常[java.lang.RuntimeException: PHP Parse error:  syntax error, unexpected token ">", expecting end of file in C:\Users\Administrator\Desktop\apache-tomcat-9.0.85\webapps\web\ROOT\login.php on line 21
]
	java.lang.RuntimeException: PHP Parse error:  syntax error, unexpected token ">", expecting end of file in C:\Users\Administrator\Desktop\apache-tomcat-9.0.85\webapps\web\ROOT\login.php on line 21

		at php.java.servlet.fastcgi.FastCGIServlet.parseBody(FastCGIServlet.java:409)
		at php.java.servlet.fastcgi.FastCGIServlet.execute(FastCGIServlet.java:433)
		at php.java.servlet.fastcgi.FastCGIServlet.handle(FastCGIServlet.java:481)
		at php.java.servlet.fastcgi.FastCGIServlet.doPost(FastCGIServlet.java:509)
		at javax.servlet.http.HttpServlet.service(HttpServlet.java:555)
		at javax.servlet.http.HttpServlet.service(HttpServlet.java:623)
		at org.apache.catalina.core.ApplicationFilterChain.internalDoFilter(ApplicationFilterChain.java:209)
		at org.apache.catalina.core.ApplicationFilterChain.doFilter(ApplicationFilterChain.java:153)
		at org.apache.tomcat.websocket.server.WsFilter.doFilter(WsFilter.java:51)
		at org.apache.catalina.core.ApplicationFilterChain.internalDoFilter(ApplicationFilterChain.java:178)
		at org.apache.catalina.core.ApplicationFilterChain.doFilter(ApplicationFilterChain.java:153)
		at org.apache.catalina.core.StandardWrapperValve.invoke(StandardWrapperValve.java:168)
		at org.apache.catalina.core.StandardContextValve.invoke(StandardContextValve.java:90)
		at org.apache.catalina.authenticator.AuthenticatorBase.invoke(AuthenticatorBase.java:481)
		at org.apache.catalina.core.StandardHostValve.invoke(StandardHostValve.java:130)
		at org.apache.catalina.valves.ErrorReportValve.invoke(ErrorReportValve.java:93)
		at org.apache.catalina.valves.AbstractAccessLogValve.invoke(AbstractAccessLogValve.java:670)
		at org.apache.catalina.core.StandardEngineValve.invoke(StandardEngineValve.java:74)
		at org.apache.catalina.connector.CoyoteAdapter.service(CoyoteAdapter.java:342)
		at org.apache.coyote.http11.Http11Processor.service(Http11Processor.java:390)
		at org.apache.coyote.AbstractProcessorLight.process(AbstractProcessorLight.java:63)
		at org.apache.coyote.AbstractProtocol$ConnectionHandler.process(AbstractProtocol.java:928)
		at org.apache.tomcat.util.net.NioEndpoint$SocketProcessor.doRun(NioEndpoint.java:1794)
		at org.apache.tomcat.util.net.SocketProcessorBase.run(SocketProcessorBase.java:52)
		at org.apache.tomcat.util.threads.ThreadPoolExecutor.runWorker(ThreadPoolExecutor.java:1191)
		at org.apache.tomcat.util.threads.ThreadPoolExecutor$Worker.run(ThreadPoolExecutor.java:659)
		at org.apache.tomcat.util.threads.TaskThread$WrappingRunnable.run(TaskThread.java:61)
		at java.base/java.lang.Thread.run(Thread.java:1583)
01-Mar-2024 15:43:47.169 严重 [http-nio-80-exec-7] org.apache.catalina.core.StandardWrapperValve.invoke 在路径为[]的上下文中，Servlet[PhpCGIServlet]的Servlet.service（）引发了具有根本原因的异常[PHP FastCGI instance failed.]
	java.io.IOException: 管道的另一端上无任何进程。
		at java.base/java.io.RandomAccessFile.readBytes0(Native Method)
		at java.base/java.io.RandomAccessFile.readBytes(RandomAccessFile.java:400)
		at java.base/java.io.RandomAccessFile.read(RandomAccessFile.java:434)
		at php.java.bridge.http.RandomAccessFileInputStream.read(RandomAccessFileInputStream.java:74)
		at php.java.bridge.http.FCGIConnectionInputStream.read(FCGIConnectionInputStream.java:58)
		at php.java.bridge.http.FCGIInputStream.doRead(FCGIInputStream.java:65)
		at php.java.bridge.http.FCGIInputStream.read(FCGIInputStream.java:54)
		at php.java.servlet.fastcgi.FastCGIServlet.parseBody(FastCGIServlet.java:362)
		at php.java.servlet.fastcgi.FastCGIServlet.execute(FastCGIServlet.java:433)
		at php.java.servlet.fastcgi.FastCGIServlet.handle(FastCGIServlet.java:481)
		at php.java.servlet.fastcgi.FastCGIServlet.doGet(FastCGIServlet.java:521)
		at javax.servlet.http.HttpServlet.service(HttpServlet.java:529)
		at javax.servlet.http.HttpServlet.service(HttpServlet.java:623)
		at org.apache.catalina.core.ApplicationFilterChain.internalDoFilter(ApplicationFilterChain.java:209)
		at org.apache.catalina.core.ApplicationFilterChain.doFilter(ApplicationFilterChain.java:153)
		at org.apache.tomcat.websocket.server.WsFilter.doFilter(WsFilter.java:51)
		at org.apache.catalina.core.ApplicationFilterChain.internalDoFilter(ApplicationFilterChain.java:178)
		at org.apache.catalina.core.ApplicationFilterChain.doFilter(ApplicationFilterChain.java:153)
		at org.apache.catalina.core.StandardWrapperValve.invoke(StandardWrapperValve.java:168)
		at org.apache.catalina.core.StandardContextValve.invoke(StandardContextValve.java:90)
		at org.apache.catalina.authenticator.AuthenticatorBase.invoke(AuthenticatorBase.java:481)
		at org.apache.catalina.core.StandardHostValve.invoke(StandardHostValve.java:130)
		at org.apache.catalina.valves.ErrorReportValve.invoke(ErrorReportValve.java:93)
		at org.apache.catalina.valves.AbstractAccessLogValve.invoke(AbstractAccessLogValve.java:670)
		at org.apache.catalina.core.StandardEngineValve.invoke(StandardEngineValve.java:74)
		at org.apache.catalina.connector.CoyoteAdapter.service(CoyoteAdapter.java:342)
		at org.apache.coyote.http11.Http11Processor.service(Http11Processor.java:390)
		at org.apache.coyote.AbstractProcessorLight.process(AbstractProcessorLight.java:63)
		at org.apache.coyote.AbstractProtocol$ConnectionHandler.process(AbstractProtocol.java:928)
		at org.apache.tomcat.util.net.NioEndpoint$SocketProcessor.doRun(NioEndpoint.java:1794)
		at org.apache.tomcat.util.net.SocketProcessorBase.run(SocketProcessorBase.java:52)
		at org.apache.tomcat.util.threads.ThreadPoolExecutor.runWorker(ThreadPoolExecutor.java:1191)
		at org.apache.tomcat.util.threads.ThreadPoolExecutor$Worker.run(ThreadPoolExecutor.java:659)
		at org.apache.tomcat.util.threads.TaskThread$WrappingRunnable.run(TaskThread.java:61)
		at java.base/java.lang.Thread.run(Thread.java:1583)
01-Mar-2024 15:43:47.203 严重 [http-nio-80-exec-4] org.apache.catalina.core.StandardWrapperValve.invoke 在路径为[]的上下文中，Servlet[PhpCGIServlet]的Servlet.service（）引发了具有根本原因的异常[PHP FastCGI instance failed.]
	java.io.IOException: 管道的另一端上无任何进程。
		at java.base/java.io.RandomAccessFile.writeBytes0(Native Method)
		at java.base/java.io.RandomAccessFile.writeBytes(RandomAccessFile.java:572)
		at java.base/java.io.RandomAccessFile.write(RandomAccessFile.java:602)
		at php.java.bridge.http.RandomAccessFileOutputStream.write(RandomAccessFileOutputStream.java:62)
		at java.base/java.io.BufferedOutputStream.flushBuffer(BufferedOutputStream.java:125)
		at java.base/java.io.BufferedOutputStream.implFlush(BufferedOutputStream.java:252)
		at java.base/java.io.BufferedOutputStream.flush(BufferedOutputStream.java:240)
		at php.java.bridge.http.FCGIConnectionOutputStream.flush(FCGIConnectionOutputStream.java:85)
		at php.java.bridge.http.FCGIConnectionOutputStream.close(FCGIConnectionOutputStream.java:71)
		at php.java.servlet.fastcgi.FastCGIServlet.parseBody(FastCGIServlet.java:357)
		at php.java.servlet.fastcgi.FastCGIServlet.execute(FastCGIServlet.java:433)
		at php.java.servlet.fastcgi.FastCGIServlet.handle(FastCGIServlet.java:481)
		at php.java.servlet.fastcgi.FastCGIServlet.doGet(FastCGIServlet.java:521)
		at javax.servlet.http.HttpServlet.service(HttpServlet.java:529)
		at javax.servlet.http.HttpServlet.service(HttpServlet.java:623)
		at org.apache.catalina.core.ApplicationFilterChain.internalDoFilter(ApplicationFilterChain.java:209)
		at org.apache.catalina.core.ApplicationFilterChain.doFilter(ApplicationFilterChain.java:153)
		at org.apache.tomcat.websocket.server.WsFilter.doFilter(WsFilter.java:51)
		at org.apache.catalina.core.ApplicationFilterChain.internalDoFilter(ApplicationFilterChain.java:178)
		at org.apache.catalina.core.ApplicationFilterChain.doFilter(ApplicationFilterChain.java:153)
		at org.apache.catalina.core.StandardWrapperValve.invoke(StandardWrapperValve.java:168)
		at org.apache.catalina.core.StandardContextValve.invoke(StandardContextValve.java:90)
		at org.apache.catalina.authenticator.AuthenticatorBase.invoke(AuthenticatorBase.java:481)
		at org.apache.catalina.core.StandardHostValve.invoke(StandardHostValve.java:130)
		at org.apache.catalina.valves.ErrorReportValve.invoke(ErrorReportValve.java:93)
		at org.apache.catalina.valves.AbstractAccessLogValve.invoke(AbstractAccessLogValve.java:670)
		at org.apache.catalina.core.StandardEngineValve.invoke(StandardEngineValve.java:74)
		at org.apache.catalina.connector.CoyoteAdapter.service(CoyoteAdapter.java:342)
		at org.apache.coyote.http11.Http11Processor.service(Http11Processor.java:390)
		at org.apache.coyote.AbstractProcessorLight.process(AbstractProcessorLight.java:63)
		at org.apache.coyote.AbstractProtocol$ConnectionHandler.process(AbstractProtocol.java:928)
		at org.apache.tomcat.util.net.NioEndpoint$SocketProcessor.doRun(NioEndpoint.java:1794)
		at org.apache.tomcat.util.net.SocketProcessorBase.run(SocketProcessorBase.java:52)
		at org.apache.tomcat.util.threads.ThreadPoolExecutor.runWorker(ThreadPoolExecutor.java:1191)
		at org.apache.tomcat.util.threads.ThreadPoolExecutor$Worker.run(ThreadPoolExecutor.java:659)
		at org.apache.tomcat.util.threads.TaskThread$WrappingRunnable.run(TaskThread.java:61)
		at java.base/java.lang.Thread.run(Thread.java:1583)
01-Mar-2024 17:55:27.593 信息 [http-nio-80-exec-6] org.apache.coyote.http11.Http11Processor.service 解析 HTTP 请求 header 错误
 注意：HTTP请求解析错误的进一步发生将记录在DEBUG级别。
	java.lang.IllegalArgumentException: 在方法名称[0x160x030x010x000xee0x010x000x000xea0x030x030xcf0xe10xe6E0xfcQ0xd8Z0xd7v0x1c>K0xb50x9a0x8a0x05(0xf80xcb0xfdvI0xde0x990xdf)?0x940xe0N0x8d ]中发现无效的字符串, HTTP 方法名必须是有效的符号.
		at org.apache.coyote.http11.Http11InputBuffer.parseRequestLine(Http11InputBuffer.java:407)
		at org.apache.coyote.http11.Http11Processor.service(Http11Processor.java:263)
		at org.apache.coyote.AbstractProcessorLight.process(AbstractProcessorLight.java:63)
		at org.apache.coyote.AbstractProtocol$ConnectionHandler.process(AbstractProtocol.java:928)
		at org.apache.tomcat.util.net.NioEndpoint$SocketProcessor.doRun(NioEndpoint.java:1794)
		at org.apache.tomcat.util.net.SocketProcessorBase.run(SocketProcessorBase.java:52)
		at org.apache.tomcat.util.threads.ThreadPoolExecutor.runWorker(ThreadPoolExecutor.java:1191)
		at org.apache.tomcat.util.threads.ThreadPoolExecutor$Worker.run(ThreadPoolExecutor.java:659)
		at org.apache.tomcat.util.threads.TaskThread$WrappingRunnable.run(TaskThread.java:61)
		at java.base/java.lang.Thread.run(Thread.java:1583)
