07-Feb-2024 00:41:15.000 信息 [http-nio-80-exec-4] org.apache.coyote.http11.Http11Processor.service 解析 HTTP 请求 header 错误
 注意：HTTP请求解析错误的进一步发生将记录在DEBUG级别。
	java.lang.IllegalArgumentException: 在方法名称[0x030x000x00/*0xe00x000x000x000x000x00Cookie: ]中发现无效的字符串, HTTP 方法名必须是有效的符号.
		at org.apache.coyote.http11.Http11InputBuffer.parseRequestLine(Http11InputBuffer.java:407)
		at org.apache.coyote.http11.Http11Processor.service(Http11Processor.java:263)
		at org.apache.coyote.AbstractProcessorLight.process(AbstractProcessorLight.java:63)
		at org.apache.coyote.AbstractProtocol$ConnectionHandler.process(AbstractProtocol.java:928)
		at org.apache.tomcat.util.net.NioEndpoint$SocketProcessor.doRun(NioEndpoint.java:1794)
		at org.apache.tomcat.util.net.SocketProcessorBase.run(SocketProcessorBase.java:52)
		at org.apache.tomcat.util.threads.ThreadPoolExecutor.runWorker(ThreadPoolExecutor.java:1191)
		at org.apache.tomcat.util.threads.ThreadPoolExecutor$Worker.run(ThreadPoolExecutor.java:659)
		at org.apache.tomcat.util.threads.TaskThread$WrappingRunnable.run(TaskThread.java:61)
		at java.base/java.lang.Thread.run(Thread.java:1583)
07-Feb-2024 10:25:24.383 信息 [http-nio-80-exec-10] org.apache.coyote.http11.Http11Processor.service 解析 HTTP 请求 header 错误
 注意：HTTP请求解析错误的进一步发生将记录在DEBUG级别。
	java.lang.IllegalArgumentException: 在方法名称[0xf80xfb"0xe20x000xb3v-0xd40xde0x990xbe<0xf80xe80xae0x17p=0xecOx0x830xc080x970x14f0xdb0x0fI0x96...]中发现无效的字符串, HTTP 方法名必须是有效的符号.
		at org.apache.coyote.http11.Http11InputBuffer.parseRequestLine(Http11InputBuffer.java:407)
		at org.apache.coyote.http11.Http11Processor.service(Http11Processor.java:263)
		at org.apache.coyote.AbstractProcessorLight.process(AbstractProcessorLight.java:63)
		at org.apache.coyote.AbstractProtocol$ConnectionHandler.process(AbstractProtocol.java:928)
		at org.apache.tomcat.util.net.NioEndpoint$SocketProcessor.doRun(NioEndpoint.java:1794)
		at org.apache.tomcat.util.net.SocketProcessorBase.run(SocketProcessorBase.java:52)
		at org.apache.tomcat.util.threads.ThreadPoolExecutor.runWorker(ThreadPoolExecutor.java:1191)
		at org.apache.tomcat.util.threads.ThreadPoolExecutor$Worker.run(ThreadPoolExecutor.java:659)
		at org.apache.tomcat.util.threads.TaskThread$WrappingRunnable.run(TaskThread.java:61)
		at java.base/java.lang.Thread.run(Thread.java:1583)
07-Feb-2024 14:08:06.915 信息 [Catalina-utility-2] org.apache.catalina.startup.HostConfig.undeploy 正在取消部署上下文[]
07-Feb-2024 14:28:19.263 信息 [http-nio-80-exec-6] org.apache.coyote.http11.Http11Processor.service 解析 HTTP 请求 header 错误
 注意：HTTP请求解析错误的进一步发生将记录在DEBUG级别。
	java.lang.IllegalArgumentException: 在方法名称[0x030x000x00/*0xe00x000x000x000x000x00Cookie: ]中发现无效的字符串, HTTP 方法名必须是有效的符号.
		at org.apache.coyote.http11.Http11InputBuffer.parseRequestLine(Http11InputBuffer.java:407)
		at org.apache.coyote.http11.Http11Processor.service(Http11Processor.java:263)
		at org.apache.coyote.AbstractProcessorLight.process(AbstractProcessorLight.java:63)
		at org.apache.coyote.AbstractProtocol$ConnectionHandler.process(AbstractProtocol.java:928)
		at org.apache.tomcat.util.net.NioEndpoint$SocketProcessor.doRun(NioEndpoint.java:1794)
		at org.apache.tomcat.util.net.SocketProcessorBase.run(SocketProcessorBase.java:52)
		at org.apache.tomcat.util.threads.ThreadPoolExecutor.runWorker(ThreadPoolExecutor.java:1191)
		at org.apache.tomcat.util.threads.ThreadPoolExecutor$Worker.run(ThreadPoolExecutor.java:659)
		at org.apache.tomcat.util.threads.TaskThread$WrappingRunnable.run(TaskThread.java:61)
		at java.base/java.lang.Thread.run(Thread.java:1583)
07-Feb-2024 16:36:53.603 信息 [http-nio-80-exec-9] org.apache.coyote.http11.Http11Processor.service 解析 HTTP 请求 header 错误
 注意：HTTP请求解析错误的进一步发生将记录在DEBUG级别。
	java.lang.IllegalArgumentException: 在方法名称[0x160x030x010x010xfc0x010x000x010xf80x030x030x0a ]中发现无效的字符串, HTTP 方法名必须是有效的符号.
		at org.apache.coyote.http11.Http11InputBuffer.parseRequestLine(Http11InputBuffer.java:407)
		at org.apache.coyote.http11.Http11Processor.service(Http11Processor.java:263)
		at org.apache.coyote.AbstractProcessorLight.process(AbstractProcessorLight.java:63)
		at org.apache.coyote.AbstractProtocol$ConnectionHandler.process(AbstractProtocol.java:928)
		at org.apache.tomcat.util.net.NioEndpoint$SocketProcessor.doRun(NioEndpoint.java:1794)
		at org.apache.tomcat.util.net.SocketProcessorBase.run(SocketProcessorBase.java:52)
		at org.apache.tomcat.util.threads.ThreadPoolExecutor.runWorker(ThreadPoolExecutor.java:1191)
		at org.apache.tomcat.util.threads.ThreadPoolExecutor$Worker.run(ThreadPoolExecutor.java:659)
		at org.apache.tomcat.util.threads.TaskThread$WrappingRunnable.run(TaskThread.java:61)
		at java.base/java.lang.Thread.run(Thread.java:1583)
07-Feb-2024 23:03:48.339 信息 [Catalina-utility-2] org.apache.catalina.startup.HostConfig.deployDirectory 把web 应用程序部署到目录 [C:\Users\Administrator\Desktop\apache-tomcat-9.0.85\webapps\web\ROOT]
07-Feb-2024 23:04:55.615 信息 [main] org.apache.catalina.startup.VersionLoggerListener.log Server.服务器版本: Apache Tomcat/9.0.85
07-Feb-2024 23:04:55.674 信息 [main] org.apache.catalina.startup.VersionLoggerListener.log 服务器构建:        Jan 5 2024 08:28:07 UTC
07-Feb-2024 23:04:55.675 信息 [main] org.apache.catalina.startup.VersionLoggerListener.log 服务器版本号:      9.0.85.0
07-Feb-2024 23:04:55.677 信息 [main] org.apache.catalina.startup.VersionLoggerListener.log 操作系统名称:      Windows Server 2022
07-Feb-2024 23:04:55.677 信息 [main] org.apache.catalina.startup.VersionLoggerListener.log OS.版本:           10.0
07-Feb-2024 23:04:55.678 信息 [main] org.apache.catalina.startup.VersionLoggerListener.log 架构:              amd64
07-Feb-2024 23:04:55.678 信息 [main] org.apache.catalina.startup.VersionLoggerListener.log Java 环境变量:     C:\Program Files\Java\jdk-21
07-Feb-2024 23:04:55.679 信息 [main] org.apache.catalina.startup.VersionLoggerListener.log Java虚拟机版本:    21.0.1+12-LTS-29
07-Feb-2024 23:04:55.679 信息 [main] org.apache.catalina.startup.VersionLoggerListener.log JVM.供应商:        Oracle Corporation
07-Feb-2024 23:04:55.679 信息 [main] org.apache.catalina.startup.VersionLoggerListener.log CATALINA_BASE:     C:\Users\Administrator\Desktop\apache-tomcat-9.0.85
07-Feb-2024 23:04:55.680 信息 [main] org.apache.catalina.startup.VersionLoggerListener.log CATALINA_HOME:     C:\Users\Administrator\Desktop\apache-tomcat-9.0.85
07-Feb-2024 23:04:55.683 信息 [main] org.apache.catalina.startup.VersionLoggerListener.log 命令行参数：       --add-opens=java.base/java.lang=ALL-UNNAMED
07-Feb-2024 23:04:55.739 信息 [main] org.apache.catalina.startup.VersionLoggerListener.log 命令行参数：       --add-opens=java.base/java.io=ALL-UNNAMED
07-Feb-2024 23:04:55.742 信息 [main] org.apache.catalina.startup.VersionLoggerListener.log 命令行参数：       --add-opens=java.base/java.util=ALL-UNNAMED
07-Feb-2024 23:04:55.743 信息 [main] org.apache.catalina.startup.VersionLoggerListener.log 命令行参数：       --add-opens=java.base/java.util.concurrent=ALL-UNNAMED
07-Feb-2024 23:04:55.765 信息 [main] org.apache.catalina.startup.VersionLoggerListener.log 命令行参数：       --add-opens=java.rmi/sun.rmi.transport=ALL-UNNAMED
07-Feb-2024 23:04:55.767 信息 [main] org.apache.catalina.startup.VersionLoggerListener.log 命令行参数：       -Djava.util.logging.config.file=C:\Users\Administrator\Desktop\apache-tomcat-9.0.85\conf\logging.properties
07-Feb-2024 23:04:55.767 信息 [main] org.apache.catalina.startup.VersionLoggerListener.log 命令行参数：       -Djava.util.logging.manager=org.apache.juli.ClassLoaderLogManager
07-Feb-2024 23:04:55.768 信息 [main] org.apache.catalina.startup.VersionLoggerListener.log 命令行参数：       -Djdk.tls.ephemeralDHKeySize=2048
07-Feb-2024 23:04:55.769 信息 [main] org.apache.catalina.startup.VersionLoggerListener.log 命令行参数：       -Djava.protocol.handler.pkgs=org.apache.catalina.webresources
07-Feb-2024 23:04:55.770 信息 [main] org.apache.catalina.startup.VersionLoggerListener.log 命令行参数：       -Dignore.endorsed.dirs=
07-Feb-2024 23:04:55.770 信息 [main] org.apache.catalina.startup.VersionLoggerListener.log 命令行参数：       -Dcatalina.base=C:\Users\Administrator\Desktop\apache-tomcat-9.0.85
07-Feb-2024 23:04:55.772 信息 [main] org.apache.catalina.startup.VersionLoggerListener.log 命令行参数：       -Dcatalina.home=C:\Users\Administrator\Desktop\apache-tomcat-9.0.85
07-Feb-2024 23:04:55.773 信息 [main] org.apache.catalina.startup.VersionLoggerListener.log 命令行参数：       -Djava.io.tmpdir=C:\Users\Administrator\Desktop\apache-tomcat-9.0.85\temp
07-Feb-2024 23:04:55.778 信息 [main] org.apache.catalina.core.AprLifecycleListener.lifecycleEvent 使用APR版本[1.7.4]加载了基于APR的Apache Tomcat本机库[1.2.39]。
07-Feb-2024 23:04:55.779 信息 [main] org.apache.catalina.core.AprLifecycleListener.lifecycleEvent APR功能：IPv6[true]、sendfile[true]、accept filters[false]、random[true]、UDS [true]。
07-Feb-2024 23:04:55.780 信息 [main] org.apache.catalina.core.AprLifecycleListener.lifecycleEvent APR/OpenSSL配置：useAprConnector[false]，useOpenSSL[true]
07-Feb-2024 23:04:55.791 信息 [main] org.apache.catalina.core.AprLifecycleListener.initializeSSL OpenSSL成功初始化 [OpenSSL 3.0.11 19 Sep 2023]
07-Feb-2024 23:04:56.561 信息 [main] org.apache.coyote.AbstractProtocol.init 初始化协议处理器 ["http-nio-80"]
07-Feb-2024 23:04:56.673 信息 [main] org.apache.catalina.startup.Catalina.load 服务器在[1457]毫秒内初始化
07-Feb-2024 23:04:56.828 信息 [main] org.apache.catalina.core.StandardService.startInternal 正在启动服务[Catalina]
07-Feb-2024 23:04:56.829 信息 [main] org.apache.catalina.core.StandardEngine.startInternal 正在启动 Servlet 引擎：[Apache Tomcat/9.0.85]
07-Feb-2024 23:04:56.854 信息 [main] org.apache.catalina.startup.HostConfig.deployDirectory 把web 应用程序部署到目录 [C:\Users\Administrator\Desktop\apache-tomcat-9.0.85\webapps\web\ROOT]
07-Feb-2024 23:04:57.534 信息 [main] org.apache.jasper.servlet.TldScanner.scanJars 至少有一个JAR被扫描用于TLD但尚未包含TLD。 为此记录器启用调试日志记录，以获取已扫描但未在其中找到TLD的完整JAR列表。 在扫描期间跳过不需要的JAR可以缩短启动时间和JSP编译时间。
07-Feb-2024 23:05:02.859 信息 [main] org.apache.catalina.startup.HostConfig.deployDirectory Web应用程序目录[C:\Users\Administrator\Desktop\apache-tomcat-9.0.85\webapps\web\ROOT]的部署已在[5,997]毫秒内完成
07-Feb-2024 23:05:02.869 信息 [main] org.apache.coyote.AbstractProtocol.start 开始协议处理句柄["http-nio-80"]
07-Feb-2024 23:05:02.911 信息 [main] org.apache.catalina.startup.Catalina.start [6227]毫秒后服务器启动
07-Feb-2024 23:09:41.888 严重 [http-nio-80-exec-6] org.apache.catalina.core.StandardWrapperValve.invoke 在路径为[]的上下文中，Servlet[PhpCGIServlet]的Servlet.service（）引发了具有根本原因的异常[PHP FastCGI instance failed.]
	java.io.IOException: 管道的另一端上无任何进程。
		at java.base/java.io.RandomAccessFile.readBytes0(Native Method)
		at java.base/java.io.RandomAccessFile.readBytes(RandomAccessFile.java:400)
		at java.base/java.io.RandomAccessFile.read(RandomAccessFile.java:434)
		at php.java.bridge.http.RandomAccessFileInputStream.read(RandomAccessFileInputStream.java:74)
		at php.java.bridge.http.FCGIConnectionInputStream.read(FCGIConnectionInputStream.java:58)
		at php.java.bridge.http.FCGIInputStream.doRead(FCGIInputStream.java:65)
		at php.java.bridge.http.FCGIInputStream.read(FCGIInputStream.java:54)
		at php.java.servlet.fastcgi.FastCGIServlet.parseBody(FastCGIServlet.java:362)
		at php.java.servlet.fastcgi.FastCGIServlet.execute(FastCGIServlet.java:433)
		at php.java.servlet.fastcgi.FastCGIServlet.handle(FastCGIServlet.java:481)
		at php.java.servlet.fastcgi.FastCGIServlet.doPost(FastCGIServlet.java:509)
		at javax.servlet.http.HttpServlet.service(HttpServlet.java:555)
		at javax.servlet.http.HttpServlet.service(HttpServlet.java:623)
		at org.apache.catalina.core.ApplicationFilterChain.internalDoFilter(ApplicationFilterChain.java:209)
		at org.apache.catalina.core.ApplicationFilterChain.doFilter(ApplicationFilterChain.java:153)
		at org.apache.tomcat.websocket.server.WsFilter.doFilter(WsFilter.java:51)
		at org.apache.catalina.core.ApplicationFilterChain.internalDoFilter(ApplicationFilterChain.java:178)
		at org.apache.catalina.core.ApplicationFilterChain.doFilter(ApplicationFilterChain.java:153)
		at org.apache.catalina.core.StandardWrapperValve.invoke(StandardWrapperValve.java:168)
		at org.apache.catalina.core.StandardContextValve.invoke(StandardContextValve.java:90)
		at org.apache.catalina.authenticator.AuthenticatorBase.invoke(AuthenticatorBase.java:481)
		at org.apache.catalina.core.StandardHostValve.invoke(StandardHostValve.java:130)
		at org.apache.catalina.valves.ErrorReportValve.invoke(ErrorReportValve.java:93)
		at org.apache.catalina.valves.AbstractAccessLogValve.invoke(AbstractAccessLogValve.java:670)
		at org.apache.catalina.core.StandardEngineValve.invoke(StandardEngineValve.java:74)
		at org.apache.catalina.connector.CoyoteAdapter.service(CoyoteAdapter.java:342)
		at org.apache.coyote.http11.Http11Processor.service(Http11Processor.java:390)
		at org.apache.coyote.AbstractProcessorLight.process(AbstractProcessorLight.java:63)
		at org.apache.coyote.AbstractProtocol$ConnectionHandler.process(AbstractProtocol.java:928)
		at org.apache.tomcat.util.net.NioEndpoint$SocketProcessor.doRun(NioEndpoint.java:1794)
		at org.apache.tomcat.util.net.SocketProcessorBase.run(SocketProcessorBase.java:52)
		at org.apache.tomcat.util.threads.ThreadPoolExecutor.runWorker(ThreadPoolExecutor.java:1191)
		at org.apache.tomcat.util.threads.ThreadPoolExecutor$Worker.run(ThreadPoolExecutor.java:659)
		at org.apache.tomcat.util.threads.TaskThread$WrappingRunnable.run(TaskThread.java:61)
		at java.base/java.lang.Thread.run(Thread.java:1583)
07-Feb-2024 23:12:18.234 严重 [http-nio-80-exec-3] org.apache.catalina.core.StandardWrapperValve.invoke 在路径为[]的上下文中，Servlet[PhpCGIServlet]的Servlet.service（）引发了具有根本原因的异常[java.lang.RuntimeException: PHP Parse error:  syntax error, unexpected token ">", expecting end of file in C:\Users\Administrator\Desktop\apache-tomcat-9.0.85\webapps\web\ROOT\login.php on line 21
]
	java.lang.RuntimeException: PHP Parse error:  syntax error, unexpected token ">", expecting end of file in C:\Users\Administrator\Desktop\apache-tomcat-9.0.85\webapps\web\ROOT\login.php on line 21

		at php.java.servlet.fastcgi.FastCGIServlet.parseBody(FastCGIServlet.java:409)
		at php.java.servlet.fastcgi.FastCGIServlet.execute(FastCGIServlet.java:433)
		at php.java.servlet.fastcgi.FastCGIServlet.handle(FastCGIServlet.java:481)
		at php.java.servlet.fastcgi.FastCGIServlet.doPost(FastCGIServlet.java:509)
		at javax.servlet.http.HttpServlet.service(HttpServlet.java:555)
		at javax.servlet.http.HttpServlet.service(HttpServlet.java:623)
		at org.apache.catalina.core.ApplicationFilterChain.internalDoFilter(ApplicationFilterChain.java:209)
		at org.apache.catalina.core.ApplicationFilterChain.doFilter(ApplicationFilterChain.java:153)
		at org.apache.tomcat.websocket.server.WsFilter.doFilter(WsFilter.java:51)
		at org.apache.catalina.core.ApplicationFilterChain.internalDoFilter(ApplicationFilterChain.java:178)
		at org.apache.catalina.core.ApplicationFilterChain.doFilter(ApplicationFilterChain.java:153)
		at org.apache.catalina.core.StandardWrapperValve.invoke(StandardWrapperValve.java:168)
		at org.apache.catalina.core.StandardContextValve.invoke(StandardContextValve.java:90)
		at org.apache.catalina.authenticator.AuthenticatorBase.invoke(AuthenticatorBase.java:481)
		at org.apache.catalina.core.StandardHostValve.invoke(StandardHostValve.java:130)
		at org.apache.catalina.valves.ErrorReportValve.invoke(ErrorReportValve.java:93)
		at org.apache.catalina.valves.AbstractAccessLogValve.invoke(AbstractAccessLogValve.java:670)
		at org.apache.catalina.core.StandardEngineValve.invoke(StandardEngineValve.java:74)
		at org.apache.catalina.connector.CoyoteAdapter.service(CoyoteAdapter.java:342)
		at org.apache.coyote.http11.Http11Processor.service(Http11Processor.java:390)
		at org.apache.coyote.AbstractProcessorLight.process(AbstractProcessorLight.java:63)
		at org.apache.coyote.AbstractProtocol$ConnectionHandler.process(AbstractProtocol.java:928)
		at org.apache.tomcat.util.net.NioEndpoint$SocketProcessor.doRun(NioEndpoint.java:1794)
		at org.apache.tomcat.util.net.SocketProcessorBase.run(SocketProcessorBase.java:52)
		at org.apache.tomcat.util.threads.ThreadPoolExecutor.runWorker(ThreadPoolExecutor.java:1191)
		at org.apache.tomcat.util.threads.ThreadPoolExecutor$Worker.run(ThreadPoolExecutor.java:659)
		at org.apache.tomcat.util.threads.TaskThread$WrappingRunnable.run(TaskThread.java:61)
		at java.base/java.lang.Thread.run(Thread.java:1583)
07-Feb-2024 23:12:27.255 严重 [http-nio-80-exec-4] org.apache.catalina.core.StandardWrapperValve.invoke 在路径为[]的上下文中，Servlet[PhpCGIServlet]的Servlet.service（）引发了具有根本原因的异常[PHP FastCGI instance failed.]
	java.io.IOException: 管道的另一端上无任何进程。
		at java.base/java.io.RandomAccessFile.readBytes0(Native Method)
		at java.base/java.io.RandomAccessFile.readBytes(RandomAccessFile.java:400)
		at java.base/java.io.RandomAccessFile.read(RandomAccessFile.java:434)
		at php.java.bridge.http.RandomAccessFileInputStream.read(RandomAccessFileInputStream.java:74)
		at php.java.bridge.http.FCGIConnectionInputStream.read(FCGIConnectionInputStream.java:58)
		at php.java.bridge.http.FCGIInputStream.doRead(FCGIInputStream.java:65)
		at php.java.bridge.http.FCGIInputStream.read(FCGIInputStream.java:54)
		at php.java.servlet.fastcgi.FastCGIServlet.parseBody(FastCGIServlet.java:362)
		at php.java.servlet.fastcgi.FastCGIServlet.execute(FastCGIServlet.java:433)
		at php.java.servlet.fastcgi.FastCGIServlet.handle(FastCGIServlet.java:481)
		at php.java.servlet.fastcgi.FastCGIServlet.doPost(FastCGIServlet.java:509)
		at javax.servlet.http.HttpServlet.service(HttpServlet.java:555)
		at javax.servlet.http.HttpServlet.service(HttpServlet.java:623)
		at org.apache.catalina.core.ApplicationFilterChain.internalDoFilter(ApplicationFilterChain.java:209)
		at org.apache.catalina.core.ApplicationFilterChain.doFilter(ApplicationFilterChain.java:153)
		at org.apache.tomcat.websocket.server.WsFilter.doFilter(WsFilter.java:51)
		at org.apache.catalina.core.ApplicationFilterChain.internalDoFilter(ApplicationFilterChain.java:178)
		at org.apache.catalina.core.ApplicationFilterChain.doFilter(ApplicationFilterChain.java:153)
		at org.apache.catalina.core.StandardWrapperValve.invoke(StandardWrapperValve.java:168)
		at org.apache.catalina.core.StandardContextValve.invoke(StandardContextValve.java:90)
		at org.apache.catalina.authenticator.AuthenticatorBase.invoke(AuthenticatorBase.java:481)
		at org.apache.catalina.core.StandardHostValve.invoke(StandardHostValve.java:130)
		at org.apache.catalina.valves.ErrorReportValve.invoke(ErrorReportValve.java:93)
		at org.apache.catalina.valves.AbstractAccessLogValve.invoke(AbstractAccessLogValve.java:670)
		at org.apache.catalina.core.StandardEngineValve.invoke(StandardEngineValve.java:74)
		at org.apache.catalina.connector.CoyoteAdapter.service(CoyoteAdapter.java:342)
		at org.apache.coyote.http11.Http11Processor.service(Http11Processor.java:390)
		at org.apache.coyote.AbstractProcessorLight.process(AbstractProcessorLight.java:63)
		at org.apache.coyote.AbstractProtocol$ConnectionHandler.process(AbstractProtocol.java:928)
		at org.apache.tomcat.util.net.NioEndpoint$SocketProcessor.doRun(NioEndpoint.java:1794)
		at org.apache.tomcat.util.net.SocketProcessorBase.run(SocketProcessorBase.java:52)
		at org.apache.tomcat.util.threads.ThreadPoolExecutor.runWorker(ThreadPoolExecutor.java:1191)
		at org.apache.tomcat.util.threads.ThreadPoolExecutor$Worker.run(ThreadPoolExecutor.java:659)
		at org.apache.tomcat.util.threads.TaskThread$WrappingRunnable.run(TaskThread.java:61)
		at java.base/java.lang.Thread.run(Thread.java:1583)
07-Feb-2024 23:14:33.011 严重 [http-nio-80-exec-9] org.apache.catalina.core.StandardWrapperValve.invoke 在路径为[]的上下文中，Servlet[PhpCGIServlet]的Servlet.service（）引发了具有根本原因的异常[java.lang.RuntimeException: PHP Parse error:  syntax error, unexpected token ">", expecting end of file in C:\Users\Administrator\Desktop\apache-tomcat-9.0.85\webapps\web\ROOT\login.php on line 21
]
	java.lang.RuntimeException: PHP Parse error:  syntax error, unexpected token ">", expecting end of file in C:\Users\Administrator\Desktop\apache-tomcat-9.0.85\webapps\web\ROOT\login.php on line 21

		at php.java.servlet.fastcgi.FastCGIServlet.parseBody(FastCGIServlet.java:409)
		at php.java.servlet.fastcgi.FastCGIServlet.execute(FastCGIServlet.java:433)
		at php.java.servlet.fastcgi.FastCGIServlet.handle(FastCGIServlet.java:481)
		at php.java.servlet.fastcgi.FastCGIServlet.doPost(FastCGIServlet.java:509)
		at javax.servlet.http.HttpServlet.service(HttpServlet.java:555)
		at javax.servlet.http.HttpServlet.service(HttpServlet.java:623)
		at org.apache.catalina.core.ApplicationFilterChain.internalDoFilter(ApplicationFilterChain.java:209)
		at org.apache.catalina.core.ApplicationFilterChain.doFilter(ApplicationFilterChain.java:153)
		at org.apache.tomcat.websocket.server.WsFilter.doFilter(WsFilter.java:51)
		at org.apache.catalina.core.ApplicationFilterChain.internalDoFilter(ApplicationFilterChain.java:178)
		at org.apache.catalina.core.ApplicationFilterChain.doFilter(ApplicationFilterChain.java:153)
		at org.apache.catalina.core.StandardWrapperValve.invoke(StandardWrapperValve.java:168)
		at org.apache.catalina.core.StandardContextValve.invoke(StandardContextValve.java:90)
		at org.apache.catalina.authenticator.AuthenticatorBase.invoke(AuthenticatorBase.java:481)
		at org.apache.catalina.core.StandardHostValve.invoke(StandardHostValve.java:130)
		at org.apache.catalina.valves.ErrorReportValve.invoke(ErrorReportValve.java:93)
		at org.apache.catalina.valves.AbstractAccessLogValve.invoke(AbstractAccessLogValve.java:670)
		at org.apache.catalina.core.StandardEngineValve.invoke(StandardEngineValve.java:74)
		at org.apache.catalina.connector.CoyoteAdapter.service(CoyoteAdapter.java:342)
		at org.apache.coyote.http11.Http11Processor.service(Http11Processor.java:390)
		at org.apache.coyote.AbstractProcessorLight.process(AbstractProcessorLight.java:63)
		at org.apache.coyote.AbstractProtocol$ConnectionHandler.process(AbstractProtocol.java:928)
		at org.apache.tomcat.util.net.NioEndpoint$SocketProcessor.doRun(NioEndpoint.java:1794)
		at org.apache.tomcat.util.net.SocketProcessorBase.run(SocketProcessorBase.java:52)
		at org.apache.tomcat.util.threads.ThreadPoolExecutor.runWorker(ThreadPoolExecutor.java:1191)
		at org.apache.tomcat.util.threads.ThreadPoolExecutor$Worker.run(ThreadPoolExecutor.java:659)
		at org.apache.tomcat.util.threads.TaskThread$WrappingRunnable.run(TaskThread.java:61)
		at java.base/java.lang.Thread.run(Thread.java:1583)
07-Feb-2024 23:14:46.169 严重 [http-nio-80-exec-7] org.apache.catalina.core.StandardWrapperValve.invoke 在路径为[]的上下文中，Servlet[PhpCGIServlet]的Servlet.service（）引发了具有根本原因的异常[java.lang.RuntimeException: PHP Parse error:  syntax error, unexpected token ">", expecting end of file in C:\Users\Administrator\Desktop\apache-tomcat-9.0.85\webapps\web\ROOT\login.php on line 21
]
	java.lang.RuntimeException: PHP Parse error:  syntax error, unexpected token ">", expecting end of file in C:\Users\Administrator\Desktop\apache-tomcat-9.0.85\webapps\web\ROOT\login.php on line 21

		at php.java.servlet.fastcgi.FastCGIServlet.parseBody(FastCGIServlet.java:409)
		at php.java.servlet.fastcgi.FastCGIServlet.execute(FastCGIServlet.java:433)
		at php.java.servlet.fastcgi.FastCGIServlet.handle(FastCGIServlet.java:481)
		at php.java.servlet.fastcgi.FastCGIServlet.doPost(FastCGIServlet.java:509)
		at javax.servlet.http.HttpServlet.service(HttpServlet.java:555)
		at javax.servlet.http.HttpServlet.service(HttpServlet.java:623)
		at org.apache.catalina.core.ApplicationFilterChain.internalDoFilter(ApplicationFilterChain.java:209)
		at org.apache.catalina.core.ApplicationFilterChain.doFilter(ApplicationFilterChain.java:153)
		at org.apache.tomcat.websocket.server.WsFilter.doFilter(WsFilter.java:51)
		at org.apache.catalina.core.ApplicationFilterChain.internalDoFilter(ApplicationFilterChain.java:178)
		at org.apache.catalina.core.ApplicationFilterChain.doFilter(ApplicationFilterChain.java:153)
		at org.apache.catalina.core.StandardWrapperValve.invoke(StandardWrapperValve.java:168)
		at org.apache.catalina.core.StandardContextValve.invoke(StandardContextValve.java:90)
		at org.apache.catalina.authenticator.AuthenticatorBase.invoke(AuthenticatorBase.java:481)
		at org.apache.catalina.core.StandardHostValve.invoke(StandardHostValve.java:130)
		at org.apache.catalina.valves.ErrorReportValve.invoke(ErrorReportValve.java:93)
		at org.apache.catalina.valves.AbstractAccessLogValve.invoke(AbstractAccessLogValve.java:670)
		at org.apache.catalina.core.StandardEngineValve.invoke(StandardEngineValve.java:74)
		at org.apache.catalina.connector.CoyoteAdapter.service(CoyoteAdapter.java:342)
		at org.apache.coyote.http11.Http11Processor.service(Http11Processor.java:390)
		at org.apache.coyote.AbstractProcessorLight.process(AbstractProcessorLight.java:63)
		at org.apache.coyote.AbstractProtocol$ConnectionHandler.process(AbstractProtocol.java:928)
		at org.apache.tomcat.util.net.NioEndpoint$SocketProcessor.doRun(NioEndpoint.java:1794)
		at org.apache.tomcat.util.net.SocketProcessorBase.run(SocketProcessorBase.java:52)
		at org.apache.tomcat.util.threads.ThreadPoolExecutor.runWorker(ThreadPoolExecutor.java:1191)
		at org.apache.tomcat.util.threads.ThreadPoolExecutor$Worker.run(ThreadPoolExecutor.java:659)
		at org.apache.tomcat.util.threads.TaskThread$WrappingRunnable.run(TaskThread.java:61)
		at java.base/java.lang.Thread.run(Thread.java:1583)
07-Feb-2024 23:14:47.202 严重 [http-nio-80-exec-10] org.apache.catalina.core.StandardWrapperValve.invoke 在路径为[]的上下文中，Servlet[PhpCGIServlet]的Servlet.service（）引发了具有根本原因的异常[java.lang.RuntimeException: PHP Parse error:  syntax error, unexpected token ">", expecting end of file in C:\Users\Administrator\Desktop\apache-tomcat-9.0.85\webapps\web\ROOT\login.php on line 21
]
	java.lang.RuntimeException: PHP Parse error:  syntax error, unexpected token ">", expecting end of file in C:\Users\Administrator\Desktop\apache-tomcat-9.0.85\webapps\web\ROOT\login.php on line 21

		at php.java.servlet.fastcgi.FastCGIServlet.parseBody(FastCGIServlet.java:409)
		at php.java.servlet.fastcgi.FastCGIServlet.execute(FastCGIServlet.java:433)
		at php.java.servlet.fastcgi.FastCGIServlet.handle(FastCGIServlet.java:481)
		at php.java.servlet.fastcgi.FastCGIServlet.doPost(FastCGIServlet.java:509)
		at javax.servlet.http.HttpServlet.service(HttpServlet.java:555)
		at javax.servlet.http.HttpServlet.service(HttpServlet.java:623)
		at org.apache.catalina.core.ApplicationFilterChain.internalDoFilter(ApplicationFilterChain.java:209)
		at org.apache.catalina.core.ApplicationFilterChain.doFilter(ApplicationFilterChain.java:153)
		at org.apache.tomcat.websocket.server.WsFilter.doFilter(WsFilter.java:51)
		at org.apache.catalina.core.ApplicationFilterChain.internalDoFilter(ApplicationFilterChain.java:178)
		at org.apache.catalina.core.ApplicationFilterChain.doFilter(ApplicationFilterChain.java:153)
		at org.apache.catalina.core.StandardWrapperValve.invoke(StandardWrapperValve.java:168)
		at org.apache.catalina.core.StandardContextValve.invoke(StandardContextValve.java:90)
		at org.apache.catalina.authenticator.AuthenticatorBase.invoke(AuthenticatorBase.java:481)
		at org.apache.catalina.core.StandardHostValve.invoke(StandardHostValve.java:130)
		at org.apache.catalina.valves.ErrorReportValve.invoke(ErrorReportValve.java:93)
		at org.apache.catalina.valves.AbstractAccessLogValve.invoke(AbstractAccessLogValve.java:670)
		at org.apache.catalina.core.StandardEngineValve.invoke(StandardEngineValve.java:74)
		at org.apache.catalina.connector.CoyoteAdapter.service(CoyoteAdapter.java:342)
		at org.apache.coyote.http11.Http11Processor.service(Http11Processor.java:390)
		at org.apache.coyote.AbstractProcessorLight.process(AbstractProcessorLight.java:63)
		at org.apache.coyote.AbstractProtocol$ConnectionHandler.process(AbstractProtocol.java:928)
		at org.apache.tomcat.util.net.NioEndpoint$SocketProcessor.doRun(NioEndpoint.java:1794)
		at org.apache.tomcat.util.net.SocketProcessorBase.run(SocketProcessorBase.java:52)
		at org.apache.tomcat.util.threads.ThreadPoolExecutor.runWorker(ThreadPoolExecutor.java:1191)
		at org.apache.tomcat.util.threads.ThreadPoolExecutor$Worker.run(ThreadPoolExecutor.java:659)
		at org.apache.tomcat.util.threads.TaskThread$WrappingRunnable.run(TaskThread.java:61)
		at java.base/java.lang.Thread.run(Thread.java:1583)
07-Feb-2024 23:14:47.782 严重 [http-nio-80-exec-9] org.apache.catalina.core.StandardWrapperValve.invoke 在路径为[]的上下文中，Servlet[PhpCGIServlet]的Servlet.service（）引发了具有根本原因的异常[java.lang.RuntimeException: PHP Parse error:  syntax error, unexpected token ">", expecting end of file in C:\Users\Administrator\Desktop\apache-tomcat-9.0.85\webapps\web\ROOT\login.php on line 21
]
	java.lang.RuntimeException: PHP Parse error:  syntax error, unexpected token ">", expecting end of file in C:\Users\Administrator\Desktop\apache-tomcat-9.0.85\webapps\web\ROOT\login.php on line 21

		at php.java.servlet.fastcgi.FastCGIServlet.parseBody(FastCGIServlet.java:409)
		at php.java.servlet.fastcgi.FastCGIServlet.execute(FastCGIServlet.java:433)
		at php.java.servlet.fastcgi.FastCGIServlet.handle(FastCGIServlet.java:481)
		at php.java.servlet.fastcgi.FastCGIServlet.doPost(FastCGIServlet.java:509)
		at javax.servlet.http.HttpServlet.service(HttpServlet.java:555)
		at javax.servlet.http.HttpServlet.service(HttpServlet.java:623)
		at org.apache.catalina.core.ApplicationFilterChain.internalDoFilter(ApplicationFilterChain.java:209)
		at org.apache.catalina.core.ApplicationFilterChain.doFilter(ApplicationFilterChain.java:153)
		at org.apache.tomcat.websocket.server.WsFilter.doFilter(WsFilter.java:51)
		at org.apache.catalina.core.ApplicationFilterChain.internalDoFilter(ApplicationFilterChain.java:178)
		at org.apache.catalina.core.ApplicationFilterChain.doFilter(ApplicationFilterChain.java:153)
		at org.apache.catalina.core.StandardWrapperValve.invoke(StandardWrapperValve.java:168)
		at org.apache.catalina.core.StandardContextValve.invoke(StandardContextValve.java:90)
		at org.apache.catalina.authenticator.AuthenticatorBase.invoke(AuthenticatorBase.java:481)
		at org.apache.catalina.core.StandardHostValve.invoke(StandardHostValve.java:130)
		at org.apache.catalina.valves.ErrorReportValve.invoke(ErrorReportValve.java:93)
		at org.apache.catalina.valves.AbstractAccessLogValve.invoke(AbstractAccessLogValve.java:670)
		at org.apache.catalina.core.StandardEngineValve.invoke(StandardEngineValve.java:74)
		at org.apache.catalina.connector.CoyoteAdapter.service(CoyoteAdapter.java:342)
		at org.apache.coyote.http11.Http11Processor.service(Http11Processor.java:390)
		at org.apache.coyote.AbstractProcessorLight.process(AbstractProcessorLight.java:63)
		at org.apache.coyote.AbstractProtocol$ConnectionHandler.process(AbstractProtocol.java:928)
		at org.apache.tomcat.util.net.NioEndpoint$SocketProcessor.doRun(NioEndpoint.java:1794)
		at org.apache.tomcat.util.net.SocketProcessorBase.run(SocketProcessorBase.java:52)
		at org.apache.tomcat.util.threads.ThreadPoolExecutor.runWorker(ThreadPoolExecutor.java:1191)
		at org.apache.tomcat.util.threads.ThreadPoolExecutor$Worker.run(ThreadPoolExecutor.java:659)
		at org.apache.tomcat.util.threads.TaskThread$WrappingRunnable.run(TaskThread.java:61)
		at java.base/java.lang.Thread.run(Thread.java:1583)
07-Feb-2024 23:26:41.435 信息 [main] org.apache.catalina.startup.VersionLoggerListener.log Server.服务器版本: Apache Tomcat/9.0.85
07-Feb-2024 23:26:41.447 信息 [main] org.apache.catalina.startup.VersionLoggerListener.log 服务器构建:        Jan 5 2024 08:28:07 UTC
07-Feb-2024 23:26:41.448 信息 [main] org.apache.catalina.startup.VersionLoggerListener.log 服务器版本号:      9.0.85.0
07-Feb-2024 23:26:41.449 信息 [main] org.apache.catalina.startup.VersionLoggerListener.log 操作系统名称:      Windows Server 2022
07-Feb-2024 23:26:41.449 信息 [main] org.apache.catalina.startup.VersionLoggerListener.log OS.版本:           10.0
07-Feb-2024 23:26:41.449 信息 [main] org.apache.catalina.startup.VersionLoggerListener.log 架构:              amd64
07-Feb-2024 23:26:41.449 信息 [main] org.apache.catalina.startup.VersionLoggerListener.log Java 环境变量:     C:\Program Files\Java\jdk-21
07-Feb-2024 23:26:41.450 信息 [main] org.apache.catalina.startup.VersionLoggerListener.log Java虚拟机版本:    21.0.1+12-LTS-29
07-Feb-2024 23:26:41.450 信息 [main] org.apache.catalina.startup.VersionLoggerListener.log JVM.供应商:        Oracle Corporation
07-Feb-2024 23:26:41.451 信息 [main] org.apache.catalina.startup.VersionLoggerListener.log CATALINA_BASE:     C:\Users\Administrator\Desktop\apache-tomcat-9.0.85
07-Feb-2024 23:26:41.451 信息 [main] org.apache.catalina.startup.VersionLoggerListener.log CATALINA_HOME:     C:\Users\Administrator\Desktop\apache-tomcat-9.0.85
07-Feb-2024 23:26:41.469 信息 [main] org.apache.catalina.startup.VersionLoggerListener.log 命令行参数：       --add-opens=java.base/java.lang=ALL-UNNAMED
07-Feb-2024 23:26:41.470 信息 [main] org.apache.catalina.startup.VersionLoggerListener.log 命令行参数：       --add-opens=java.base/java.io=ALL-UNNAMED
07-Feb-2024 23:26:41.471 信息 [main] org.apache.catalina.startup.VersionLoggerListener.log 命令行参数：       --add-opens=java.base/java.util=ALL-UNNAMED
07-Feb-2024 23:26:41.472 信息 [main] org.apache.catalina.startup.VersionLoggerListener.log 命令行参数：       --add-opens=java.base/java.util.concurrent=ALL-UNNAMED
07-Feb-2024 23:26:41.473 信息 [main] org.apache.catalina.startup.VersionLoggerListener.log 命令行参数：       --add-opens=java.rmi/sun.rmi.transport=ALL-UNNAMED
07-Feb-2024 23:26:41.475 信息 [main] org.apache.catalina.startup.VersionLoggerListener.log 命令行参数：       -Djava.util.logging.config.file=C:\Users\Administrator\Desktop\apache-tomcat-9.0.85\conf\logging.properties
07-Feb-2024 23:26:41.478 信息 [main] org.apache.catalina.startup.VersionLoggerListener.log 命令行参数：       -Djava.util.logging.manager=org.apache.juli.ClassLoaderLogManager
07-Feb-2024 23:26:41.481 信息 [main] org.apache.catalina.startup.VersionLoggerListener.log 命令行参数：       -Djdk.tls.ephemeralDHKeySize=2048
07-Feb-2024 23:26:41.482 信息 [main] org.apache.catalina.startup.VersionLoggerListener.log 命令行参数：       -Djava.protocol.handler.pkgs=org.apache.catalina.webresources
07-Feb-2024 23:26:41.483 信息 [main] org.apache.catalina.startup.VersionLoggerListener.log 命令行参数：       -Dignore.endorsed.dirs=
07-Feb-2024 23:26:41.484 信息 [main] org.apache.catalina.startup.VersionLoggerListener.log 命令行参数：       -Dcatalina.base=C:\Users\Administrator\Desktop\apache-tomcat-9.0.85
07-Feb-2024 23:26:41.484 信息 [main] org.apache.catalina.startup.VersionLoggerListener.log 命令行参数：       -Dcatalina.home=C:\Users\Administrator\Desktop\apache-tomcat-9.0.85
07-Feb-2024 23:26:41.485 信息 [main] org.apache.catalina.startup.VersionLoggerListener.log 命令行参数：       -Djava.io.tmpdir=C:\Users\Administrator\Desktop\apache-tomcat-9.0.85\temp
07-Feb-2024 23:26:41.491 信息 [main] org.apache.catalina.core.AprLifecycleListener.lifecycleEvent 使用APR版本[1.7.4]加载了基于APR的Apache Tomcat本机库[1.2.39]。
07-Feb-2024 23:26:41.492 信息 [main] org.apache.catalina.core.AprLifecycleListener.lifecycleEvent APR功能：IPv6[true]、sendfile[true]、accept filters[false]、random[true]、UDS [true]。
07-Feb-2024 23:26:41.495 信息 [main] org.apache.catalina.core.AprLifecycleListener.lifecycleEvent APR/OpenSSL配置：useAprConnector[false]，useOpenSSL[true]
07-Feb-2024 23:26:41.505 信息 [main] org.apache.catalina.core.AprLifecycleListener.initializeSSL OpenSSL成功初始化 [OpenSSL 3.0.11 19 Sep 2023]
07-Feb-2024 23:26:42.110 信息 [main] org.apache.coyote.AbstractProtocol.init 初始化协议处理器 ["http-nio-80"]
07-Feb-2024 23:26:42.300 信息 [main] org.apache.catalina.startup.Catalina.load 服务器在[1265]毫秒内初始化
07-Feb-2024 23:26:42.380 信息 [main] org.apache.catalina.core.StandardService.startInternal 正在启动服务[Catalina]
07-Feb-2024 23:26:42.383 信息 [main] org.apache.catalina.core.StandardEngine.startInternal 正在启动 Servlet 引擎：[Apache Tomcat/9.0.85]
07-Feb-2024 23:26:42.394 信息 [main] org.apache.catalina.startup.HostConfig.deployDirectory 把web 应用程序部署到目录 [C:\Users\Administrator\Desktop\apache-tomcat-9.0.85\webapps\web\ROOT]
07-Feb-2024 23:26:42.987 信息 [main] org.apache.jasper.servlet.TldScanner.scanJars 至少有一个JAR被扫描用于TLD但尚未包含TLD。 为此记录器启用调试日志记录，以获取已扫描但未在其中找到TLD的完整JAR列表。 在扫描期间跳过不需要的JAR可以缩短启动时间和JSP编译时间。
07-Feb-2024 23:26:48.229 信息 [main] org.apache.catalina.startup.HostConfig.deployDirectory Web应用程序目录[C:\Users\Administrator\Desktop\apache-tomcat-9.0.85\webapps\web\ROOT]的部署已在[5,829]毫秒内完成
07-Feb-2024 23:26:48.238 信息 [main] org.apache.coyote.AbstractProtocol.start 开始协议处理句柄["http-nio-80"]
07-Feb-2024 23:26:48.270 信息 [main] org.apache.catalina.startup.Catalina.start [5952]毫秒后服务器启动
07-Feb-2024 23:27:06.533 严重 [http-nio-80-exec-9] org.apache.catalina.core.StandardWrapperValve.invoke 在路径为[]的上下文中，Servlet[PhpCGIServlet]的Servlet.service（）引发了具有根本原因的异常[java.lang.RuntimeException: PHP Parse error:  syntax error, unexpected token ">", expecting end of file in C:\Users\Administrator\Desktop\apache-tomcat-9.0.85\webapps\web\ROOT\login.php on line 21
]
	java.lang.RuntimeException: PHP Parse error:  syntax error, unexpected token ">", expecting end of file in C:\Users\Administrator\Desktop\apache-tomcat-9.0.85\webapps\web\ROOT\login.php on line 21

		at php.java.servlet.fastcgi.FastCGIServlet.parseBody(FastCGIServlet.java:409)
		at php.java.servlet.fastcgi.FastCGIServlet.execute(FastCGIServlet.java:433)
		at php.java.servlet.fastcgi.FastCGIServlet.handle(FastCGIServlet.java:481)
		at php.java.servlet.fastcgi.FastCGIServlet.doPost(FastCGIServlet.java:509)
		at javax.servlet.http.HttpServlet.service(HttpServlet.java:555)
		at javax.servlet.http.HttpServlet.service(HttpServlet.java:623)
		at org.apache.catalina.core.ApplicationFilterChain.internalDoFilter(ApplicationFilterChain.java:209)
		at org.apache.catalina.core.ApplicationFilterChain.doFilter(ApplicationFilterChain.java:153)
		at org.apache.tomcat.websocket.server.WsFilter.doFilter(WsFilter.java:51)
		at org.apache.catalina.core.ApplicationFilterChain.internalDoFilter(ApplicationFilterChain.java:178)
		at org.apache.catalina.core.ApplicationFilterChain.doFilter(ApplicationFilterChain.java:153)
		at org.apache.catalina.core.StandardWrapperValve.invoke(StandardWrapperValve.java:168)
		at org.apache.catalina.core.StandardContextValve.invoke(StandardContextValve.java:90)
		at org.apache.catalina.authenticator.AuthenticatorBase.invoke(AuthenticatorBase.java:481)
		at org.apache.catalina.core.StandardHostValve.invoke(StandardHostValve.java:130)
		at org.apache.catalina.valves.ErrorReportValve.invoke(ErrorReportValve.java:93)
		at org.apache.catalina.valves.AbstractAccessLogValve.invoke(AbstractAccessLogValve.java:670)
		at org.apache.catalina.core.StandardEngineValve.invoke(StandardEngineValve.java:74)
		at org.apache.catalina.connector.CoyoteAdapter.service(CoyoteAdapter.java:342)
		at org.apache.coyote.http11.Http11Processor.service(Http11Processor.java:390)
		at org.apache.coyote.AbstractProcessorLight.process(AbstractProcessorLight.java:63)
		at org.apache.coyote.AbstractProtocol$ConnectionHandler.process(AbstractProtocol.java:928)
		at org.apache.tomcat.util.net.NioEndpoint$SocketProcessor.doRun(NioEndpoint.java:1794)
		at org.apache.tomcat.util.net.SocketProcessorBase.run(SocketProcessorBase.java:52)
		at org.apache.tomcat.util.threads.ThreadPoolExecutor.runWorker(ThreadPoolExecutor.java:1191)
		at org.apache.tomcat.util.threads.ThreadPoolExecutor$Worker.run(ThreadPoolExecutor.java:659)
		at org.apache.tomcat.util.threads.TaskThread$WrappingRunnable.run(TaskThread.java:61)
		at java.base/java.lang.Thread.run(Thread.java:1583)
07-Feb-2024 23:27:47.395 严重 [http-nio-80-exec-7] org.apache.catalina.core.StandardWrapperValve.invoke 在路径为[]的上下文中，Servlet[PhpCGIServlet]的Servlet.service（）引发了具有根本原因的异常[PHP FastCGI instance failed.]
	java.io.IOException: 管道的另一端上无任何进程。
		at java.base/java.io.RandomAccessFile.readBytes0(Native Method)
		at java.base/java.io.RandomAccessFile.readBytes(RandomAccessFile.java:400)
		at java.base/java.io.RandomAccessFile.read(RandomAccessFile.java:434)
		at php.java.bridge.http.RandomAccessFileInputStream.read(RandomAccessFileInputStream.java:74)
		at php.java.bridge.http.FCGIConnectionInputStream.read(FCGIConnectionInputStream.java:58)
		at php.java.bridge.http.FCGIInputStream.doRead(FCGIInputStream.java:65)
		at php.java.bridge.http.FCGIInputStream.read(FCGIInputStream.java:54)
		at php.java.servlet.fastcgi.FastCGIServlet.parseBody(FastCGIServlet.java:362)
		at php.java.servlet.fastcgi.FastCGIServlet.execute(FastCGIServlet.java:433)
		at php.java.servlet.fastcgi.FastCGIServlet.handle(FastCGIServlet.java:481)
		at php.java.servlet.fastcgi.FastCGIServlet.doPost(FastCGIServlet.java:509)
		at javax.servlet.http.HttpServlet.service(HttpServlet.java:555)
		at javax.servlet.http.HttpServlet.service(HttpServlet.java:623)
		at org.apache.catalina.core.ApplicationFilterChain.internalDoFilter(ApplicationFilterChain.java:209)
		at org.apache.catalina.core.ApplicationFilterChain.doFilter(ApplicationFilterChain.java:153)
		at org.apache.tomcat.websocket.server.WsFilter.doFilter(WsFilter.java:51)
		at org.apache.catalina.core.ApplicationFilterChain.internalDoFilter(ApplicationFilterChain.java:178)
		at org.apache.catalina.core.ApplicationFilterChain.doFilter(ApplicationFilterChain.java:153)
		at org.apache.catalina.core.StandardWrapperValve.invoke(StandardWrapperValve.java:168)
		at org.apache.catalina.core.StandardContextValve.invoke(StandardContextValve.java:90)
		at org.apache.catalina.authenticator.AuthenticatorBase.invoke(AuthenticatorBase.java:481)
		at org.apache.catalina.core.StandardHostValve.invoke(StandardHostValve.java:130)
		at org.apache.catalina.valves.ErrorReportValve.invoke(ErrorReportValve.java:93)
		at org.apache.catalina.valves.AbstractAccessLogValve.invoke(AbstractAccessLogValve.java:670)
		at org.apache.catalina.core.StandardEngineValve.invoke(StandardEngineValve.java:74)
		at org.apache.catalina.connector.CoyoteAdapter.service(CoyoteAdapter.java:342)
		at org.apache.coyote.http11.Http11Processor.service(Http11Processor.java:390)
		at org.apache.coyote.AbstractProcessorLight.process(AbstractProcessorLight.java:63)
		at org.apache.coyote.AbstractProtocol$ConnectionHandler.process(AbstractProtocol.java:928)
		at org.apache.tomcat.util.net.NioEndpoint$SocketProcessor.doRun(NioEndpoint.java:1794)
		at org.apache.tomcat.util.net.SocketProcessorBase.run(SocketProcessorBase.java:52)
		at org.apache.tomcat.util.threads.ThreadPoolExecutor.runWorker(ThreadPoolExecutor.java:1191)
		at org.apache.tomcat.util.threads.ThreadPoolExecutor$Worker.run(ThreadPoolExecutor.java:659)
		at org.apache.tomcat.util.threads.TaskThread$WrappingRunnable.run(TaskThread.java:61)
		at java.base/java.lang.Thread.run(Thread.java:1583)
07-Feb-2024 23:27:58.584 严重 [http-nio-80-exec-9] org.apache.catalina.core.StandardWrapperValve.invoke 在路径为[]的上下文中，Servlet[PhpCGIServlet]的Servlet.service（）引发了具有根本原因的异常[java.lang.RuntimeException: PHP Parse error:  syntax error, unexpected token ">", expecting end of file in C:\Users\Administrator\Desktop\apache-tomcat-9.0.85\webapps\web\ROOT\login.php on line 6
]
	java.lang.RuntimeException: PHP Parse error:  syntax error, unexpected token ">", expecting end of file in C:\Users\Administrator\Desktop\apache-tomcat-9.0.85\webapps\web\ROOT\login.php on line 6

		at php.java.servlet.fastcgi.FastCGIServlet.parseBody(FastCGIServlet.java:409)
		at php.java.servlet.fastcgi.FastCGIServlet.execute(FastCGIServlet.java:433)
		at php.java.servlet.fastcgi.FastCGIServlet.handle(FastCGIServlet.java:481)
		at php.java.servlet.fastcgi.FastCGIServlet.doPost(FastCGIServlet.java:509)
		at javax.servlet.http.HttpServlet.service(HttpServlet.java:555)
		at javax.servlet.http.HttpServlet.service(HttpServlet.java:623)
		at org.apache.catalina.core.ApplicationFilterChain.internalDoFilter(ApplicationFilterChain.java:209)
		at org.apache.catalina.core.ApplicationFilterChain.doFilter(ApplicationFilterChain.java:153)
		at org.apache.tomcat.websocket.server.WsFilter.doFilter(WsFilter.java:51)
		at org.apache.catalina.core.ApplicationFilterChain.internalDoFilter(ApplicationFilterChain.java:178)
		at org.apache.catalina.core.ApplicationFilterChain.doFilter(ApplicationFilterChain.java:153)
		at org.apache.catalina.core.StandardWrapperValve.invoke(StandardWrapperValve.java:168)
		at org.apache.catalina.core.StandardContextValve.invoke(StandardContextValve.java:90)
		at org.apache.catalina.authenticator.AuthenticatorBase.invoke(AuthenticatorBase.java:481)
		at org.apache.catalina.core.StandardHostValve.invoke(StandardHostValve.java:130)
		at org.apache.catalina.valves.ErrorReportValve.invoke(ErrorReportValve.java:93)
		at org.apache.catalina.valves.AbstractAccessLogValve.invoke(AbstractAccessLogValve.java:670)
		at org.apache.catalina.core.StandardEngineValve.invoke(StandardEngineValve.java:74)
		at org.apache.catalina.connector.CoyoteAdapter.service(CoyoteAdapter.java:342)
		at org.apache.coyote.http11.Http11Processor.service(Http11Processor.java:390)
		at org.apache.coyote.AbstractProcessorLight.process(AbstractProcessorLight.java:63)
		at org.apache.coyote.AbstractProtocol$ConnectionHandler.process(AbstractProtocol.java:928)
		at org.apache.tomcat.util.net.NioEndpoint$SocketProcessor.doRun(NioEndpoint.java:1794)
		at org.apache.tomcat.util.net.SocketProcessorBase.run(SocketProcessorBase.java:52)
		at org.apache.tomcat.util.threads.ThreadPoolExecutor.runWorker(ThreadPoolExecutor.java:1191)
		at org.apache.tomcat.util.threads.ThreadPoolExecutor$Worker.run(ThreadPoolExecutor.java:659)
		at org.apache.tomcat.util.threads.TaskThread$WrappingRunnable.run(TaskThread.java:61)
		at java.base/java.lang.Thread.run(Thread.java:1583)
07-Feb-2024 23:28:08.217 严重 [http-nio-80-exec-7] org.apache.catalina.core.StandardWrapperValve.invoke 在路径为[]的上下文中，Servlet[PhpCGIServlet]的Servlet.service（）引发了具有根本原因的异常[PHP FastCGI instance failed.]
	java.io.IOException: 管道的另一端上无任何进程。
		at java.base/java.io.RandomAccessFile.readBytes0(Native Method)
		at java.base/java.io.RandomAccessFile.readBytes(RandomAccessFile.java:400)
		at java.base/java.io.RandomAccessFile.read(RandomAccessFile.java:434)
		at php.java.bridge.http.RandomAccessFileInputStream.read(RandomAccessFileInputStream.java:74)
		at php.java.bridge.http.FCGIConnectionInputStream.read(FCGIConnectionInputStream.java:58)
		at php.java.bridge.http.FCGIInputStream.doRead(FCGIInputStream.java:65)
		at php.java.bridge.http.FCGIInputStream.read(FCGIInputStream.java:54)
		at php.java.servlet.fastcgi.FastCGIServlet.parseBody(FastCGIServlet.java:362)
		at php.java.servlet.fastcgi.FastCGIServlet.execute(FastCGIServlet.java:433)
		at php.java.servlet.fastcgi.FastCGIServlet.handle(FastCGIServlet.java:481)
		at php.java.servlet.fastcgi.FastCGIServlet.doPost(FastCGIServlet.java:509)
		at javax.servlet.http.HttpServlet.service(HttpServlet.java:555)
		at javax.servlet.http.HttpServlet.service(HttpServlet.java:623)
		at org.apache.catalina.core.ApplicationFilterChain.internalDoFilter(ApplicationFilterChain.java:209)
		at org.apache.catalina.core.ApplicationFilterChain.doFilter(ApplicationFilterChain.java:153)
		at org.apache.tomcat.websocket.server.WsFilter.doFilter(WsFilter.java:51)
		at org.apache.catalina.core.ApplicationFilterChain.internalDoFilter(ApplicationFilterChain.java:178)
		at org.apache.catalina.core.ApplicationFilterChain.doFilter(ApplicationFilterChain.java:153)
		at org.apache.catalina.core.StandardWrapperValve.invoke(StandardWrapperValve.java:168)
		at org.apache.catalina.core.StandardContextValve.invoke(StandardContextValve.java:90)
		at org.apache.catalina.authenticator.AuthenticatorBase.invoke(AuthenticatorBase.java:481)
		at org.apache.catalina.core.StandardHostValve.invoke(StandardHostValve.java:130)
		at org.apache.catalina.valves.ErrorReportValve.invoke(ErrorReportValve.java:93)
		at org.apache.catalina.valves.AbstractAccessLogValve.invoke(AbstractAccessLogValve.java:670)
		at org.apache.catalina.core.StandardEngineValve.invoke(StandardEngineValve.java:74)
		at org.apache.catalina.connector.CoyoteAdapter.service(CoyoteAdapter.java:342)
		at org.apache.coyote.http11.Http11Processor.service(Http11Processor.java:390)
		at org.apache.coyote.AbstractProcessorLight.process(AbstractProcessorLight.java:63)
		at org.apache.coyote.AbstractProtocol$ConnectionHandler.process(AbstractProtocol.java:928)
		at org.apache.tomcat.util.net.NioEndpoint$SocketProcessor.doRun(NioEndpoint.java:1794)
		at org.apache.tomcat.util.net.SocketProcessorBase.run(SocketProcessorBase.java:52)
		at org.apache.tomcat.util.threads.ThreadPoolExecutor.runWorker(ThreadPoolExecutor.java:1191)
		at org.apache.tomcat.util.threads.ThreadPoolExecutor$Worker.run(ThreadPoolExecutor.java:659)
		at org.apache.tomcat.util.threads.TaskThread$WrappingRunnable.run(TaskThread.java:61)
		at java.base/java.lang.Thread.run(Thread.java:1583)
07-Feb-2024 23:30:21.898 严重 [http-nio-80-exec-1] org.apache.catalina.core.StandardWrapperValve.invoke 在路径为[]的上下文中，Servlet[PhpCGIServlet]的Servlet.service（）引发了具有根本原因的异常[java.lang.RuntimeException: PHP Parse error:  syntax error, unexpected token ">", expecting end of file in C:\Users\Administrator\Desktop\apache-tomcat-9.0.85\webapps\web\ROOT\login.php on line 21
]
	java.lang.RuntimeException: PHP Parse error:  syntax error, unexpected token ">", expecting end of file in C:\Users\Administrator\Desktop\apache-tomcat-9.0.85\webapps\web\ROOT\login.php on line 21

		at php.java.servlet.fastcgi.FastCGIServlet.parseBody(FastCGIServlet.java:409)
		at php.java.servlet.fastcgi.FastCGIServlet.execute(FastCGIServlet.java:433)
		at php.java.servlet.fastcgi.FastCGIServlet.handle(FastCGIServlet.java:481)
		at php.java.servlet.fastcgi.FastCGIServlet.doPost(FastCGIServlet.java:509)
		at javax.servlet.http.HttpServlet.service(HttpServlet.java:555)
		at javax.servlet.http.HttpServlet.service(HttpServlet.java:623)
		at org.apache.catalina.core.ApplicationFilterChain.internalDoFilter(ApplicationFilterChain.java:209)
		at org.apache.catalina.core.ApplicationFilterChain.doFilter(ApplicationFilterChain.java:153)
		at org.apache.tomcat.websocket.server.WsFilter.doFilter(WsFilter.java:51)
		at org.apache.catalina.core.ApplicationFilterChain.internalDoFilter(ApplicationFilterChain.java:178)
		at org.apache.catalina.core.ApplicationFilterChain.doFilter(ApplicationFilterChain.java:153)
		at org.apache.catalina.core.StandardWrapperValve.invoke(StandardWrapperValve.java:168)
		at org.apache.catalina.core.StandardContextValve.invoke(StandardContextValve.java:90)
		at org.apache.catalina.authenticator.AuthenticatorBase.invoke(AuthenticatorBase.java:481)
		at org.apache.catalina.core.StandardHostValve.invoke(StandardHostValve.java:130)
		at org.apache.catalina.valves.ErrorReportValve.invoke(ErrorReportValve.java:93)
		at org.apache.catalina.valves.AbstractAccessLogValve.invoke(AbstractAccessLogValve.java:670)
		at org.apache.catalina.core.StandardEngineValve.invoke(StandardEngineValve.java:74)
		at org.apache.catalina.connector.CoyoteAdapter.service(CoyoteAdapter.java:342)
		at org.apache.coyote.http11.Http11Processor.service(Http11Processor.java:390)
		at org.apache.coyote.AbstractProcessorLight.process(AbstractProcessorLight.java:63)
		at org.apache.coyote.AbstractProtocol$ConnectionHandler.process(AbstractProtocol.java:928)
		at org.apache.tomcat.util.net.NioEndpoint$SocketProcessor.doRun(NioEndpoint.java:1794)
		at org.apache.tomcat.util.net.SocketProcessorBase.run(SocketProcessorBase.java:52)
		at org.apache.tomcat.util.threads.ThreadPoolExecutor.runWorker(ThreadPoolExecutor.java:1191)
		at org.apache.tomcat.util.threads.ThreadPoolExecutor$Worker.run(ThreadPoolExecutor.java:659)
		at org.apache.tomcat.util.threads.TaskThread$WrappingRunnable.run(TaskThread.java:61)
		at java.base/java.lang.Thread.run(Thread.java:1583)
07-Feb-2024 23:34:01.555 严重 [http-nio-80-exec-5] org.apache.catalina.core.StandardWrapperValve.invoke 在路径为[]的上下文中，Servlet[PhpCGIServlet]的Servlet.service（）引发了具有根本原因的异常[PHP FastCGI instance failed.]
	java.io.IOException: 管道的另一端上无任何进程。
		at java.base/java.io.RandomAccessFile.readBytes0(Native Method)
		at java.base/java.io.RandomAccessFile.readBytes(RandomAccessFile.java:400)
		at java.base/java.io.RandomAccessFile.read(RandomAccessFile.java:434)
		at php.java.bridge.http.RandomAccessFileInputStream.read(RandomAccessFileInputStream.java:74)
		at php.java.bridge.http.FCGIConnectionInputStream.read(FCGIConnectionInputStream.java:58)
		at php.java.bridge.http.FCGIInputStream.doRead(FCGIInputStream.java:65)
		at php.java.bridge.http.FCGIInputStream.read(FCGIInputStream.java:54)
		at php.java.servlet.fastcgi.FastCGIServlet.parseBody(FastCGIServlet.java:362)
		at php.java.servlet.fastcgi.FastCGIServlet.execute(FastCGIServlet.java:433)
		at php.java.servlet.fastcgi.FastCGIServlet.handle(FastCGIServlet.java:481)
		at php.java.servlet.fastcgi.FastCGIServlet.doPost(FastCGIServlet.java:509)
		at javax.servlet.http.HttpServlet.service(HttpServlet.java:555)
		at javax.servlet.http.HttpServlet.service(HttpServlet.java:623)
		at org.apache.catalina.core.ApplicationFilterChain.internalDoFilter(ApplicationFilterChain.java:209)
		at org.apache.catalina.core.ApplicationFilterChain.doFilter(ApplicationFilterChain.java:153)
		at org.apache.tomcat.websocket.server.WsFilter.doFilter(WsFilter.java:51)
		at org.apache.catalina.core.ApplicationFilterChain.internalDoFilter(ApplicationFilterChain.java:178)
		at org.apache.catalina.core.ApplicationFilterChain.doFilter(ApplicationFilterChain.java:153)
		at org.apache.catalina.core.StandardWrapperValve.invoke(StandardWrapperValve.java:168)
		at org.apache.catalina.core.StandardContextValve.invoke(StandardContextValve.java:90)
		at org.apache.catalina.authenticator.AuthenticatorBase.invoke(AuthenticatorBase.java:481)
		at org.apache.catalina.core.StandardHostValve.invoke(StandardHostValve.java:130)
		at org.apache.catalina.valves.ErrorReportValve.invoke(ErrorReportValve.java:93)
		at org.apache.catalina.valves.AbstractAccessLogValve.invoke(AbstractAccessLogValve.java:670)
		at org.apache.catalina.core.StandardEngineValve.invoke(StandardEngineValve.java:74)
		at org.apache.catalina.connector.CoyoteAdapter.service(CoyoteAdapter.java:342)
		at org.apache.coyote.http11.Http11Processor.service(Http11Processor.java:390)
		at org.apache.coyote.AbstractProcessorLight.process(AbstractProcessorLight.java:63)
		at org.apache.coyote.AbstractProtocol$ConnectionHandler.process(AbstractProtocol.java:928)
		at org.apache.tomcat.util.net.NioEndpoint$SocketProcessor.doRun(NioEndpoint.java:1794)
		at org.apache.tomcat.util.net.SocketProcessorBase.run(SocketProcessorBase.java:52)
		at org.apache.tomcat.util.threads.ThreadPoolExecutor.runWorker(ThreadPoolExecutor.java:1191)
		at org.apache.tomcat.util.threads.ThreadPoolExecutor$Worker.run(ThreadPoolExecutor.java:659)
		at org.apache.tomcat.util.threads.TaskThread$WrappingRunnable.run(TaskThread.java:61)
		at java.base/java.lang.Thread.run(Thread.java:1583)
07-Feb-2024 23:36:19.006 严重 [http-nio-80-exec-7] org.apache.catalina.core.StandardWrapperValve.invoke 在路径为[]的上下文中，Servlet[PhpCGIServlet]的Servlet.service（）引发了具有根本原因的异常[PHP FastCGI instance failed.]
	java.io.IOException: 管道的另一端上无任何进程。
		at java.base/java.io.RandomAccessFile.readBytes0(Native Method)
		at java.base/java.io.RandomAccessFile.readBytes(RandomAccessFile.java:400)
		at java.base/java.io.RandomAccessFile.read(RandomAccessFile.java:434)
		at php.java.bridge.http.RandomAccessFileInputStream.read(RandomAccessFileInputStream.java:74)
		at php.java.bridge.http.FCGIConnectionInputStream.read(FCGIConnectionInputStream.java:58)
		at php.java.bridge.http.FCGIInputStream.doRead(FCGIInputStream.java:65)
		at php.java.bridge.http.FCGIInputStream.read(FCGIInputStream.java:54)
		at php.java.servlet.fastcgi.FastCGIServlet.parseBody(FastCGIServlet.java:362)
		at php.java.servlet.fastcgi.FastCGIServlet.execute(FastCGIServlet.java:433)
		at php.java.servlet.fastcgi.FastCGIServlet.handle(FastCGIServlet.java:481)
		at php.java.servlet.fastcgi.FastCGIServlet.doPost(FastCGIServlet.java:509)
		at javax.servlet.http.HttpServlet.service(HttpServlet.java:555)
		at javax.servlet.http.HttpServlet.service(HttpServlet.java:623)
		at org.apache.catalina.core.ApplicationFilterChain.internalDoFilter(ApplicationFilterChain.java:209)
		at org.apache.catalina.core.ApplicationFilterChain.doFilter(ApplicationFilterChain.java:153)
		at org.apache.tomcat.websocket.server.WsFilter.doFilter(WsFilter.java:51)
		at org.apache.catalina.core.ApplicationFilterChain.internalDoFilter(ApplicationFilterChain.java:178)
		at org.apache.catalina.core.ApplicationFilterChain.doFilter(ApplicationFilterChain.java:153)
		at org.apache.catalina.core.StandardWrapperValve.invoke(StandardWrapperValve.java:168)
		at org.apache.catalina.core.StandardContextValve.invoke(StandardContextValve.java:90)
		at org.apache.catalina.authenticator.AuthenticatorBase.invoke(AuthenticatorBase.java:481)
		at org.apache.catalina.core.StandardHostValve.invoke(StandardHostValve.java:130)
		at org.apache.catalina.valves.ErrorReportValve.invoke(ErrorReportValve.java:93)
		at org.apache.catalina.valves.AbstractAccessLogValve.invoke(AbstractAccessLogValve.java:670)
		at org.apache.catalina.core.StandardEngineValve.invoke(StandardEngineValve.java:74)
		at org.apache.catalina.connector.CoyoteAdapter.service(CoyoteAdapter.java:342)
		at org.apache.coyote.http11.Http11Processor.service(Http11Processor.java:390)
		at org.apache.coyote.AbstractProcessorLight.process(AbstractProcessorLight.java:63)
		at org.apache.coyote.AbstractProtocol$ConnectionHandler.process(AbstractProtocol.java:928)
		at org.apache.tomcat.util.net.NioEndpoint$SocketProcessor.doRun(NioEndpoint.java:1794)
		at org.apache.tomcat.util.net.SocketProcessorBase.run(SocketProcessorBase.java:52)
		at org.apache.tomcat.util.threads.ThreadPoolExecutor.runWorker(ThreadPoolExecutor.java:1191)
		at org.apache.tomcat.util.threads.ThreadPoolExecutor$Worker.run(ThreadPoolExecutor.java:659)
		at org.apache.tomcat.util.threads.TaskThread$WrappingRunnable.run(TaskThread.java:61)
		at java.base/java.lang.Thread.run(Thread.java:1583)
07-Feb-2024 23:41:52.094 严重 [http-nio-80-exec-10] org.apache.catalina.core.StandardWrapperValve.invoke 在路径为[]的上下文中，Servlet[PhpCGIServlet]的Servlet.service（）引发了具有根本原因的异常[PHP FastCGI instance failed.]
	java.io.IOException: 管道的另一端上无任何进程。
		at java.base/java.io.RandomAccessFile.writeBytes0(Native Method)
		at java.base/java.io.RandomAccessFile.writeBytes(RandomAccessFile.java:572)
		at java.base/java.io.RandomAccessFile.write(RandomAccessFile.java:602)
		at php.java.bridge.http.RandomAccessFileOutputStream.write(RandomAccessFileOutputStream.java:62)
		at java.base/java.io.BufferedOutputStream.flushBuffer(BufferedOutputStream.java:125)
		at java.base/java.io.BufferedOutputStream.implFlush(BufferedOutputStream.java:252)
		at java.base/java.io.BufferedOutputStream.flush(BufferedOutputStream.java:240)
		at php.java.bridge.http.FCGIConnectionOutputStream.flush(FCGIConnectionOutputStream.java:85)
		at php.java.bridge.http.FCGIConnectionOutputStream.close(FCGIConnectionOutputStream.java:71)
		at php.java.servlet.fastcgi.FastCGIServlet.parseBody(FastCGIServlet.java:357)
		at php.java.servlet.fastcgi.FastCGIServlet.execute(FastCGIServlet.java:433)
		at php.java.servlet.fastcgi.FastCGIServlet.handle(FastCGIServlet.java:481)
		at php.java.servlet.fastcgi.FastCGIServlet.doPost(FastCGIServlet.java:509)
		at javax.servlet.http.HttpServlet.service(HttpServlet.java:555)
		at javax.servlet.http.HttpServlet.service(HttpServlet.java:623)
		at org.apache.catalina.core.ApplicationFilterChain.internalDoFilter(ApplicationFilterChain.java:209)
		at org.apache.catalina.core.ApplicationFilterChain.doFilter(ApplicationFilterChain.java:153)
		at org.apache.tomcat.websocket.server.WsFilter.doFilter(WsFilter.java:51)
		at org.apache.catalina.core.ApplicationFilterChain.internalDoFilter(ApplicationFilterChain.java:178)
		at org.apache.catalina.core.ApplicationFilterChain.doFilter(ApplicationFilterChain.java:153)
		at org.apache.catalina.core.StandardWrapperValve.invoke(StandardWrapperValve.java:168)
		at org.apache.catalina.core.StandardContextValve.invoke(StandardContextValve.java:90)
		at org.apache.catalina.authenticator.AuthenticatorBase.invoke(AuthenticatorBase.java:481)
		at org.apache.catalina.core.StandardHostValve.invoke(StandardHostValve.java:130)
		at org.apache.catalina.valves.ErrorReportValve.invoke(ErrorReportValve.java:93)
		at org.apache.catalina.valves.AbstractAccessLogValve.invoke(AbstractAccessLogValve.java:670)
		at org.apache.catalina.core.StandardEngineValve.invoke(StandardEngineValve.java:74)
		at org.apache.catalina.connector.CoyoteAdapter.service(CoyoteAdapter.java:342)
		at org.apache.coyote.http11.Http11Processor.service(Http11Processor.java:390)
		at org.apache.coyote.AbstractProcessorLight.process(AbstractProcessorLight.java:63)
		at org.apache.coyote.AbstractProtocol$ConnectionHandler.process(AbstractProtocol.java:928)
		at org.apache.tomcat.util.net.NioEndpoint$SocketProcessor.doRun(NioEndpoint.java:1794)
		at org.apache.tomcat.util.net.SocketProcessorBase.run(SocketProcessorBase.java:52)
		at org.apache.tomcat.util.threads.ThreadPoolExecutor.runWorker(ThreadPoolExecutor.java:1191)
		at org.apache.tomcat.util.threads.ThreadPoolExecutor$Worker.run(ThreadPoolExecutor.java:659)
		at org.apache.tomcat.util.threads.TaskThread$WrappingRunnable.run(TaskThread.java:61)
		at java.base/java.lang.Thread.run(Thread.java:1583)
07-Feb-2024 23:53:10.600 严重 [http-nio-80-exec-1] org.apache.catalina.core.StandardWrapperValve.invoke 在路径为[]的上下文中，Servlet[PhpCGIServlet]的Servlet.service（）引发了具有根本原因的异常[java.lang.RuntimeException: PHP Parse error:  syntax error, unexpected token ">", expecting end of file in C:\Users\Administrator\Desktop\apache-tomcat-9.0.85\webapps\web\ROOT\login.php on line 21
]
	java.lang.RuntimeException: PHP Parse error:  syntax error, unexpected token ">", expecting end of file in C:\Users\Administrator\Desktop\apache-tomcat-9.0.85\webapps\web\ROOT\login.php on line 21

		at php.java.servlet.fastcgi.FastCGIServlet.parseBody(FastCGIServlet.java:409)
		at php.java.servlet.fastcgi.FastCGIServlet.execute(FastCGIServlet.java:433)
		at php.java.servlet.fastcgi.FastCGIServlet.handle(FastCGIServlet.java:481)
		at php.java.servlet.fastcgi.FastCGIServlet.doGet(FastCGIServlet.java:521)
		at javax.servlet.http.HttpServlet.service(HttpServlet.java:529)
		at javax.servlet.http.HttpServlet.service(HttpServlet.java:623)
		at org.apache.catalina.core.ApplicationFilterChain.internalDoFilter(ApplicationFilterChain.java:209)
		at org.apache.catalina.core.ApplicationFilterChain.doFilter(ApplicationFilterChain.java:153)
		at org.apache.tomcat.websocket.server.WsFilter.doFilter(WsFilter.java:51)
		at org.apache.catalina.core.ApplicationFilterChain.internalDoFilter(ApplicationFilterChain.java:178)
		at org.apache.catalina.core.ApplicationFilterChain.doFilter(ApplicationFilterChain.java:153)
		at org.apache.catalina.core.StandardWrapperValve.invoke(StandardWrapperValve.java:168)
		at org.apache.catalina.core.StandardContextValve.invoke(StandardContextValve.java:90)
		at org.apache.catalina.authenticator.AuthenticatorBase.invoke(AuthenticatorBase.java:481)
		at org.apache.catalina.core.StandardHostValve.invoke(StandardHostValve.java:130)
		at org.apache.catalina.valves.ErrorReportValve.invoke(ErrorReportValve.java:93)
		at org.apache.catalina.valves.AbstractAccessLogValve.invoke(AbstractAccessLogValve.java:670)
		at org.apache.catalina.core.StandardEngineValve.invoke(StandardEngineValve.java:74)
		at org.apache.catalina.connector.CoyoteAdapter.service(CoyoteAdapter.java:342)
		at org.apache.coyote.http11.Http11Processor.service(Http11Processor.java:390)
		at org.apache.coyote.AbstractProcessorLight.process(AbstractProcessorLight.java:63)
		at org.apache.coyote.AbstractProtocol$ConnectionHandler.process(AbstractProtocol.java:928)
		at org.apache.tomcat.util.net.NioEndpoint$SocketProcessor.doRun(NioEndpoint.java:1794)
		at org.apache.tomcat.util.net.SocketProcessorBase.run(SocketProcessorBase.java:52)
		at org.apache.tomcat.util.threads.ThreadPoolExecutor.runWorker(ThreadPoolExecutor.java:1191)
		at org.apache.tomcat.util.threads.ThreadPoolExecutor$Worker.run(ThreadPoolExecutor.java:659)
		at org.apache.tomcat.util.threads.TaskThread$WrappingRunnable.run(TaskThread.java:61)
		at java.base/java.lang.Thread.run(Thread.java:1583)
07-Feb-2024 23:53:27.539 严重 [http-nio-80-exec-10] org.apache.catalina.core.StandardWrapperValve.invoke 在路径为[]的上下文中，Servlet[PhpCGIServlet]的Servlet.service（）引发了具有根本原因的异常[PHP FastCGI instance failed.]
	java.io.IOException: 管道的另一端上无任何进程。
		at java.base/java.io.RandomAccessFile.readBytes0(Native Method)
		at java.base/java.io.RandomAccessFile.readBytes(RandomAccessFile.java:400)
		at java.base/java.io.RandomAccessFile.read(RandomAccessFile.java:434)
		at php.java.bridge.http.RandomAccessFileInputStream.read(RandomAccessFileInputStream.java:74)
		at php.java.bridge.http.FCGIConnectionInputStream.read(FCGIConnectionInputStream.java:58)
		at php.java.bridge.http.FCGIInputStream.doRead(FCGIInputStream.java:65)
		at php.java.bridge.http.FCGIInputStream.read(FCGIInputStream.java:54)
		at php.java.servlet.fastcgi.FastCGIServlet.parseBody(FastCGIServlet.java:362)
		at php.java.servlet.fastcgi.FastCGIServlet.execute(FastCGIServlet.java:433)
		at php.java.servlet.fastcgi.FastCGIServlet.handle(FastCGIServlet.java:481)
		at php.java.servlet.fastcgi.FastCGIServlet.doPost(FastCGIServlet.java:509)
		at javax.servlet.http.HttpServlet.service(HttpServlet.java:555)
		at javax.servlet.http.HttpServlet.service(HttpServlet.java:623)
		at org.apache.catalina.core.ApplicationFilterChain.internalDoFilter(ApplicationFilterChain.java:209)
		at org.apache.catalina.core.ApplicationFilterChain.doFilter(ApplicationFilterChain.java:153)
		at org.apache.tomcat.websocket.server.WsFilter.doFilter(WsFilter.java:51)
		at org.apache.catalina.core.ApplicationFilterChain.internalDoFilter(ApplicationFilterChain.java:178)
		at org.apache.catalina.core.ApplicationFilterChain.doFilter(ApplicationFilterChain.java:153)
		at org.apache.catalina.core.StandardWrapperValve.invoke(StandardWrapperValve.java:168)
		at org.apache.catalina.core.StandardContextValve.invoke(StandardContextValve.java:90)
		at org.apache.catalina.authenticator.AuthenticatorBase.invoke(AuthenticatorBase.java:481)
		at org.apache.catalina.core.StandardHostValve.invoke(StandardHostValve.java:130)
		at org.apache.catalina.valves.ErrorReportValve.invoke(ErrorReportValve.java:93)
		at org.apache.catalina.valves.AbstractAccessLogValve.invoke(AbstractAccessLogValve.java:670)
		at org.apache.catalina.core.StandardEngineValve.invoke(StandardEngineValve.java:74)
		at org.apache.catalina.connector.CoyoteAdapter.service(CoyoteAdapter.java:342)
		at org.apache.coyote.http11.Http11Processor.service(Http11Processor.java:390)
		at org.apache.coyote.AbstractProcessorLight.process(AbstractProcessorLight.java:63)
		at org.apache.coyote.AbstractProtocol$ConnectionHandler.process(AbstractProtocol.java:928)
		at org.apache.tomcat.util.net.NioEndpoint$SocketProcessor.doRun(NioEndpoint.java:1794)
		at org.apache.tomcat.util.net.SocketProcessorBase.run(SocketProcessorBase.java:52)
		at org.apache.tomcat.util.threads.ThreadPoolExecutor.runWorker(ThreadPoolExecutor.java:1191)
		at org.apache.tomcat.util.threads.ThreadPoolExecutor$Worker.run(ThreadPoolExecutor.java:659)
		at org.apache.tomcat.util.threads.TaskThread$WrappingRunnable.run(TaskThread.java:61)
		at java.base/java.lang.Thread.run(Thread.java:1583)
07-Feb-2024 23:53:28.510 严重 [http-nio-80-exec-4] org.apache.catalina.core.StandardWrapperValve.invoke 在路径为[]的上下文中，Servlet[PhpCGIServlet]的Servlet.service（）引发了具有根本原因的异常[PHP FastCGI instance failed.]
	java.io.IOException: 管道的另一端上无任何进程。
		at java.base/java.io.RandomAccessFile.readBytes0(Native Method)
		at java.base/java.io.RandomAccessFile.readBytes(RandomAccessFile.java:400)
		at java.base/java.io.RandomAccessFile.read(RandomAccessFile.java:434)
		at php.java.bridge.http.RandomAccessFileInputStream.read(RandomAccessFileInputStream.java:74)
		at php.java.bridge.http.FCGIConnectionInputStream.read(FCGIConnectionInputStream.java:58)
		at php.java.bridge.http.FCGIInputStream.doRead(FCGIInputStream.java:65)
		at php.java.bridge.http.FCGIInputStream.read(FCGIInputStream.java:54)
		at php.java.servlet.fastcgi.FastCGIServlet.parseBody(FastCGIServlet.java:362)
		at php.java.servlet.fastcgi.FastCGIServlet.execute(FastCGIServlet.java:433)
		at php.java.servlet.fastcgi.FastCGIServlet.handle(FastCGIServlet.java:481)
		at php.java.servlet.fastcgi.FastCGIServlet.doPost(FastCGIServlet.java:509)
		at javax.servlet.http.HttpServlet.service(HttpServlet.java:555)
		at javax.servlet.http.HttpServlet.service(HttpServlet.java:623)
		at org.apache.catalina.core.ApplicationFilterChain.internalDoFilter(ApplicationFilterChain.java:209)
		at org.apache.catalina.core.ApplicationFilterChain.doFilter(ApplicationFilterChain.java:153)
		at org.apache.tomcat.websocket.server.WsFilter.doFilter(WsFilter.java:51)
		at org.apache.catalina.core.ApplicationFilterChain.internalDoFilter(ApplicationFilterChain.java:178)
		at org.apache.catalina.core.ApplicationFilterChain.doFilter(ApplicationFilterChain.java:153)
		at org.apache.catalina.core.StandardWrapperValve.invoke(StandardWrapperValve.java:168)
		at org.apache.catalina.core.StandardContextValve.invoke(StandardContextValve.java:90)
		at org.apache.catalina.authenticator.AuthenticatorBase.invoke(AuthenticatorBase.java:481)
		at org.apache.catalina.core.StandardHostValve.invoke(StandardHostValve.java:130)
		at org.apache.catalina.valves.ErrorReportValve.invoke(ErrorReportValve.java:93)
		at org.apache.catalina.valves.AbstractAccessLogValve.invoke(AbstractAccessLogValve.java:670)
		at org.apache.catalina.core.StandardEngineValve.invoke(StandardEngineValve.java:74)
		at org.apache.catalina.connector.CoyoteAdapter.service(CoyoteAdapter.java:342)
		at org.apache.coyote.http11.Http11Processor.service(Http11Processor.java:390)
		at org.apache.coyote.AbstractProcessorLight.process(AbstractProcessorLight.java:63)
		at org.apache.coyote.AbstractProtocol$ConnectionHandler.process(AbstractProtocol.java:928)
		at org.apache.tomcat.util.net.NioEndpoint$SocketProcessor.doRun(NioEndpoint.java:1794)
		at org.apache.tomcat.util.net.SocketProcessorBase.run(SocketProcessorBase.java:52)
		at org.apache.tomcat.util.threads.ThreadPoolExecutor.runWorker(ThreadPoolExecutor.java:1191)
		at org.apache.tomcat.util.threads.ThreadPoolExecutor$Worker.run(ThreadPoolExecutor.java:659)
		at org.apache.tomcat.util.threads.TaskThread$WrappingRunnable.run(TaskThread.java:61)
		at java.base/java.lang.Thread.run(Thread.java:1583)
07-Feb-2024 23:58:50.785 信息 [http-nio-80-exec-4] org.apache.coyote.http11.Http11Processor.service 解析 HTTP 请求 header 错误
 注意：HTTP请求解析错误的进一步发生将记录在DEBUG级别。
	java.lang.IllegalArgumentException: 在方法名称[Gh0st0xad0x000x000x000xe00x000x000x00x0x9cKS``0x980xc30xc00xc00xc00x060xc40x8c@0xbcQ0x960x810x810x09H0x070xa70x160x95e&0xa7*0x04$&g+0x1820x940xf60xb0000xac0xa8rc0x000x010x110xa00x820x1f\`&0x830xc7K70x860x190xe5n0x0c90x95n0x0c;0x840x0f30xac0xe8sch0xa8^0xcf4'J0x970xa90x820xe300xc30x91h]&0x900xf80xce0x97S0xcbA4L?2=0xe10xc40x920x860x0b@0xf5`0x0cT0x1f0xae0xaf]0x0ar0x0b0x03#0xa30xdc0x02~0x060x860x03+0x18m0xc2=0xfdtC,C0xfdL<<==\0x9d0x190x880x000xe5 ]中发现无效的字符串, HTTP 方法名必须是有效的符号.
		at org.apache.coyote.http11.Http11InputBuffer.parseRequestLine(Http11InputBuffer.java:407)
		at org.apache.coyote.http11.Http11Processor.service(Http11Processor.java:263)
		at org.apache.coyote.AbstractProcessorLight.process(AbstractProcessorLight.java:63)
		at org.apache.coyote.AbstractProtocol$ConnectionHandler.process(AbstractProtocol.java:928)
		at org.apache.tomcat.util.net.NioEndpoint$SocketProcessor.doRun(NioEndpoint.java:1794)
		at org.apache.tomcat.util.net.SocketProcessorBase.run(SocketProcessorBase.java:52)
		at org.apache.tomcat.util.threads.ThreadPoolExecutor.runWorker(ThreadPoolExecutor.java:1191)
		at org.apache.tomcat.util.threads.ThreadPoolExecutor$Worker.run(ThreadPoolExecutor.java:659)
		at org.apache.tomcat.util.threads.TaskThread$WrappingRunnable.run(TaskThread.java:61)
		at java.base/java.lang.Thread.run(Thread.java:1583)
