18-Jan-2024 09:19:06.917 信息 [http-nio-80-exec-3] org.apache.coyote.http11.Http11Processor.service 解析 HTTP 请求 header 错误
 注意：HTTP请求解析错误的进一步发生将记录在DEBUG级别。
	java.lang.IllegalArgumentException: 在方法名称[0x160x030x010x000xc30x010x000x000xbf0x030x030xd3"0xf50xbf0x8f0xd6S0xb40xb0)?@G0x190x8c0xd3]0x900xeb}-0x8c+<P(0x16=0x94'0xcb0xfe0x000x00P0xc0,0xc000xc0+0xc0/0xcc0xa90xcc0xa80x000x9f0x000x9e0xcc0xaa0xc00xaf0xc00xad0xc00xae0xc00xac0xc0$0xc0(0xc0#0xc0'0xc00x0a0xc00x140xc00x090xc00x130xc00xa30xc00x9f0xc00xa20xc00x9e0x00k0x00g0x0090x0030x000x9d0x000x9c0xc00xa10xc00x9d0xc00xa00xc00x9c0x00=0x00<0x0050x00/0x000xff0x010x000x00F0x000x0b0x000x040x030x000x010x020x000x0a0x000x0a0x000x080x000x1d0x000x170x000x190x000x180x00#0x000x000x000x160x000x000x000x170x000x000x000x0d0x00 ]中发现无效的字符串, HTTP 方法名必须是有效的符号.
		at org.apache.coyote.http11.Http11InputBuffer.parseRequestLine(Http11InputBuffer.java:407)
		at org.apache.coyote.http11.Http11Processor.service(Http11Processor.java:263)
		at org.apache.coyote.AbstractProcessorLight.process(AbstractProcessorLight.java:63)
		at org.apache.coyote.AbstractProtocol$ConnectionHandler.process(AbstractProtocol.java:928)
		at org.apache.tomcat.util.net.NioEndpoint$SocketProcessor.doRun(NioEndpoint.java:1794)
		at org.apache.tomcat.util.net.SocketProcessorBase.run(SocketProcessorBase.java:52)
		at org.apache.tomcat.util.threads.ThreadPoolExecutor.runWorker(ThreadPoolExecutor.java:1191)
		at org.apache.tomcat.util.threads.ThreadPoolExecutor$Worker.run(ThreadPoolExecutor.java:659)
		at org.apache.tomcat.util.threads.TaskThread$WrappingRunnable.run(TaskThread.java:61)
		at java.base/java.lang.Thread.run(Thread.java:1583)
18-Jan-2024 11:46:39.634 信息 [main] org.apache.catalina.startup.VersionLoggerListener.log Server.服务器版本: Apache Tomcat/9.0.85
18-Jan-2024 11:46:39.655 信息 [main] org.apache.catalina.startup.VersionLoggerListener.log 服务器构建:        Jan 5 2024 08:28:07 UTC
18-Jan-2024 11:46:39.655 信息 [main] org.apache.catalina.startup.VersionLoggerListener.log 服务器版本号:      9.0.85.0
18-Jan-2024 11:46:39.655 信息 [main] org.apache.catalina.startup.VersionLoggerListener.log 操作系统名称:      Windows Server 2022
18-Jan-2024 11:46:39.655 信息 [main] org.apache.catalina.startup.VersionLoggerListener.log OS.版本:           10.0
18-Jan-2024 11:46:39.655 信息 [main] org.apache.catalina.startup.VersionLoggerListener.log 架构:              amd64
18-Jan-2024 11:46:39.655 信息 [main] org.apache.catalina.startup.VersionLoggerListener.log Java 环境变量:     C:\Program Files\Java\jdk-21
18-Jan-2024 11:46:39.655 信息 [main] org.apache.catalina.startup.VersionLoggerListener.log Java虚拟机版本:    21.0.1+12-LTS-29
18-Jan-2024 11:46:39.655 信息 [main] org.apache.catalina.startup.VersionLoggerListener.log JVM.供应商:        Oracle Corporation
18-Jan-2024 11:46:39.655 信息 [main] org.apache.catalina.startup.VersionLoggerListener.log CATALINA_BASE:     C:\Users\Administrator\Desktop\apache-tomcat-9.0.85
18-Jan-2024 11:46:39.665 信息 [main] org.apache.catalina.startup.VersionLoggerListener.log CATALINA_HOME:     C:\Users\Administrator\Desktop\apache-tomcat-9.0.85
18-Jan-2024 11:46:39.682 信息 [main] org.apache.catalina.startup.VersionLoggerListener.log 命令行参数：       --add-opens=java.base/java.lang=ALL-UNNAMED
18-Jan-2024 11:46:39.682 信息 [main] org.apache.catalina.startup.VersionLoggerListener.log 命令行参数：       --add-opens=java.base/java.io=ALL-UNNAMED
18-Jan-2024 11:46:39.682 信息 [main] org.apache.catalina.startup.VersionLoggerListener.log 命令行参数：       --add-opens=java.base/java.util=ALL-UNNAMED
18-Jan-2024 11:46:39.682 信息 [main] org.apache.catalina.startup.VersionLoggerListener.log 命令行参数：       --add-opens=java.base/java.util.concurrent=ALL-UNNAMED
18-Jan-2024 11:46:39.682 信息 [main] org.apache.catalina.startup.VersionLoggerListener.log 命令行参数：       --add-opens=java.rmi/sun.rmi.transport=ALL-UNNAMED
18-Jan-2024 11:46:39.682 信息 [main] org.apache.catalina.startup.VersionLoggerListener.log 命令行参数：       -Djava.util.logging.config.file=C:\Users\Administrator\Desktop\apache-tomcat-9.0.85\conf\logging.properties
18-Jan-2024 11:46:39.682 信息 [main] org.apache.catalina.startup.VersionLoggerListener.log 命令行参数：       -Djava.util.logging.manager=org.apache.juli.ClassLoaderLogManager
18-Jan-2024 11:46:39.682 信息 [main] org.apache.catalina.startup.VersionLoggerListener.log 命令行参数：       -Djdk.tls.ephemeralDHKeySize=2048
18-Jan-2024 11:46:39.682 信息 [main] org.apache.catalina.startup.VersionLoggerListener.log 命令行参数：       -Djava.protocol.handler.pkgs=org.apache.catalina.webresources
18-Jan-2024 11:46:39.682 信息 [main] org.apache.catalina.startup.VersionLoggerListener.log 命令行参数：       -Dignore.endorsed.dirs=
18-Jan-2024 11:46:39.698 信息 [main] org.apache.catalina.startup.VersionLoggerListener.log 命令行参数：       -Dcatalina.base=C:\Users\Administrator\Desktop\apache-tomcat-9.0.85
18-Jan-2024 11:46:39.698 信息 [main] org.apache.catalina.startup.VersionLoggerListener.log 命令行参数：       -Dcatalina.home=C:\Users\Administrator\Desktop\apache-tomcat-9.0.85
18-Jan-2024 11:46:39.698 信息 [main] org.apache.catalina.startup.VersionLoggerListener.log 命令行参数：       -Djava.io.tmpdir=C:\Users\Administrator\Desktop\apache-tomcat-9.0.85\temp
18-Jan-2024 11:46:39.714 信息 [main] org.apache.catalina.core.AprLifecycleListener.lifecycleEvent 使用APR版本[1.7.4]加载了基于APR的Apache Tomcat本机库[1.2.39]。
18-Jan-2024 11:46:39.714 信息 [main] org.apache.catalina.core.AprLifecycleListener.lifecycleEvent APR功能：IPv6[true]、sendfile[true]、accept filters[false]、random[true]、UDS [true]。
18-Jan-2024 11:46:39.714 信息 [main] org.apache.catalina.core.AprLifecycleListener.lifecycleEvent APR/OpenSSL配置：useAprConnector[false]，useOpenSSL[true]
18-Jan-2024 11:46:39.714 信息 [main] org.apache.catalina.core.AprLifecycleListener.initializeSSL OpenSSL成功初始化 [OpenSSL 3.0.11 19 Sep 2023]
18-Jan-2024 11:46:40.368 信息 [main] org.apache.coyote.AbstractProtocol.init 初始化协议处理器 ["http-nio-80"]
18-Jan-2024 11:46:40.415 信息 [main] org.apache.catalina.startup.Catalina.load 服务器在[1176]毫秒内初始化
18-Jan-2024 11:46:40.526 信息 [main] org.apache.catalina.core.StandardService.startInternal 正在启动服务[Catalina]
18-Jan-2024 11:46:40.542 信息 [main] org.apache.catalina.core.StandardEngine.startInternal 正在启动 Servlet 引擎：[Apache Tomcat/9.0.85]
18-Jan-2024 11:46:40.558 信息 [main] org.apache.catalina.startup.HostConfig.deployDirectory 把web 应用程序部署到目录 [C:\Users\Administrator\Desktop\apache-tomcat-9.0.85\webapps\web\ROOT]
18-Jan-2024 11:46:41.040 信息 [main] org.apache.catalina.startup.HostConfig.deployDirectory Web应用程序目录[C:\Users\Administrator\Desktop\apache-tomcat-9.0.85\webapps\web\ROOT]的部署已在[482]毫秒内完成
18-Jan-2024 11:46:41.055 严重 [main] org.apache.catalina.mapper.MapperListener.findDefaultHost 服务[StandardService[Catalina]]的默认主机[47.109.151.20]未知。Tomcat将无法处理未指定主机名的HTTP/1.0请求。
18-Jan-2024 11:46:41.055 严重 [main] org.apache.catalina.mapper.MapperListener.findDefaultHost 服务[StandardService[Catalina]]的默认主机[47.109.151.20]未知。Tomcat将无法处理未指定主机名的HTTP/1.0请求。
18-Jan-2024 11:46:41.055 信息 [main] org.apache.coyote.AbstractProtocol.start 开始协议处理句柄["http-nio-80"]
18-Jan-2024 11:46:41.103 信息 [main] org.apache.catalina.startup.Catalina.start [676]毫秒后服务器启动
18-Jan-2024 11:47:23.435 信息 [main] org.apache.catalina.startup.VersionLoggerListener.log Server.服务器版本: Apache Tomcat/9.0.85
18-Jan-2024 11:47:23.450 信息 [main] org.apache.catalina.startup.VersionLoggerListener.log 服务器构建:        Jan 5 2024 08:28:07 UTC
18-Jan-2024 11:47:23.450 信息 [main] org.apache.catalina.startup.VersionLoggerListener.log 服务器版本号:      9.0.85.0
18-Jan-2024 11:47:23.455 信息 [main] org.apache.catalina.startup.VersionLoggerListener.log 操作系统名称:      Windows Server 2022
18-Jan-2024 11:47:23.455 信息 [main] org.apache.catalina.startup.VersionLoggerListener.log OS.版本:           10.0
18-Jan-2024 11:47:23.458 信息 [main] org.apache.catalina.startup.VersionLoggerListener.log 架构:              amd64
18-Jan-2024 11:47:23.458 信息 [main] org.apache.catalina.startup.VersionLoggerListener.log Java 环境变量:     C:\Program Files\Java\jdk-21
18-Jan-2024 11:47:23.462 信息 [main] org.apache.catalina.startup.VersionLoggerListener.log Java虚拟机版本:    21.0.1+12-LTS-29
18-Jan-2024 11:47:23.462 信息 [main] org.apache.catalina.startup.VersionLoggerListener.log JVM.供应商:        Oracle Corporation
18-Jan-2024 11:47:23.462 信息 [main] org.apache.catalina.startup.VersionLoggerListener.log CATALINA_BASE:     C:\Users\Administrator\Desktop\apache-tomcat-9.0.85
18-Jan-2024 11:47:23.463 信息 [main] org.apache.catalina.startup.VersionLoggerListener.log CATALINA_HOME:     C:\Users\Administrator\Desktop\apache-tomcat-9.0.85
18-Jan-2024 11:47:23.463 信息 [main] org.apache.catalina.startup.VersionLoggerListener.log 命令行参数：       --add-opens=java.base/java.lang=ALL-UNNAMED
18-Jan-2024 11:47:23.465 信息 [main] org.apache.catalina.startup.VersionLoggerListener.log 命令行参数：       --add-opens=java.base/java.io=ALL-UNNAMED
18-Jan-2024 11:47:23.465 信息 [main] org.apache.catalina.startup.VersionLoggerListener.log 命令行参数：       --add-opens=java.base/java.util=ALL-UNNAMED
18-Jan-2024 11:47:23.465 信息 [main] org.apache.catalina.startup.VersionLoggerListener.log 命令行参数：       --add-opens=java.base/java.util.concurrent=ALL-UNNAMED
18-Jan-2024 11:47:23.466 信息 [main] org.apache.catalina.startup.VersionLoggerListener.log 命令行参数：       --add-opens=java.rmi/sun.rmi.transport=ALL-UNNAMED
18-Jan-2024 11:47:23.466 信息 [main] org.apache.catalina.startup.VersionLoggerListener.log 命令行参数：       -Djava.util.logging.config.file=C:\Users\Administrator\Desktop\apache-tomcat-9.0.85\conf\logging.properties
18-Jan-2024 11:47:23.467 信息 [main] org.apache.catalina.startup.VersionLoggerListener.log 命令行参数：       -Djava.util.logging.manager=org.apache.juli.ClassLoaderLogManager
18-Jan-2024 11:47:23.467 信息 [main] org.apache.catalina.startup.VersionLoggerListener.log 命令行参数：       -Djdk.tls.ephemeralDHKeySize=2048
18-Jan-2024 11:47:23.468 信息 [main] org.apache.catalina.startup.VersionLoggerListener.log 命令行参数：       -Djava.protocol.handler.pkgs=org.apache.catalina.webresources
18-Jan-2024 11:47:23.469 信息 [main] org.apache.catalina.startup.VersionLoggerListener.log 命令行参数：       -Dignore.endorsed.dirs=
18-Jan-2024 11:47:23.469 信息 [main] org.apache.catalina.startup.VersionLoggerListener.log 命令行参数：       -Dcatalina.base=C:\Users\Administrator\Desktop\apache-tomcat-9.0.85
18-Jan-2024 11:47:23.470 信息 [main] org.apache.catalina.startup.VersionLoggerListener.log 命令行参数：       -Dcatalina.home=C:\Users\Administrator\Desktop\apache-tomcat-9.0.85
18-Jan-2024 11:47:23.470 信息 [main] org.apache.catalina.startup.VersionLoggerListener.log 命令行参数：       -Djava.io.tmpdir=C:\Users\Administrator\Desktop\apache-tomcat-9.0.85\temp
18-Jan-2024 11:47:23.484 信息 [main] org.apache.catalina.core.AprLifecycleListener.lifecycleEvent 使用APR版本[1.7.4]加载了基于APR的Apache Tomcat本机库[1.2.39]。
18-Jan-2024 11:47:23.485 信息 [main] org.apache.catalina.core.AprLifecycleListener.lifecycleEvent APR功能：IPv6[true]、sendfile[true]、accept filters[false]、random[true]、UDS [true]。
18-Jan-2024 11:47:23.486 信息 [main] org.apache.catalina.core.AprLifecycleListener.lifecycleEvent APR/OpenSSL配置：useAprConnector[false]，useOpenSSL[true]
18-Jan-2024 11:47:23.493 信息 [main] org.apache.catalina.core.AprLifecycleListener.initializeSSL OpenSSL成功初始化 [OpenSSL 3.0.11 19 Sep 2023]
18-Jan-2024 11:47:24.054 信息 [main] org.apache.coyote.AbstractProtocol.init 初始化协议处理器 ["http-nio-80"]
18-Jan-2024 11:47:24.107 信息 [main] org.apache.catalina.startup.Catalina.load 服务器在[1063]毫秒内初始化
18-Jan-2024 11:47:24.290 信息 [main] org.apache.catalina.core.StandardService.startInternal 正在启动服务[Catalina]
18-Jan-2024 11:47:24.297 信息 [main] org.apache.catalina.core.StandardEngine.startInternal 正在启动 Servlet 引擎：[Apache Tomcat/9.0.85]
18-Jan-2024 11:47:24.312 信息 [main] org.apache.catalina.startup.HostConfig.deployDirectory 把web 应用程序部署到目录 [C:\Users\Administrator\Desktop\apache-tomcat-9.0.85\webapps\web\ROOT]
18-Jan-2024 11:47:24.739 信息 [main] org.apache.catalina.startup.HostConfig.deployDirectory Web应用程序目录[C:\Users\Administrator\Desktop\apache-tomcat-9.0.85\webapps\web\ROOT]的部署已在[423]毫秒内完成
18-Jan-2024 11:47:24.745 信息 [main] org.apache.coyote.AbstractProtocol.start 开始协议处理句柄["http-nio-80"]
18-Jan-2024 11:47:24.794 信息 [main] org.apache.catalina.startup.Catalina.start [679]毫秒后服务器启动
18-Jan-2024 11:48:03.115 信息 [main] org.apache.catalina.startup.VersionLoggerListener.log Server.服务器版本: Apache Tomcat/9.0.85
18-Jan-2024 11:48:03.129 信息 [main] org.apache.catalina.startup.VersionLoggerListener.log 服务器构建:        Jan 5 2024 08:28:07 UTC
18-Jan-2024 11:48:03.133 信息 [main] org.apache.catalina.startup.VersionLoggerListener.log 服务器版本号:      9.0.85.0
18-Jan-2024 11:48:03.135 信息 [main] org.apache.catalina.startup.VersionLoggerListener.log 操作系统名称:      Windows Server 2022
18-Jan-2024 11:48:03.135 信息 [main] org.apache.catalina.startup.VersionLoggerListener.log OS.版本:           10.0
18-Jan-2024 11:48:03.136 信息 [main] org.apache.catalina.startup.VersionLoggerListener.log 架构:              amd64
18-Jan-2024 11:48:03.146 信息 [main] org.apache.catalina.startup.VersionLoggerListener.log Java 环境变量:     C:\Program Files\Java\jdk-21
18-Jan-2024 11:48:03.151 信息 [main] org.apache.catalina.startup.VersionLoggerListener.log Java虚拟机版本:    21.0.1+12-LTS-29
18-Jan-2024 11:48:03.152 信息 [main] org.apache.catalina.startup.VersionLoggerListener.log JVM.供应商:        Oracle Corporation
18-Jan-2024 11:48:03.152 信息 [main] org.apache.catalina.startup.VersionLoggerListener.log CATALINA_BASE:     C:\Users\Administrator\Desktop\apache-tomcat-9.0.85
18-Jan-2024 11:48:03.153 信息 [main] org.apache.catalina.startup.VersionLoggerListener.log CATALINA_HOME:     C:\Users\Administrator\Desktop\apache-tomcat-9.0.85
18-Jan-2024 11:48:03.161 信息 [main] org.apache.catalina.startup.VersionLoggerListener.log 命令行参数：       --add-opens=java.base/java.lang=ALL-UNNAMED
18-Jan-2024 11:48:03.162 信息 [main] org.apache.catalina.startup.VersionLoggerListener.log 命令行参数：       --add-opens=java.base/java.io=ALL-UNNAMED
18-Jan-2024 11:48:03.163 信息 [main] org.apache.catalina.startup.VersionLoggerListener.log 命令行参数：       --add-opens=java.base/java.util=ALL-UNNAMED
18-Jan-2024 11:48:03.164 信息 [main] org.apache.catalina.startup.VersionLoggerListener.log 命令行参数：       --add-opens=java.base/java.util.concurrent=ALL-UNNAMED
18-Jan-2024 11:48:03.164 信息 [main] org.apache.catalina.startup.VersionLoggerListener.log 命令行参数：       --add-opens=java.rmi/sun.rmi.transport=ALL-UNNAMED
18-Jan-2024 11:48:03.165 信息 [main] org.apache.catalina.startup.VersionLoggerListener.log 命令行参数：       -Djava.util.logging.config.file=C:\Users\Administrator\Desktop\apache-tomcat-9.0.85\conf\logging.properties
18-Jan-2024 11:48:03.165 信息 [main] org.apache.catalina.startup.VersionLoggerListener.log 命令行参数：       -Djava.util.logging.manager=org.apache.juli.ClassLoaderLogManager
18-Jan-2024 11:48:03.166 信息 [main] org.apache.catalina.startup.VersionLoggerListener.log 命令行参数：       -Djdk.tls.ephemeralDHKeySize=2048
18-Jan-2024 11:48:03.167 信息 [main] org.apache.catalina.startup.VersionLoggerListener.log 命令行参数：       -Djava.protocol.handler.pkgs=org.apache.catalina.webresources
18-Jan-2024 11:48:03.168 信息 [main] org.apache.catalina.startup.VersionLoggerListener.log 命令行参数：       -Dignore.endorsed.dirs=
18-Jan-2024 11:48:03.168 信息 [main] org.apache.catalina.startup.VersionLoggerListener.log 命令行参数：       -Dcatalina.base=C:\Users\Administrator\Desktop\apache-tomcat-9.0.85
18-Jan-2024 11:48:03.177 信息 [main] org.apache.catalina.startup.VersionLoggerListener.log 命令行参数：       -Dcatalina.home=C:\Users\Administrator\Desktop\apache-tomcat-9.0.85
18-Jan-2024 11:48:03.177 信息 [main] org.apache.catalina.startup.VersionLoggerListener.log 命令行参数：       -Djava.io.tmpdir=C:\Users\Administrator\Desktop\apache-tomcat-9.0.85\temp
18-Jan-2024 11:48:03.186 信息 [main] org.apache.catalina.core.AprLifecycleListener.lifecycleEvent 使用APR版本[1.7.4]加载了基于APR的Apache Tomcat本机库[1.2.39]。
18-Jan-2024 11:48:03.187 信息 [main] org.apache.catalina.core.AprLifecycleListener.lifecycleEvent APR功能：IPv6[true]、sendfile[true]、accept filters[false]、random[true]、UDS [true]。
18-Jan-2024 11:48:03.188 信息 [main] org.apache.catalina.core.AprLifecycleListener.lifecycleEvent APR/OpenSSL配置：useAprConnector[false]，useOpenSSL[true]
18-Jan-2024 11:48:03.201 信息 [main] org.apache.catalina.core.AprLifecycleListener.initializeSSL OpenSSL成功初始化 [OpenSSL 3.0.11 19 Sep 2023]
18-Jan-2024 11:48:03.881 信息 [main] org.apache.coyote.AbstractProtocol.init 初始化协议处理器 ["http-nio-80"]
18-Jan-2024 11:48:03.964 信息 [main] org.apache.catalina.startup.Catalina.load 服务器在[1298]毫秒内初始化
18-Jan-2024 11:48:04.090 信息 [main] org.apache.catalina.core.StandardService.startInternal 正在启动服务[Catalina]
18-Jan-2024 11:48:04.101 信息 [main] org.apache.catalina.core.StandardEngine.startInternal 正在启动 Servlet 引擎：[Apache Tomcat/9.0.85]
18-Jan-2024 11:48:04.115 信息 [main] org.apache.catalina.startup.HostConfig.deployDirectory 把web 应用程序部署到目录 [C:\Users\Administrator\Desktop\apache-tomcat-9.0.85\webapps\web\ROOT]
18-Jan-2024 11:48:04.612 信息 [main] org.apache.catalina.startup.HostConfig.deployDirectory Web应用程序目录[C:\Users\Administrator\Desktop\apache-tomcat-9.0.85\webapps\web\ROOT]的部署已在[493]毫秒内完成
18-Jan-2024 11:48:04.618 信息 [main] org.apache.coyote.AbstractProtocol.start 开始协议处理句柄["http-nio-80"]
18-Jan-2024 11:48:04.670 信息 [main] org.apache.catalina.startup.Catalina.start [698]毫秒后服务器启动
18-Jan-2024 12:08:21.497 信息 [main] org.apache.catalina.startup.VersionLoggerListener.log Server.服务器版本: Apache Tomcat/9.0.85
18-Jan-2024 12:08:21.510 信息 [main] org.apache.catalina.startup.VersionLoggerListener.log 服务器构建:        Jan 5 2024 08:28:07 UTC
18-Jan-2024 12:08:21.510 信息 [main] org.apache.catalina.startup.VersionLoggerListener.log 服务器版本号:      9.0.85.0
18-Jan-2024 12:08:21.510 信息 [main] org.apache.catalina.startup.VersionLoggerListener.log 操作系统名称:      Windows Server 2022
18-Jan-2024 12:08:21.510 信息 [main] org.apache.catalina.startup.VersionLoggerListener.log OS.版本:           10.0
18-Jan-2024 12:08:21.510 信息 [main] org.apache.catalina.startup.VersionLoggerListener.log 架构:              amd64
18-Jan-2024 12:08:21.510 信息 [main] org.apache.catalina.startup.VersionLoggerListener.log Java 环境变量:     C:\Program Files\Java\jdk-21
18-Jan-2024 12:08:21.510 信息 [main] org.apache.catalina.startup.VersionLoggerListener.log Java虚拟机版本:    21.0.1+12-LTS-29
18-Jan-2024 12:08:21.528 信息 [main] org.apache.catalina.startup.VersionLoggerListener.log JVM.供应商:        Oracle Corporation
18-Jan-2024 12:08:21.533 信息 [main] org.apache.catalina.startup.VersionLoggerListener.log CATALINA_BASE:     C:\Users\Administrator\Desktop\apache-tomcat-9.0.85
18-Jan-2024 12:08:21.533 信息 [main] org.apache.catalina.startup.VersionLoggerListener.log CATALINA_HOME:     C:\Users\Administrator\Desktop\apache-tomcat-9.0.85
18-Jan-2024 12:08:21.542 信息 [main] org.apache.catalina.startup.VersionLoggerListener.log 命令行参数：       --add-opens=java.base/java.lang=ALL-UNNAMED
18-Jan-2024 12:08:21.542 信息 [main] org.apache.catalina.startup.VersionLoggerListener.log 命令行参数：       --add-opens=java.base/java.io=ALL-UNNAMED
18-Jan-2024 12:08:21.542 信息 [main] org.apache.catalina.startup.VersionLoggerListener.log 命令行参数：       --add-opens=java.base/java.util=ALL-UNNAMED
18-Jan-2024 12:08:21.542 信息 [main] org.apache.catalina.startup.VersionLoggerListener.log 命令行参数：       --add-opens=java.base/java.util.concurrent=ALL-UNNAMED
18-Jan-2024 12:08:21.542 信息 [main] org.apache.catalina.startup.VersionLoggerListener.log 命令行参数：       --add-opens=java.rmi/sun.rmi.transport=ALL-UNNAMED
18-Jan-2024 12:08:21.542 信息 [main] org.apache.catalina.startup.VersionLoggerListener.log 命令行参数：       -Djava.util.logging.config.file=C:\Users\Administrator\Desktop\apache-tomcat-9.0.85\conf\logging.properties
18-Jan-2024 12:08:21.542 信息 [main] org.apache.catalina.startup.VersionLoggerListener.log 命令行参数：       -Djava.util.logging.manager=org.apache.juli.ClassLoaderLogManager
18-Jan-2024 12:08:21.542 信息 [main] org.apache.catalina.startup.VersionLoggerListener.log 命令行参数：       -Djdk.tls.ephemeralDHKeySize=2048
18-Jan-2024 12:08:21.542 信息 [main] org.apache.catalina.startup.VersionLoggerListener.log 命令行参数：       -Djava.protocol.handler.pkgs=org.apache.catalina.webresources
18-Jan-2024 12:08:21.542 信息 [main] org.apache.catalina.startup.VersionLoggerListener.log 命令行参数：       -Dignore.endorsed.dirs=
18-Jan-2024 12:08:21.542 信息 [main] org.apache.catalina.startup.VersionLoggerListener.log 命令行参数：       -Dcatalina.base=C:\Users\Administrator\Desktop\apache-tomcat-9.0.85
18-Jan-2024 12:08:21.542 信息 [main] org.apache.catalina.startup.VersionLoggerListener.log 命令行参数：       -Dcatalina.home=C:\Users\Administrator\Desktop\apache-tomcat-9.0.85
18-Jan-2024 12:08:21.542 信息 [main] org.apache.catalina.startup.VersionLoggerListener.log 命令行参数：       -Djava.io.tmpdir=C:\Users\Administrator\Desktop\apache-tomcat-9.0.85\temp
18-Jan-2024 12:08:21.542 信息 [main] org.apache.catalina.core.AprLifecycleListener.lifecycleEvent 使用APR版本[1.7.4]加载了基于APR的Apache Tomcat本机库[1.2.39]。
18-Jan-2024 12:08:21.542 信息 [main] org.apache.catalina.core.AprLifecycleListener.lifecycleEvent APR功能：IPv6[true]、sendfile[true]、accept filters[false]、random[true]、UDS [true]。
18-Jan-2024 12:08:21.559 信息 [main] org.apache.catalina.core.AprLifecycleListener.lifecycleEvent APR/OpenSSL配置：useAprConnector[false]，useOpenSSL[true]
18-Jan-2024 12:08:21.559 信息 [main] org.apache.catalina.core.AprLifecycleListener.initializeSSL OpenSSL成功初始化 [OpenSSL 3.0.11 19 Sep 2023]
18-Jan-2024 12:08:22.137 信息 [main] org.apache.coyote.AbstractProtocol.init 初始化协议处理器 ["http-nio-80"]
18-Jan-2024 12:08:22.186 信息 [main] org.apache.catalina.startup.Catalina.load 服务器在[1042]毫秒内初始化
18-Jan-2024 12:08:22.265 信息 [main] org.apache.catalina.core.StandardService.startInternal 正在启动服务[Catalina]
18-Jan-2024 12:08:22.265 信息 [main] org.apache.catalina.core.StandardEngine.startInternal 正在启动 Servlet 引擎：[Apache Tomcat/9.0.85]
18-Jan-2024 12:08:22.282 信息 [main] org.apache.catalina.startup.HostConfig.deployDirectory 把web 应用程序部署到目录 [C:\Users\Administrator\Desktop\apache-tomcat-9.0.85\webapps\web\ROOT]
18-Jan-2024 12:08:22.736 信息 [main] org.apache.catalina.startup.HostConfig.deployDirectory Web应用程序目录[C:\Users\Administrator\Desktop\apache-tomcat-9.0.85\webapps\web\ROOT]的部署已在[448]毫秒内完成
18-Jan-2024 12:08:22.736 信息 [main] org.apache.coyote.AbstractProtocol.start 开始协议处理句柄["http-nio-80"]
18-Jan-2024 12:08:22.793 信息 [main] org.apache.catalina.startup.Catalina.start [596]毫秒后服务器启动
18-Jan-2024 12:16:50.356 信息 [http-nio-80-exec-5] org.apache.coyote.http11.Http11Processor.service 解析 HTTP 请求 header 错误
 注意：HTTP请求解析错误的进一步发生将记录在DEBUG级别。
	java.lang.IllegalArgumentException: 在方法名称[0x030x000x00/*0xe00x000x000x000x000x00Cookie: ]中发现无效的字符串, HTTP 方法名必须是有效的符号.
		at org.apache.coyote.http11.Http11InputBuffer.parseRequestLine(Http11InputBuffer.java:407)
		at org.apache.coyote.http11.Http11Processor.service(Http11Processor.java:263)
		at org.apache.coyote.AbstractProcessorLight.process(AbstractProcessorLight.java:63)
		at org.apache.coyote.AbstractProtocol$ConnectionHandler.process(AbstractProtocol.java:928)
		at org.apache.tomcat.util.net.NioEndpoint$SocketProcessor.doRun(NioEndpoint.java:1794)
		at org.apache.tomcat.util.net.SocketProcessorBase.run(SocketProcessorBase.java:52)
		at org.apache.tomcat.util.threads.ThreadPoolExecutor.runWorker(ThreadPoolExecutor.java:1191)
		at org.apache.tomcat.util.threads.ThreadPoolExecutor$Worker.run(ThreadPoolExecutor.java:659)
		at org.apache.tomcat.util.threads.TaskThread$WrappingRunnable.run(TaskThread.java:61)
		at java.base/java.lang.Thread.run(Thread.java:1583)
18-Jan-2024 14:34:04.103 信息 [main] org.apache.catalina.startup.VersionLoggerListener.log Server.服务器版本: Apache Tomcat/9.0.85
18-Jan-2024 14:34:04.129 信息 [main] org.apache.catalina.startup.VersionLoggerListener.log 服务器构建:        Jan 5 2024 08:28:07 UTC
18-Jan-2024 14:34:04.129 信息 [main] org.apache.catalina.startup.VersionLoggerListener.log 服务器版本号:      9.0.85.0
18-Jan-2024 14:34:04.129 信息 [main] org.apache.catalina.startup.VersionLoggerListener.log 操作系统名称:      Windows Server 2022
18-Jan-2024 14:34:04.129 信息 [main] org.apache.catalina.startup.VersionLoggerListener.log OS.版本:           10.0
18-Jan-2024 14:34:04.129 信息 [main] org.apache.catalina.startup.VersionLoggerListener.log 架构:              amd64
18-Jan-2024 14:34:04.129 信息 [main] org.apache.catalina.startup.VersionLoggerListener.log Java 环境变量:     C:\Program Files\Java\jdk-21
18-Jan-2024 14:34:04.129 信息 [main] org.apache.catalina.startup.VersionLoggerListener.log Java虚拟机版本:    21.0.1+12-LTS-29
18-Jan-2024 14:34:04.129 信息 [main] org.apache.catalina.startup.VersionLoggerListener.log JVM.供应商:        Oracle Corporation
18-Jan-2024 14:34:04.129 信息 [main] org.apache.catalina.startup.VersionLoggerListener.log CATALINA_BASE:     C:\Users\Administrator\Desktop\apache-tomcat-9.0.85
18-Jan-2024 14:34:04.129 信息 [main] org.apache.catalina.startup.VersionLoggerListener.log CATALINA_HOME:     C:\Users\Administrator\Desktop\apache-tomcat-9.0.85
18-Jan-2024 14:34:04.161 信息 [main] org.apache.catalina.startup.VersionLoggerListener.log 命令行参数：       --add-opens=java.base/java.lang=ALL-UNNAMED
18-Jan-2024 14:34:04.161 信息 [main] org.apache.catalina.startup.VersionLoggerListener.log 命令行参数：       --add-opens=java.base/java.io=ALL-UNNAMED
18-Jan-2024 14:34:04.161 信息 [main] org.apache.catalina.startup.VersionLoggerListener.log 命令行参数：       --add-opens=java.base/java.util=ALL-UNNAMED
18-Jan-2024 14:34:04.161 信息 [main] org.apache.catalina.startup.VersionLoggerListener.log 命令行参数：       --add-opens=java.base/java.util.concurrent=ALL-UNNAMED
18-Jan-2024 14:34:04.161 信息 [main] org.apache.catalina.startup.VersionLoggerListener.log 命令行参数：       --add-opens=java.rmi/sun.rmi.transport=ALL-UNNAMED
18-Jan-2024 14:34:04.161 信息 [main] org.apache.catalina.startup.VersionLoggerListener.log 命令行参数：       -Djava.util.logging.config.file=C:\Users\Administrator\Desktop\apache-tomcat-9.0.85\conf\logging.properties
18-Jan-2024 14:34:04.161 信息 [main] org.apache.catalina.startup.VersionLoggerListener.log 命令行参数：       -Djava.util.logging.manager=org.apache.juli.ClassLoaderLogManager
18-Jan-2024 14:34:04.161 信息 [main] org.apache.catalina.startup.VersionLoggerListener.log 命令行参数：       -Djdk.tls.ephemeralDHKeySize=2048
18-Jan-2024 14:34:04.161 信息 [main] org.apache.catalina.startup.VersionLoggerListener.log 命令行参数：       -Djava.protocol.handler.pkgs=org.apache.catalina.webresources
18-Jan-2024 14:34:04.177 信息 [main] org.apache.catalina.startup.VersionLoggerListener.log 命令行参数：       -Dignore.endorsed.dirs=
18-Jan-2024 14:34:04.177 信息 [main] org.apache.catalina.startup.VersionLoggerListener.log 命令行参数：       -Dcatalina.base=C:\Users\Administrator\Desktop\apache-tomcat-9.0.85
18-Jan-2024 14:34:04.177 信息 [main] org.apache.catalina.startup.VersionLoggerListener.log 命令行参数：       -Dcatalina.home=C:\Users\Administrator\Desktop\apache-tomcat-9.0.85
18-Jan-2024 14:34:04.177 信息 [main] org.apache.catalina.startup.VersionLoggerListener.log 命令行参数：       -Djava.io.tmpdir=C:\Users\Administrator\Desktop\apache-tomcat-9.0.85\temp
18-Jan-2024 14:34:04.177 信息 [main] org.apache.catalina.core.AprLifecycleListener.lifecycleEvent 使用APR版本[1.7.4]加载了基于APR的Apache Tomcat本机库[1.2.39]。
18-Jan-2024 14:34:04.177 信息 [main] org.apache.catalina.core.AprLifecycleListener.lifecycleEvent APR功能：IPv6[true]、sendfile[true]、accept filters[false]、random[true]、UDS [true]。
18-Jan-2024 14:34:04.177 信息 [main] org.apache.catalina.core.AprLifecycleListener.lifecycleEvent APR/OpenSSL配置：useAprConnector[false]，useOpenSSL[true]
18-Jan-2024 14:34:04.193 信息 [main] org.apache.catalina.core.AprLifecycleListener.initializeSSL OpenSSL成功初始化 [OpenSSL 3.0.11 19 Sep 2023]
18-Jan-2024 14:34:04.857 信息 [main] org.apache.coyote.AbstractProtocol.init 初始化协议处理器 ["http-nio-81"]
18-Jan-2024 14:34:04.915 信息 [main] org.apache.catalina.startup.Catalina.load 服务器在[1299]毫秒内初始化
18-Jan-2024 14:34:05.011 信息 [main] org.apache.catalina.core.StandardService.startInternal 正在启动服务[Catalina]
18-Jan-2024 14:34:05.011 信息 [main] org.apache.catalina.core.StandardEngine.startInternal 正在启动 Servlet 引擎：[Apache Tomcat/9.0.85]
18-Jan-2024 14:34:05.027 信息 [main] org.apache.catalina.startup.HostConfig.deployDirectory 把web 应用程序部署到目录 [C:\Users\Administrator\Desktop\apache-tomcat-9.0.85\webapps\web\ROOT]
18-Jan-2024 14:34:05.568 信息 [main] org.apache.catalina.startup.HostConfig.deployDirectory Web应用程序目录[C:\Users\Administrator\Desktop\apache-tomcat-9.0.85\webapps\web\ROOT]的部署已在[524]毫秒内完成
18-Jan-2024 14:34:05.568 信息 [main] org.apache.coyote.AbstractProtocol.start 开始协议处理句柄["http-nio-81"]
18-Jan-2024 14:34:05.632 信息 [main] org.apache.catalina.startup.Catalina.start [710]毫秒后服务器启动
