17-Jan-2024 12:50:01.598 信息 [main] org.apache.catalina.startup.VersionLoggerListener.log Server.服务器版本: Apache Tomcat/9.0.85
17-Jan-2024 12:50:01.645 信息 [main] org.apache.catalina.startup.VersionLoggerListener.log 服务器构建:        Jan 5 2024 08:28:07 UTC
17-Jan-2024 12:50:01.645 信息 [main] org.apache.catalina.startup.VersionLoggerListener.log 服务器版本号:      9.0.85.0
17-Jan-2024 12:50:01.645 信息 [main] org.apache.catalina.startup.VersionLoggerListener.log 操作系统名称:      Windows Server 2022
17-Jan-2024 12:50:01.645 信息 [main] org.apache.catalina.startup.VersionLoggerListener.log OS.版本:           10.0
17-Jan-2024 12:50:01.645 信息 [main] org.apache.catalina.startup.VersionLoggerListener.log 架构:              amd64
17-Jan-2024 12:50:01.645 信息 [main] org.apache.catalina.startup.VersionLoggerListener.log Java 环境变量:     C:\Program Files\Java\jdk-21
17-Jan-2024 12:50:01.645 信息 [main] org.apache.catalina.startup.VersionLoggerListener.log Java虚拟机版本:    21.0.1+12-LTS-29
17-Jan-2024 12:50:01.645 信息 [main] org.apache.catalina.startup.VersionLoggerListener.log JVM.供应商:        Oracle Corporation
17-Jan-2024 12:50:01.645 信息 [main] org.apache.catalina.startup.VersionLoggerListener.log CATALINA_BASE:     C:\Users\Administrator\Desktop\apache-tomcat-9.0.85
17-Jan-2024 12:50:01.645 信息 [main] org.apache.catalina.startup.VersionLoggerListener.log CATALINA_HOME:     C:\Users\Administrator\Desktop\apache-tomcat-9.0.85
17-Jan-2024 12:50:01.676 信息 [main] org.apache.catalina.startup.VersionLoggerListener.log 命令行参数：       --add-opens=java.base/java.lang=ALL-UNNAMED
17-Jan-2024 12:50:01.754 信息 [main] org.apache.catalina.startup.VersionLoggerListener.log 命令行参数：       --add-opens=java.base/java.io=ALL-UNNAMED
17-Jan-2024 12:50:01.754 信息 [main] org.apache.catalina.startup.VersionLoggerListener.log 命令行参数：       --add-opens=java.base/java.util=ALL-UNNAMED
17-Jan-2024 12:50:01.754 信息 [main] org.apache.catalina.startup.VersionLoggerListener.log 命令行参数：       --add-opens=java.base/java.util.concurrent=ALL-UNNAMED
17-Jan-2024 12:50:01.754 信息 [main] org.apache.catalina.startup.VersionLoggerListener.log 命令行参数：       --add-opens=java.rmi/sun.rmi.transport=ALL-UNNAMED
17-Jan-2024 12:50:01.754 信息 [main] org.apache.catalina.startup.VersionLoggerListener.log 命令行参数：       -Djava.util.logging.config.file=C:\Users\Administrator\Desktop\apache-tomcat-9.0.85\conf\logging.properties
17-Jan-2024 12:50:01.754 信息 [main] org.apache.catalina.startup.VersionLoggerListener.log 命令行参数：       -Djava.util.logging.manager=org.apache.juli.ClassLoaderLogManager
17-Jan-2024 12:50:01.754 信息 [main] org.apache.catalina.startup.VersionLoggerListener.log 命令行参数：       -Djdk.tls.ephemeralDHKeySize=2048
17-Jan-2024 12:50:01.754 信息 [main] org.apache.catalina.startup.VersionLoggerListener.log 命令行参数：       -Djava.protocol.handler.pkgs=org.apache.catalina.webresources
17-Jan-2024 12:50:01.754 信息 [main] org.apache.catalina.startup.VersionLoggerListener.log 命令行参数：       -Dignore.endorsed.dirs=
17-Jan-2024 12:50:01.754 信息 [main] org.apache.catalina.startup.VersionLoggerListener.log 命令行参数：       -Dcatalina.base=C:\Users\Administrator\Desktop\apache-tomcat-9.0.85
17-Jan-2024 12:50:01.754 信息 [main] org.apache.catalina.startup.VersionLoggerListener.log 命令行参数：       -Dcatalina.home=C:\Users\Administrator\Desktop\apache-tomcat-9.0.85
17-Jan-2024 12:50:01.754 信息 [main] org.apache.catalina.startup.VersionLoggerListener.log 命令行参数：       -Djava.io.tmpdir=C:\Users\Administrator\Desktop\apache-tomcat-9.0.85\temp
17-Jan-2024 12:50:01.770 信息 [main] org.apache.catalina.core.AprLifecycleListener.lifecycleEvent 使用APR版本[1.7.4]加载了基于APR的Apache Tomcat本机库[1.2.39]。
17-Jan-2024 12:50:01.785 信息 [main] org.apache.catalina.core.AprLifecycleListener.lifecycleEvent APR功能：IPv6[true]、sendfile[true]、accept filters[false]、random[true]、UDS [true]。
17-Jan-2024 12:50:01.785 信息 [main] org.apache.catalina.core.AprLifecycleListener.lifecycleEvent APR/OpenSSL配置：useAprConnector[false]，useOpenSSL[true]
17-Jan-2024 12:50:01.833 信息 [main] org.apache.catalina.core.AprLifecycleListener.initializeSSL OpenSSL成功初始化 [OpenSSL 3.0.11 19 Sep 2023]
17-Jan-2024 12:50:02.458 信息 [main] org.apache.coyote.AbstractProtocol.init 初始化协议处理器 ["http-nio-8080"]
17-Jan-2024 12:50:02.529 信息 [main] org.apache.catalina.startup.Catalina.load 服务器在[1337]毫秒内初始化
17-Jan-2024 12:50:02.630 信息 [main] org.apache.catalina.core.StandardService.startInternal 正在启动服务[Catalina]
17-Jan-2024 12:50:02.642 信息 [main] org.apache.catalina.core.StandardEngine.startInternal 正在启动 Servlet 引擎：[Apache Tomcat/9.0.85]
17-Jan-2024 12:50:02.658 信息 [main] org.apache.catalina.startup.HostConfig.deployDirectory 把web 应用程序部署到目录 [C:\Users\Administrator\Desktop\apache-tomcat-9.0.85\webapps\docs]
17-Jan-2024 12:50:03.160 信息 [main] org.apache.catalina.startup.HostConfig.deployDirectory Web应用程序目录[C:\Users\Administrator\Desktop\apache-tomcat-9.0.85\webapps\docs]的部署已在[487]毫秒内完成
17-Jan-2024 12:50:03.160 信息 [main] org.apache.catalina.startup.HostConfig.deployDirectory 把web 应用程序部署到目录 [C:\Users\Administrator\Desktop\apache-tomcat-9.0.85\webapps\examples]
17-Jan-2024 12:50:03.820 信息 [main] org.apache.catalina.startup.HostConfig.deployDirectory Web应用程序目录[C:\Users\Administrator\Desktop\apache-tomcat-9.0.85\webapps\examples]的部署已在[660]毫秒内完成
17-Jan-2024 12:50:03.820 信息 [main] org.apache.catalina.startup.HostConfig.deployDirectory 把web 应用程序部署到目录 [C:\Users\Administrator\Desktop\apache-tomcat-9.0.85\webapps\host-manager]
17-Jan-2024 12:50:03.884 信息 [main] org.apache.catalina.startup.HostConfig.deployDirectory Web应用程序目录[C:\Users\Administrator\Desktop\apache-tomcat-9.0.85\webapps\host-manager]的部署已在[64]毫秒内完成
17-Jan-2024 12:50:03.901 信息 [main] org.apache.catalina.startup.HostConfig.deployDirectory 把web 应用程序部署到目录 [C:\Users\Administrator\Desktop\apache-tomcat-9.0.85\webapps\manager]
17-Jan-2024 12:50:03.948 信息 [main] org.apache.catalina.startup.HostConfig.deployDirectory Web应用程序目录[C:\Users\Administrator\Desktop\apache-tomcat-9.0.85\webapps\manager]的部署已在[47]毫秒内完成
17-Jan-2024 12:50:03.964 信息 [main] org.apache.catalina.startup.HostConfig.deployDirectory 把web 应用程序部署到目录 [C:\Users\Administrator\Desktop\apache-tomcat-9.0.85\webapps\ROOT]
17-Jan-2024 12:50:04.005 信息 [main] org.apache.catalina.startup.HostConfig.deployDirectory Web应用程序目录[C:\Users\Administrator\Desktop\apache-tomcat-9.0.85\webapps\ROOT]的部署已在[41]毫秒内完成
17-Jan-2024 12:50:04.012 信息 [main] org.apache.coyote.AbstractProtocol.start 开始协议处理句柄["http-nio-8080"]
17-Jan-2024 12:50:04.060 信息 [main] org.apache.catalina.startup.Catalina.start [1516]毫秒后服务器启动
17-Jan-2024 13:01:38.472 信息 [main] org.apache.catalina.startup.VersionLoggerListener.log Server.服务器版本: Apache Tomcat/9.0.85
17-Jan-2024 13:01:38.489 信息 [main] org.apache.catalina.startup.VersionLoggerListener.log 服务器构建:        Jan 5 2024 08:28:07 UTC
17-Jan-2024 13:01:38.489 信息 [main] org.apache.catalina.startup.VersionLoggerListener.log 服务器版本号:      9.0.85.0
17-Jan-2024 13:01:38.490 信息 [main] org.apache.catalina.startup.VersionLoggerListener.log 操作系统名称:      Windows Server 2022
17-Jan-2024 13:01:38.490 信息 [main] org.apache.catalina.startup.VersionLoggerListener.log OS.版本:           10.0
17-Jan-2024 13:01:38.490 信息 [main] org.apache.catalina.startup.VersionLoggerListener.log 架构:              amd64
17-Jan-2024 13:01:38.492 信息 [main] org.apache.catalina.startup.VersionLoggerListener.log Java 环境变量:     C:\Program Files\Java\jdk-21
17-Jan-2024 13:01:38.492 信息 [main] org.apache.catalina.startup.VersionLoggerListener.log Java虚拟机版本:    21.0.1+12-LTS-29
17-Jan-2024 13:01:38.492 信息 [main] org.apache.catalina.startup.VersionLoggerListener.log JVM.供应商:        Oracle Corporation
17-Jan-2024 13:01:38.492 信息 [main] org.apache.catalina.startup.VersionLoggerListener.log CATALINA_BASE:     C:\Users\Administrator\Desktop\apache-tomcat-9.0.85
17-Jan-2024 13:01:38.492 信息 [main] org.apache.catalina.startup.VersionLoggerListener.log CATALINA_HOME:     C:\Users\Administrator\Desktop\apache-tomcat-9.0.85
17-Jan-2024 13:01:38.526 信息 [main] org.apache.catalina.startup.VersionLoggerListener.log 命令行参数：       --add-opens=java.base/java.lang=ALL-UNNAMED
17-Jan-2024 13:01:38.526 信息 [main] org.apache.catalina.startup.VersionLoggerListener.log 命令行参数：       --add-opens=java.base/java.io=ALL-UNNAMED
17-Jan-2024 13:01:38.526 信息 [main] org.apache.catalina.startup.VersionLoggerListener.log 命令行参数：       --add-opens=java.base/java.util=ALL-UNNAMED
17-Jan-2024 13:01:38.526 信息 [main] org.apache.catalina.startup.VersionLoggerListener.log 命令行参数：       --add-opens=java.base/java.util.concurrent=ALL-UNNAMED
17-Jan-2024 13:01:38.526 信息 [main] org.apache.catalina.startup.VersionLoggerListener.log 命令行参数：       --add-opens=java.rmi/sun.rmi.transport=ALL-UNNAMED
17-Jan-2024 13:01:38.526 信息 [main] org.apache.catalina.startup.VersionLoggerListener.log 命令行参数：       -Djava.util.logging.config.file=C:\Users\Administrator\Desktop\apache-tomcat-9.0.85\conf\logging.properties
17-Jan-2024 13:01:38.526 信息 [main] org.apache.catalina.startup.VersionLoggerListener.log 命令行参数：       -Djava.util.logging.manager=org.apache.juli.ClassLoaderLogManager
17-Jan-2024 13:01:38.526 信息 [main] org.apache.catalina.startup.VersionLoggerListener.log 命令行参数：       -Djdk.tls.ephemeralDHKeySize=2048
17-Jan-2024 13:01:38.526 信息 [main] org.apache.catalina.startup.VersionLoggerListener.log 命令行参数：       -Djava.protocol.handler.pkgs=org.apache.catalina.webresources
17-Jan-2024 13:01:38.534 信息 [main] org.apache.catalina.startup.VersionLoggerListener.log 命令行参数：       -Dignore.endorsed.dirs=
17-Jan-2024 13:01:38.534 信息 [main] org.apache.catalina.startup.VersionLoggerListener.log 命令行参数：       -Dcatalina.base=C:\Users\Administrator\Desktop\apache-tomcat-9.0.85
17-Jan-2024 13:01:38.534 信息 [main] org.apache.catalina.startup.VersionLoggerListener.log 命令行参数：       -Dcatalina.home=C:\Users\Administrator\Desktop\apache-tomcat-9.0.85
17-Jan-2024 13:01:38.534 信息 [main] org.apache.catalina.startup.VersionLoggerListener.log 命令行参数：       -Djava.io.tmpdir=C:\Users\Administrator\Desktop\apache-tomcat-9.0.85\temp
17-Jan-2024 13:01:38.556 信息 [main] org.apache.catalina.core.AprLifecycleListener.lifecycleEvent 使用APR版本[1.7.4]加载了基于APR的Apache Tomcat本机库[1.2.39]。
17-Jan-2024 13:01:38.556 信息 [main] org.apache.catalina.core.AprLifecycleListener.lifecycleEvent APR功能：IPv6[true]、sendfile[true]、accept filters[false]、random[true]、UDS [true]。
17-Jan-2024 13:01:38.556 信息 [main] org.apache.catalina.core.AprLifecycleListener.lifecycleEvent APR/OpenSSL配置：useAprConnector[false]，useOpenSSL[true]
17-Jan-2024 13:01:38.604 信息 [main] org.apache.catalina.core.AprLifecycleListener.initializeSSL OpenSSL成功初始化 [OpenSSL 3.0.11 19 Sep 2023]
17-Jan-2024 13:01:39.175 信息 [main] org.apache.coyote.AbstractProtocol.init 初始化协议处理器 ["http-nio-80"]
17-Jan-2024 13:01:39.206 严重 [main] org.apache.catalina.util.LifecycleBase.handleSubClassException 初始化组件[Connector["http-nio-80"]]失败。
	org.apache.catalina.LifecycleException: 协议处理程序初始化失败
		at org.apache.catalina.connector.Connector.initInternal(Connector.java:1011)
		at org.apache.catalina.util.LifecycleBase.init(LifecycleBase.java:127)
		at org.apache.catalina.core.StandardService.initInternal(StandardService.java:554)
		at org.apache.catalina.util.LifecycleBase.init(LifecycleBase.java:127)
		at org.apache.catalina.core.StandardServer.initInternal(StandardServer.java:1039)
		at org.apache.catalina.util.LifecycleBase.init(LifecycleBase.java:127)
		at org.apache.catalina.startup.Catalina.load(Catalina.java:724)
		at org.apache.catalina.startup.Catalina.load(Catalina.java:746)
		at java.base/jdk.internal.reflect.DirectMethodHandleAccessor.invoke(DirectMethodHandleAccessor.java:103)
		at java.base/java.lang.reflect.Method.invoke(Method.java:580)
		at org.apache.catalina.startup.Bootstrap.load(Bootstrap.java:307)
		at org.apache.catalina.startup.Bootstrap.main(Bootstrap.java:477)
	Caused by: java.net.BindException: Address already in use: bind
		at java.base/sun.nio.ch.Net.bind0(Native Method)
		at java.base/sun.nio.ch.Net.bind(Net.java:565)
		at java.base/sun.nio.ch.ServerSocketChannelImpl.netBind(ServerSocketChannelImpl.java:344)
		at java.base/sun.nio.ch.ServerSocketChannelImpl.bind(ServerSocketChannelImpl.java:301)
		at org.apache.tomcat.util.net.NioEndpoint.initServerSocket(NioEndpoint.java:276)
		at org.apache.tomcat.util.net.NioEndpoint.bind(NioEndpoint.java:231)
		at org.apache.tomcat.util.net.AbstractEndpoint.bindWithCleanup(AbstractEndpoint.java:1332)
		at org.apache.tomcat.util.net.AbstractEndpoint.init(AbstractEndpoint.java:1345)
		at org.apache.coyote.AbstractProtocol.init(AbstractProtocol.java:654)
		at org.apache.coyote.http11.AbstractHttp11Protocol.init(AbstractHttp11Protocol.java:75)
		at org.apache.catalina.connector.Connector.initInternal(Connector.java:1009)
		... 11 more
17-Jan-2024 13:01:39.238 信息 [main] org.apache.catalina.startup.Catalina.load 服务器在[1214]毫秒内初始化
17-Jan-2024 13:01:39.315 信息 [main] org.apache.catalina.core.StandardService.startInternal 正在启动服务[Catalina]
17-Jan-2024 13:01:39.331 信息 [main] org.apache.catalina.core.StandardEngine.startInternal 正在启动 Servlet 引擎：[Apache Tomcat/9.0.85]
17-Jan-2024 13:01:39.363 信息 [main] org.apache.catalina.startup.HostConfig.deployDirectory 把web 应用程序部署到目录 [C:\Users\Administrator\Desktop\apache-tomcat-9.0.85\webapps\docs]
17-Jan-2024 13:01:39.800 信息 [main] org.apache.catalina.startup.HostConfig.deployDirectory Web应用程序目录[C:\Users\Administrator\Desktop\apache-tomcat-9.0.85\webapps\docs]的部署已在[437]毫秒内完成
17-Jan-2024 13:01:39.800 信息 [main] org.apache.catalina.startup.HostConfig.deployDirectory 把web 应用程序部署到目录 [C:\Users\Administrator\Desktop\apache-tomcat-9.0.85\webapps\examples]
17-Jan-2024 13:01:40.440 信息 [main] org.apache.catalina.core.ApplicationContext.log ContextListener: contextInitialized()
17-Jan-2024 13:01:40.440 信息 [main] org.apache.catalina.core.ApplicationContext.log SessionListener: contextInitialized()
17-Jan-2024 13:01:40.440 信息 [main] org.apache.catalina.core.ApplicationContext.log ContextListener: attributeAdded('StockTicker', 'async.Stockticker@18e7143f')
17-Jan-2024 13:01:40.456 信息 [main] org.apache.catalina.startup.HostConfig.deployDirectory Web应用程序目录[C:\Users\Administrator\Desktop\apache-tomcat-9.0.85\webapps\examples]的部署已在[656]毫秒内完成
17-Jan-2024 13:01:40.456 信息 [main] org.apache.catalina.startup.HostConfig.deployDirectory 把web 应用程序部署到目录 [C:\Users\Administrator\Desktop\apache-tomcat-9.0.85\webapps\host-manager]
17-Jan-2024 13:01:40.519 信息 [main] org.apache.catalina.startup.HostConfig.deployDirectory Web应用程序目录[C:\Users\Administrator\Desktop\apache-tomcat-9.0.85\webapps\host-manager]的部署已在[63]毫秒内完成
17-Jan-2024 13:01:40.537 信息 [main] org.apache.catalina.startup.HostConfig.deployDirectory 把web 应用程序部署到目录 [C:\Users\Administrator\Desktop\apache-tomcat-9.0.85\webapps\manager]
17-Jan-2024 13:01:40.583 信息 [main] org.apache.catalina.startup.HostConfig.deployDirectory Web应用程序目录[C:\Users\Administrator\Desktop\apache-tomcat-9.0.85\webapps\manager]的部署已在[46]毫秒内完成
17-Jan-2024 13:01:40.597 信息 [main] org.apache.catalina.startup.HostConfig.deployDirectory 把web 应用程序部署到目录 [C:\Users\Administrator\Desktop\apache-tomcat-9.0.85\webapps\ROOT]
17-Jan-2024 13:01:40.631 信息 [main] org.apache.catalina.startup.HostConfig.deployDirectory Web应用程序目录[C:\Users\Administrator\Desktop\apache-tomcat-9.0.85\webapps\ROOT]的部署已在[34]毫秒内完成
17-Jan-2024 13:01:40.647 信息 [main] org.apache.catalina.startup.Catalina.start [1406]毫秒后服务器启动
17-Jan-2024 13:06:48.678 信息 [main] org.apache.catalina.startup.VersionLoggerListener.log Server.服务器版本: Apache Tomcat/9.0.85
17-Jan-2024 13:06:48.694 信息 [main] org.apache.catalina.startup.VersionLoggerListener.log 服务器构建:        Jan 5 2024 08:28:07 UTC
17-Jan-2024 13:06:48.700 信息 [main] org.apache.catalina.startup.VersionLoggerListener.log 服务器版本号:      9.0.85.0
17-Jan-2024 13:06:48.700 信息 [main] org.apache.catalina.startup.VersionLoggerListener.log 操作系统名称:      Windows Server 2022
17-Jan-2024 13:06:48.700 信息 [main] org.apache.catalina.startup.VersionLoggerListener.log OS.版本:           10.0
17-Jan-2024 13:06:48.700 信息 [main] org.apache.catalina.startup.VersionLoggerListener.log 架构:              amd64
17-Jan-2024 13:06:48.700 信息 [main] org.apache.catalina.startup.VersionLoggerListener.log Java 环境变量:     C:\Program Files\Java\jdk-21
17-Jan-2024 13:06:48.700 信息 [main] org.apache.catalina.startup.VersionLoggerListener.log Java虚拟机版本:    21.0.1+12-LTS-29
17-Jan-2024 13:06:48.700 信息 [main] org.apache.catalina.startup.VersionLoggerListener.log JVM.供应商:        Oracle Corporation
17-Jan-2024 13:06:48.700 信息 [main] org.apache.catalina.startup.VersionLoggerListener.log CATALINA_BASE:     C:\Users\Administrator\Desktop\apache-tomcat-9.0.85
17-Jan-2024 13:06:48.700 信息 [main] org.apache.catalina.startup.VersionLoggerListener.log CATALINA_HOME:     C:\Users\Administrator\Desktop\apache-tomcat-9.0.85
17-Jan-2024 13:06:48.710 信息 [main] org.apache.catalina.startup.VersionLoggerListener.log 命令行参数：       --add-opens=java.base/java.lang=ALL-UNNAMED
17-Jan-2024 13:06:48.710 信息 [main] org.apache.catalina.startup.VersionLoggerListener.log 命令行参数：       --add-opens=java.base/java.io=ALL-UNNAMED
17-Jan-2024 13:06:48.710 信息 [main] org.apache.catalina.startup.VersionLoggerListener.log 命令行参数：       --add-opens=java.base/java.util=ALL-UNNAMED
17-Jan-2024 13:06:48.710 信息 [main] org.apache.catalina.startup.VersionLoggerListener.log 命令行参数：       --add-opens=java.base/java.util.concurrent=ALL-UNNAMED
17-Jan-2024 13:06:48.710 信息 [main] org.apache.catalina.startup.VersionLoggerListener.log 命令行参数：       --add-opens=java.rmi/sun.rmi.transport=ALL-UNNAMED
17-Jan-2024 13:06:48.710 信息 [main] org.apache.catalina.startup.VersionLoggerListener.log 命令行参数：       -Djava.util.logging.config.file=C:\Users\Administrator\Desktop\apache-tomcat-9.0.85\conf\logging.properties
17-Jan-2024 13:06:48.710 信息 [main] org.apache.catalina.startup.VersionLoggerListener.log 命令行参数：       -Djava.util.logging.manager=org.apache.juli.ClassLoaderLogManager
17-Jan-2024 13:06:48.710 信息 [main] org.apache.catalina.startup.VersionLoggerListener.log 命令行参数：       -Djdk.tls.ephemeralDHKeySize=2048
17-Jan-2024 13:06:48.726 信息 [main] org.apache.catalina.startup.VersionLoggerListener.log 命令行参数：       -Djava.protocol.handler.pkgs=org.apache.catalina.webresources
17-Jan-2024 13:06:48.726 信息 [main] org.apache.catalina.startup.VersionLoggerListener.log 命令行参数：       -Dignore.endorsed.dirs=
17-Jan-2024 13:06:48.726 信息 [main] org.apache.catalina.startup.VersionLoggerListener.log 命令行参数：       -Dcatalina.base=C:\Users\Administrator\Desktop\apache-tomcat-9.0.85
17-Jan-2024 13:06:48.726 信息 [main] org.apache.catalina.startup.VersionLoggerListener.log 命令行参数：       -Dcatalina.home=C:\Users\Administrator\Desktop\apache-tomcat-9.0.85
17-Jan-2024 13:06:48.726 信息 [main] org.apache.catalina.startup.VersionLoggerListener.log 命令行参数：       -Djava.io.tmpdir=C:\Users\Administrator\Desktop\apache-tomcat-9.0.85\temp
17-Jan-2024 13:06:48.732 信息 [main] org.apache.catalina.core.AprLifecycleListener.lifecycleEvent 使用APR版本[1.7.4]加载了基于APR的Apache Tomcat本机库[1.2.39]。
17-Jan-2024 13:06:48.732 信息 [main] org.apache.catalina.core.AprLifecycleListener.lifecycleEvent APR功能：IPv6[true]、sendfile[true]、accept filters[false]、random[true]、UDS [true]。
17-Jan-2024 13:06:48.732 信息 [main] org.apache.catalina.core.AprLifecycleListener.lifecycleEvent APR/OpenSSL配置：useAprConnector[false]，useOpenSSL[true]
17-Jan-2024 13:06:48.742 信息 [main] org.apache.catalina.core.AprLifecycleListener.initializeSSL OpenSSL成功初始化 [OpenSSL 3.0.11 19 Sep 2023]
17-Jan-2024 13:06:49.231 信息 [main] org.apache.coyote.AbstractProtocol.init 初始化协议处理器 ["http-nio-80"]
17-Jan-2024 13:06:49.279 信息 [main] org.apache.catalina.startup.Catalina.load 服务器在[929]毫秒内初始化
17-Jan-2024 13:06:49.388 信息 [main] org.apache.catalina.core.StandardService.startInternal 正在启动服务[Catalina]
17-Jan-2024 13:06:49.404 信息 [main] org.apache.catalina.core.StandardEngine.startInternal 正在启动 Servlet 引擎：[Apache Tomcat/9.0.85]
17-Jan-2024 13:06:49.405 信息 [main] org.apache.catalina.startup.HostConfig.deployDirectory 把web 应用程序部署到目录 [C:\Users\Administrator\Desktop\apache-tomcat-9.0.85\webapps\docs]
17-Jan-2024 13:06:49.865 信息 [main] org.apache.catalina.startup.HostConfig.deployDirectory Web应用程序目录[C:\Users\Administrator\Desktop\apache-tomcat-9.0.85\webapps\docs]的部署已在[460]毫秒内完成
17-Jan-2024 13:06:49.865 信息 [main] org.apache.catalina.startup.HostConfig.deployDirectory 把web 应用程序部署到目录 [C:\Users\Administrator\Desktop\apache-tomcat-9.0.85\webapps\examples]
17-Jan-2024 13:06:50.466 信息 [main] org.apache.catalina.core.ApplicationContext.log ContextListener: contextInitialized()
17-Jan-2024 13:06:50.482 信息 [main] org.apache.catalina.core.ApplicationContext.log SessionListener: contextInitialized()
17-Jan-2024 13:06:50.482 信息 [main] org.apache.catalina.core.ApplicationContext.log ContextListener: attributeAdded('StockTicker', 'async.Stockticker@8a589a2')
17-Jan-2024 13:06:50.498 信息 [main] org.apache.catalina.startup.HostConfig.deployDirectory Web应用程序目录[C:\Users\Administrator\Desktop\apache-tomcat-9.0.85\webapps\examples]的部署已在[633]毫秒内完成
17-Jan-2024 13:06:50.498 信息 [main] org.apache.catalina.startup.HostConfig.deployDirectory 把web 应用程序部署到目录 [C:\Users\Administrator\Desktop\apache-tomcat-9.0.85\webapps\host-manager]
17-Jan-2024 13:06:50.618 信息 [main] org.apache.catalina.startup.HostConfig.deployDirectory Web应用程序目录[C:\Users\Administrator\Desktop\apache-tomcat-9.0.85\webapps\host-manager]的部署已在[119]毫秒内完成
17-Jan-2024 13:06:50.685 信息 [main] org.apache.catalina.startup.HostConfig.deployDirectory 把web 应用程序部署到目录 [C:\Users\Administrator\Desktop\apache-tomcat-9.0.85\webapps\manager]
17-Jan-2024 13:06:50.797 信息 [main] org.apache.catalina.startup.HostConfig.deployDirectory Web应用程序目录[C:\Users\Administrator\Desktop\apache-tomcat-9.0.85\webapps\manager]的部署已在[112]毫秒内完成
17-Jan-2024 13:06:50.797 信息 [main] org.apache.catalina.startup.HostConfig.deployDirectory 把web 应用程序部署到目录 [C:\Users\Administrator\Desktop\apache-tomcat-9.0.85\webapps\ROOT]
17-Jan-2024 13:06:50.861 信息 [main] org.apache.catalina.startup.HostConfig.deployDirectory Web应用程序目录[C:\Users\Administrator\Desktop\apache-tomcat-9.0.85\webapps\ROOT]的部署已在[64]毫秒内完成
17-Jan-2024 13:06:50.877 信息 [main] org.apache.coyote.AbstractProtocol.start 开始协议处理句柄["http-nio-80"]
17-Jan-2024 13:06:50.957 信息 [main] org.apache.catalina.startup.Catalina.start [1666]毫秒后服务器启动
17-Jan-2024 13:30:46.425 信息 [main] org.apache.catalina.startup.VersionLoggerListener.log Server.服务器版本: Apache Tomcat/9.0.85
17-Jan-2024 13:30:46.451 信息 [main] org.apache.catalina.startup.VersionLoggerListener.log 服务器构建:        Jan 5 2024 08:28:07 UTC
17-Jan-2024 13:30:46.451 信息 [main] org.apache.catalina.startup.VersionLoggerListener.log 服务器版本号:      9.0.85.0
17-Jan-2024 13:30:46.451 信息 [main] org.apache.catalina.startup.VersionLoggerListener.log 操作系统名称:      Windows Server 2022
17-Jan-2024 13:30:46.451 信息 [main] org.apache.catalina.startup.VersionLoggerListener.log OS.版本:           10.0
17-Jan-2024 13:30:46.451 信息 [main] org.apache.catalina.startup.VersionLoggerListener.log 架构:              amd64
17-Jan-2024 13:30:46.451 信息 [main] org.apache.catalina.startup.VersionLoggerListener.log Java 环境变量:     C:\Program Files\Java\jdk-21
17-Jan-2024 13:30:46.471 信息 [main] org.apache.catalina.startup.VersionLoggerListener.log Java虚拟机版本:    21.0.1+12-LTS-29
17-Jan-2024 13:30:46.471 信息 [main] org.apache.catalina.startup.VersionLoggerListener.log JVM.供应商:        Oracle Corporation
17-Jan-2024 13:30:46.471 信息 [main] org.apache.catalina.startup.VersionLoggerListener.log CATALINA_BASE:     C:\Users\Administrator\Desktop\apache-tomcat-9.0.85
17-Jan-2024 13:30:46.471 信息 [main] org.apache.catalina.startup.VersionLoggerListener.log CATALINA_HOME:     C:\Users\Administrator\Desktop\apache-tomcat-9.0.85
17-Jan-2024 13:30:46.471 信息 [main] org.apache.catalina.startup.VersionLoggerListener.log 命令行参数：       --add-opens=java.base/java.lang=ALL-UNNAMED
17-Jan-2024 13:30:46.483 信息 [main] org.apache.catalina.startup.VersionLoggerListener.log 命令行参数：       --add-opens=java.base/java.io=ALL-UNNAMED
17-Jan-2024 13:30:46.483 信息 [main] org.apache.catalina.startup.VersionLoggerListener.log 命令行参数：       --add-opens=java.base/java.util=ALL-UNNAMED
17-Jan-2024 13:30:46.483 信息 [main] org.apache.catalina.startup.VersionLoggerListener.log 命令行参数：       --add-opens=java.base/java.util.concurrent=ALL-UNNAMED
17-Jan-2024 13:30:46.483 信息 [main] org.apache.catalina.startup.VersionLoggerListener.log 命令行参数：       --add-opens=java.rmi/sun.rmi.transport=ALL-UNNAMED
17-Jan-2024 13:30:46.483 信息 [main] org.apache.catalina.startup.VersionLoggerListener.log 命令行参数：       -Djava.util.logging.config.file=C:\Users\Administrator\Desktop\apache-tomcat-9.0.85\conf\logging.properties
17-Jan-2024 13:30:46.483 信息 [main] org.apache.catalina.startup.VersionLoggerListener.log 命令行参数：       -Djava.util.logging.manager=org.apache.juli.ClassLoaderLogManager
17-Jan-2024 13:30:46.483 信息 [main] org.apache.catalina.startup.VersionLoggerListener.log 命令行参数：       -Djdk.tls.ephemeralDHKeySize=2048
17-Jan-2024 13:30:46.483 信息 [main] org.apache.catalina.startup.VersionLoggerListener.log 命令行参数：       -Djava.protocol.handler.pkgs=org.apache.catalina.webresources
17-Jan-2024 13:30:46.483 信息 [main] org.apache.catalina.startup.VersionLoggerListener.log 命令行参数：       -Dignore.endorsed.dirs=
17-Jan-2024 13:30:46.483 信息 [main] org.apache.catalina.startup.VersionLoggerListener.log 命令行参数：       -Dcatalina.base=C:\Users\Administrator\Desktop\apache-tomcat-9.0.85
17-Jan-2024 13:30:46.483 信息 [main] org.apache.catalina.startup.VersionLoggerListener.log 命令行参数：       -Dcatalina.home=C:\Users\Administrator\Desktop\apache-tomcat-9.0.85
17-Jan-2024 13:30:46.483 信息 [main] org.apache.catalina.startup.VersionLoggerListener.log 命令行参数：       -Djava.io.tmpdir=C:\Users\Administrator\Desktop\apache-tomcat-9.0.85\temp
17-Jan-2024 13:30:46.483 信息 [main] org.apache.catalina.core.AprLifecycleListener.lifecycleEvent 使用APR版本[1.7.4]加载了基于APR的Apache Tomcat本机库[1.2.39]。
17-Jan-2024 13:30:46.483 信息 [main] org.apache.catalina.core.AprLifecycleListener.lifecycleEvent APR功能：IPv6[true]、sendfile[true]、accept filters[false]、random[true]、UDS [true]。
17-Jan-2024 13:30:46.502 信息 [main] org.apache.catalina.core.AprLifecycleListener.lifecycleEvent APR/OpenSSL配置：useAprConnector[false]，useOpenSSL[true]
17-Jan-2024 13:30:46.515 信息 [main] org.apache.catalina.core.AprLifecycleListener.initializeSSL OpenSSL成功初始化 [OpenSSL 3.0.11 19 Sep 2023]
17-Jan-2024 13:30:47.082 信息 [main] org.apache.coyote.AbstractProtocol.init 初始化协议处理器 ["http-nio-80"]
17-Jan-2024 13:30:47.114 信息 [main] org.apache.catalina.startup.Catalina.load 服务器在[1097]毫秒内初始化
17-Jan-2024 13:30:47.291 信息 [main] org.apache.catalina.core.StandardService.startInternal 正在启动服务[Catalina]
17-Jan-2024 13:30:47.291 信息 [main] org.apache.catalina.core.StandardEngine.startInternal 正在启动 Servlet 引擎：[Apache Tomcat/9.0.85]
17-Jan-2024 13:30:47.306 信息 [main] org.apache.coyote.AbstractProtocol.start 开始协议处理句柄["http-nio-80"]
17-Jan-2024 13:30:47.451 信息 [main] org.apache.catalina.startup.Catalina.start [319]毫秒后服务器启动
17-Jan-2024 13:44:19.160 信息 [Catalina-utility-2] org.apache.catalina.startup.HostConfig.deployDirectory 把web 应用程序部署到目录 [C:\Users\Administrator\Desktop\apache-tomcat-9.0.85\webapps\web\css]
17-Jan-2024 13:44:19.844 信息 [Catalina-utility-2] org.apache.catalina.startup.HostConfig.deployDirectory Web应用程序目录[C:\Users\Administrator\Desktop\apache-tomcat-9.0.85\webapps\web\css]的部署已在[682]毫秒内完成
17-Jan-2024 13:44:19.844 信息 [Catalina-utility-2] org.apache.catalina.startup.HostConfig.deployDirectory 把web 应用程序部署到目录 [C:\Users\Administrator\Desktop\apache-tomcat-9.0.85\webapps\web\images]
17-Jan-2024 13:44:19.908 信息 [Catalina-utility-2] org.apache.catalina.startup.HostConfig.deployDirectory Web应用程序目录[C:\Users\Administrator\Desktop\apache-tomcat-9.0.85\webapps\web\images]的部署已在[64]毫秒内完成
17-Jan-2024 13:44:19.908 信息 [Catalina-utility-2] org.apache.catalina.startup.HostConfig.deployDirectory 把web 应用程序部署到目录 [C:\Users\Administrator\Desktop\apache-tomcat-9.0.85\webapps\web\js]
17-Jan-2024 13:44:19.940 信息 [Catalina-utility-2] org.apache.catalina.startup.HostConfig.deployDirectory Web应用程序目录[C:\Users\Administrator\Desktop\apache-tomcat-9.0.85\webapps\web\js]的部署已在[32]毫秒内完成
17-Jan-2024 13:45:00.578 信息 [Catalina-utility-2] org.apache.catalina.startup.HostConfig.undeploy 正在取消部署上下文[/css]
17-Jan-2024 13:45:01.102 信息 [Catalina-utility-2] org.apache.catalina.startup.HostConfig.undeploy 正在取消部署上下文[/images]
17-Jan-2024 13:45:01.617 信息 [Catalina-utility-2] org.apache.catalina.startup.HostConfig.undeploy 正在取消部署上下文[/js]
17-Jan-2024 13:45:11.642 信息 [Catalina-utility-1] org.apache.catalina.startup.HostConfig.deployDirectory 把web 应用程序部署到目录 [C:\Users\Administrator\Desktop\apache-tomcat-9.0.85\webapps\web\css]
17-Jan-2024 13:45:11.673 信息 [Catalina-utility-1] org.apache.catalina.startup.HostConfig.deployDirectory Web应用程序目录[C:\Users\Administrator\Desktop\apache-tomcat-9.0.85\webapps\web\css]的部署已在[31]毫秒内完成
17-Jan-2024 13:45:11.673 信息 [Catalina-utility-1] org.apache.catalina.startup.HostConfig.deployDirectory 把web 应用程序部署到目录 [C:\Users\Administrator\Desktop\apache-tomcat-9.0.85\webapps\web\images]
17-Jan-2024 13:45:11.719 信息 [Catalina-utility-1] org.apache.catalina.startup.HostConfig.deployDirectory Web应用程序目录[C:\Users\Administrator\Desktop\apache-tomcat-9.0.85\webapps\web\images]的部署已在[46]毫秒内完成
17-Jan-2024 13:45:21.737 信息 [Catalina-utility-1] org.apache.catalina.startup.HostConfig.deployDirectory 把web 应用程序部署到目录 [C:\Users\Administrator\Desktop\apache-tomcat-9.0.85\webapps\web\js]
17-Jan-2024 13:45:21.784 信息 [Catalina-utility-1] org.apache.catalina.startup.HostConfig.deployDirectory Web应用程序目录[C:\Users\Administrator\Desktop\apache-tomcat-9.0.85\webapps\web\js]的部署已在[47]毫秒内完成
17-Jan-2024 13:46:00.394 信息 [main] org.apache.catalina.startup.VersionLoggerListener.log Server.服务器版本: Apache Tomcat/9.0.85
17-Jan-2024 13:46:00.412 信息 [main] org.apache.catalina.startup.VersionLoggerListener.log 服务器构建:        Jan 5 2024 08:28:07 UTC
17-Jan-2024 13:46:00.412 信息 [main] org.apache.catalina.startup.VersionLoggerListener.log 服务器版本号:      9.0.85.0
17-Jan-2024 13:46:00.412 信息 [main] org.apache.catalina.startup.VersionLoggerListener.log 操作系统名称:      Windows Server 2022
17-Jan-2024 13:46:00.412 信息 [main] org.apache.catalina.startup.VersionLoggerListener.log OS.版本:           10.0
17-Jan-2024 13:46:00.412 信息 [main] org.apache.catalina.startup.VersionLoggerListener.log 架构:              amd64
17-Jan-2024 13:46:00.412 信息 [main] org.apache.catalina.startup.VersionLoggerListener.log Java 环境变量:     C:\Program Files\Java\jdk-21
17-Jan-2024 13:46:00.412 信息 [main] org.apache.catalina.startup.VersionLoggerListener.log Java虚拟机版本:    21.0.1+12-LTS-29
17-Jan-2024 13:46:00.412 信息 [main] org.apache.catalina.startup.VersionLoggerListener.log JVM.供应商:        Oracle Corporation
17-Jan-2024 13:46:00.412 信息 [main] org.apache.catalina.startup.VersionLoggerListener.log CATALINA_BASE:     C:\Users\Administrator\Desktop\apache-tomcat-9.0.85
17-Jan-2024 13:46:00.412 信息 [main] org.apache.catalina.startup.VersionLoggerListener.log CATALINA_HOME:     C:\Users\Administrator\Desktop\apache-tomcat-9.0.85
17-Jan-2024 13:46:00.430 信息 [main] org.apache.catalina.startup.VersionLoggerListener.log 命令行参数：       --add-opens=java.base/java.lang=ALL-UNNAMED
17-Jan-2024 13:46:00.430 信息 [main] org.apache.catalina.startup.VersionLoggerListener.log 命令行参数：       --add-opens=java.base/java.io=ALL-UNNAMED
17-Jan-2024 13:46:00.430 信息 [main] org.apache.catalina.startup.VersionLoggerListener.log 命令行参数：       --add-opens=java.base/java.util=ALL-UNNAMED
17-Jan-2024 13:46:00.430 信息 [main] org.apache.catalina.startup.VersionLoggerListener.log 命令行参数：       --add-opens=java.base/java.util.concurrent=ALL-UNNAMED
17-Jan-2024 13:46:00.430 信息 [main] org.apache.catalina.startup.VersionLoggerListener.log 命令行参数：       --add-opens=java.rmi/sun.rmi.transport=ALL-UNNAMED
17-Jan-2024 13:46:00.430 信息 [main] org.apache.catalina.startup.VersionLoggerListener.log 命令行参数：       -Djava.util.logging.config.file=C:\Users\Administrator\Desktop\apache-tomcat-9.0.85\conf\logging.properties
17-Jan-2024 13:46:00.430 信息 [main] org.apache.catalina.startup.VersionLoggerListener.log 命令行参数：       -Djava.util.logging.manager=org.apache.juli.ClassLoaderLogManager
17-Jan-2024 13:46:00.430 信息 [main] org.apache.catalina.startup.VersionLoggerListener.log 命令行参数：       -Djdk.tls.ephemeralDHKeySize=2048
17-Jan-2024 13:46:00.430 信息 [main] org.apache.catalina.startup.VersionLoggerListener.log 命令行参数：       -Djava.protocol.handler.pkgs=org.apache.catalina.webresources
17-Jan-2024 13:46:00.430 信息 [main] org.apache.catalina.startup.VersionLoggerListener.log 命令行参数：       -Dignore.endorsed.dirs=
17-Jan-2024 13:46:00.430 信息 [main] org.apache.catalina.startup.VersionLoggerListener.log 命令行参数：       -Dcatalina.base=C:\Users\Administrator\Desktop\apache-tomcat-9.0.85
17-Jan-2024 13:46:00.430 信息 [main] org.apache.catalina.startup.VersionLoggerListener.log 命令行参数：       -Dcatalina.home=C:\Users\Administrator\Desktop\apache-tomcat-9.0.85
17-Jan-2024 13:46:00.430 信息 [main] org.apache.catalina.startup.VersionLoggerListener.log 命令行参数：       -Djava.io.tmpdir=C:\Users\Administrator\Desktop\apache-tomcat-9.0.85\temp
17-Jan-2024 13:46:00.444 信息 [main] org.apache.catalina.core.AprLifecycleListener.lifecycleEvent 使用APR版本[1.7.4]加载了基于APR的Apache Tomcat本机库[1.2.39]。
17-Jan-2024 13:46:00.444 信息 [main] org.apache.catalina.core.AprLifecycleListener.lifecycleEvent APR功能：IPv6[true]、sendfile[true]、accept filters[false]、random[true]、UDS [true]。
17-Jan-2024 13:46:00.444 信息 [main] org.apache.catalina.core.AprLifecycleListener.lifecycleEvent APR/OpenSSL配置：useAprConnector[false]，useOpenSSL[true]
17-Jan-2024 13:46:00.444 信息 [main] org.apache.catalina.core.AprLifecycleListener.initializeSSL OpenSSL成功初始化 [OpenSSL 3.0.11 19 Sep 2023]
17-Jan-2024 13:46:01.003 信息 [main] org.apache.coyote.AbstractProtocol.init 初始化协议处理器 ["http-nio-80"]
17-Jan-2024 13:46:01.050 信息 [main] org.apache.catalina.startup.Catalina.load 服务器在[1006]毫秒内初始化
17-Jan-2024 13:46:01.113 信息 [main] org.apache.catalina.core.StandardService.startInternal 正在启动服务[Catalina]
17-Jan-2024 13:46:01.113 信息 [main] org.apache.catalina.core.StandardEngine.startInternal 正在启动 Servlet 引擎：[Apache Tomcat/9.0.85]
17-Jan-2024 13:46:01.128 信息 [main] org.apache.catalina.startup.HostConfig.deployDirectory 把web 应用程序部署到目录 [C:\Users\Administrator\Desktop\apache-tomcat-9.0.85\webapps\web\css]
17-Jan-2024 13:46:01.519 信息 [main] org.apache.catalina.startup.HostConfig.deployDirectory Web应用程序目录[C:\Users\Administrator\Desktop\apache-tomcat-9.0.85\webapps\web\css]的部署已在[391]毫秒内完成
17-Jan-2024 13:46:01.519 信息 [main] org.apache.catalina.startup.HostConfig.deployDirectory 把web 应用程序部署到目录 [C:\Users\Administrator\Desktop\apache-tomcat-9.0.85\webapps\web\images]
17-Jan-2024 13:46:01.597 信息 [main] org.apache.catalina.startup.HostConfig.deployDirectory Web应用程序目录[C:\Users\Administrator\Desktop\apache-tomcat-9.0.85\webapps\web\images]的部署已在[78]毫秒内完成
17-Jan-2024 13:46:01.597 信息 [main] org.apache.catalina.startup.HostConfig.deployDirectory 把web 应用程序部署到目录 [C:\Users\Administrator\Desktop\apache-tomcat-9.0.85\webapps\web\js]
17-Jan-2024 13:46:01.628 信息 [main] org.apache.catalina.startup.HostConfig.deployDirectory Web应用程序目录[C:\Users\Administrator\Desktop\apache-tomcat-9.0.85\webapps\web\js]的部署已在[31]毫秒内完成
17-Jan-2024 13:46:01.633 信息 [main] org.apache.coyote.AbstractProtocol.start 开始协议处理句柄["http-nio-80"]
17-Jan-2024 13:46:01.677 信息 [main] org.apache.catalina.startup.Catalina.start [624]毫秒后服务器启动
17-Jan-2024 13:46:21.660 信息 [Catalina-utility-1] org.apache.catalina.startup.HostConfig.deployDirectory 把web 应用程序部署到目录 [C:\Users\Administrator\Desktop\apache-tomcat-9.0.85\webapps\web\ROOT]
17-Jan-2024 13:46:21.692 信息 [Catalina-utility-1] org.apache.catalina.startup.HostConfig.deployDirectory Web应用程序目录[C:\Users\Administrator\Desktop\apache-tomcat-9.0.85\webapps\web\ROOT]的部署已在[32]毫秒内完成
17-Jan-2024 13:46:32.374 信息 [Catalina-utility-2] org.apache.catalina.startup.HostConfig.undeploy 正在取消部署上下文[/css]
17-Jan-2024 13:46:32.992 信息 [Catalina-utility-2] org.apache.catalina.startup.HostConfig.undeploy 正在取消部署上下文[/images]
17-Jan-2024 13:46:33.504 信息 [Catalina-utility-2] org.apache.catalina.startup.HostConfig.undeploy 正在取消部署上下文[/js]
17-Jan-2024 14:38:59.654 信息 [main] org.apache.catalina.startup.VersionLoggerListener.log Server.服务器版本: Apache Tomcat/9.0.85
17-Jan-2024 14:38:59.670 信息 [main] org.apache.catalina.startup.VersionLoggerListener.log 服务器构建:        Jan 5 2024 08:28:07 UTC
17-Jan-2024 14:38:59.670 信息 [main] org.apache.catalina.startup.VersionLoggerListener.log 服务器版本号:      9.0.85.0
17-Jan-2024 14:38:59.670 信息 [main] org.apache.catalina.startup.VersionLoggerListener.log 操作系统名称:      Windows Server 2022
17-Jan-2024 14:38:59.670 信息 [main] org.apache.catalina.startup.VersionLoggerListener.log OS.版本:           10.0
17-Jan-2024 14:38:59.670 信息 [main] org.apache.catalina.startup.VersionLoggerListener.log 架构:              amd64
17-Jan-2024 14:38:59.670 信息 [main] org.apache.catalina.startup.VersionLoggerListener.log Java 环境变量:     C:\Program Files\Java\jdk-21
17-Jan-2024 14:38:59.670 信息 [main] org.apache.catalina.startup.VersionLoggerListener.log Java虚拟机版本:    21.0.1+12-LTS-29
17-Jan-2024 14:38:59.670 信息 [main] org.apache.catalina.startup.VersionLoggerListener.log JVM.供应商:        Oracle Corporation
17-Jan-2024 14:38:59.670 信息 [main] org.apache.catalina.startup.VersionLoggerListener.log CATALINA_BASE:     C:\Users\Administrator\Desktop\apache-tomcat-9.0.85
17-Jan-2024 14:38:59.670 信息 [main] org.apache.catalina.startup.VersionLoggerListener.log CATALINA_HOME:     C:\Users\Administrator\Desktop\apache-tomcat-9.0.85
17-Jan-2024 14:38:59.685 信息 [main] org.apache.catalina.startup.VersionLoggerListener.log 命令行参数：       --add-opens=java.base/java.lang=ALL-UNNAMED
17-Jan-2024 14:38:59.685 信息 [main] org.apache.catalina.startup.VersionLoggerListener.log 命令行参数：       --add-opens=java.base/java.io=ALL-UNNAMED
17-Jan-2024 14:38:59.685 信息 [main] org.apache.catalina.startup.VersionLoggerListener.log 命令行参数：       --add-opens=java.base/java.util=ALL-UNNAMED
17-Jan-2024 14:38:59.685 信息 [main] org.apache.catalina.startup.VersionLoggerListener.log 命令行参数：       --add-opens=java.base/java.util.concurrent=ALL-UNNAMED
17-Jan-2024 14:38:59.685 信息 [main] org.apache.catalina.startup.VersionLoggerListener.log 命令行参数：       --add-opens=java.rmi/sun.rmi.transport=ALL-UNNAMED
17-Jan-2024 14:38:59.685 信息 [main] org.apache.catalina.startup.VersionLoggerListener.log 命令行参数：       -Djava.util.logging.config.file=C:\Users\Administrator\Desktop\apache-tomcat-9.0.85\conf\logging.properties
17-Jan-2024 14:38:59.685 信息 [main] org.apache.catalina.startup.VersionLoggerListener.log 命令行参数：       -Djava.util.logging.manager=org.apache.juli.ClassLoaderLogManager
17-Jan-2024 14:38:59.685 信息 [main] org.apache.catalina.startup.VersionLoggerListener.log 命令行参数：       -Djdk.tls.ephemeralDHKeySize=2048
17-Jan-2024 14:38:59.685 信息 [main] org.apache.catalina.startup.VersionLoggerListener.log 命令行参数：       -Djava.protocol.handler.pkgs=org.apache.catalina.webresources
17-Jan-2024 14:38:59.685 信息 [main] org.apache.catalina.startup.VersionLoggerListener.log 命令行参数：       -Dignore.endorsed.dirs=
17-Jan-2024 14:38:59.685 信息 [main] org.apache.catalina.startup.VersionLoggerListener.log 命令行参数：       -Dcatalina.base=C:\Users\Administrator\Desktop\apache-tomcat-9.0.85
17-Jan-2024 14:38:59.701 信息 [main] org.apache.catalina.startup.VersionLoggerListener.log 命令行参数：       -Dcatalina.home=C:\Users\Administrator\Desktop\apache-tomcat-9.0.85
17-Jan-2024 14:38:59.701 信息 [main] org.apache.catalina.startup.VersionLoggerListener.log 命令行参数：       -Djava.io.tmpdir=C:\Users\Administrator\Desktop\apache-tomcat-9.0.85\temp
17-Jan-2024 14:38:59.701 信息 [main] org.apache.catalina.core.AprLifecycleListener.lifecycleEvent 使用APR版本[1.7.4]加载了基于APR的Apache Tomcat本机库[1.2.39]。
17-Jan-2024 14:38:59.701 信息 [main] org.apache.catalina.core.AprLifecycleListener.lifecycleEvent APR功能：IPv6[true]、sendfile[true]、accept filters[false]、random[true]、UDS [true]。
17-Jan-2024 14:38:59.701 信息 [main] org.apache.catalina.core.AprLifecycleListener.lifecycleEvent APR/OpenSSL配置：useAprConnector[false]，useOpenSSL[true]
17-Jan-2024 14:38:59.716 信息 [main] org.apache.catalina.core.AprLifecycleListener.initializeSSL OpenSSL成功初始化 [OpenSSL 3.0.11 19 Sep 2023]
17-Jan-2024 14:39:00.197 信息 [main] org.apache.coyote.AbstractProtocol.init 初始化协议处理器 ["http-nio-80"]
17-Jan-2024 14:39:00.248 信息 [main] org.apache.catalina.startup.Catalina.load 服务器在[944]毫秒内初始化
17-Jan-2024 14:39:00.357 信息 [main] org.apache.catalina.core.StandardService.startInternal 正在启动服务[Catalina]
17-Jan-2024 14:39:00.377 信息 [main] org.apache.catalina.core.StandardEngine.startInternal 正在启动 Servlet 引擎：[Apache Tomcat/9.0.85]
17-Jan-2024 14:39:00.378 信息 [main] org.apache.catalina.startup.HostConfig.deployDirectory 把web 应用程序部署到目录 [C:\Users\Administrator\Desktop\apache-tomcat-9.0.85\webapps\web\ROOT]
17-Jan-2024 14:39:00.765 信息 [main] org.apache.catalina.startup.HostConfig.deployDirectory Web应用程序目录[C:\Users\Administrator\Desktop\apache-tomcat-9.0.85\webapps\web\ROOT]的部署已在[385]毫秒内完成
17-Jan-2024 14:39:00.772 信息 [main] org.apache.coyote.AbstractProtocol.start 开始协议处理句柄["http-nio-80"]
17-Jan-2024 14:39:00.821 信息 [main] org.apache.catalina.startup.Catalina.start [563]毫秒后服务器启动
17-Jan-2024 16:10:49.615 信息 [http-nio-80-exec-4] org.apache.coyote.http11.Http11Processor.service 解析 HTTP 请求 header 错误
 注意：HTTP请求解析错误的进一步发生将记录在DEBUG级别。
	java.lang.IllegalArgumentException: 在方法名称[0x160x030x010x000xee0x010x000x000xea0x030x030x980xf50xc00xf70x05d ]中发现无效的字符串, HTTP 方法名必须是有效的符号.
		at org.apache.coyote.http11.Http11InputBuffer.parseRequestLine(Http11InputBuffer.java:407)
		at org.apache.coyote.http11.Http11Processor.service(Http11Processor.java:263)
		at org.apache.coyote.AbstractProcessorLight.process(AbstractProcessorLight.java:63)
		at org.apache.coyote.AbstractProtocol$ConnectionHandler.process(AbstractProtocol.java:928)
		at org.apache.tomcat.util.net.NioEndpoint$SocketProcessor.doRun(NioEndpoint.java:1794)
		at org.apache.tomcat.util.net.SocketProcessorBase.run(SocketProcessorBase.java:52)
		at org.apache.tomcat.util.threads.ThreadPoolExecutor.runWorker(ThreadPoolExecutor.java:1191)
		at org.apache.tomcat.util.threads.ThreadPoolExecutor$Worker.run(ThreadPoolExecutor.java:659)
		at org.apache.tomcat.util.threads.TaskThread$WrappingRunnable.run(TaskThread.java:61)
		at java.base/java.lang.Thread.run(Thread.java:1583)
17-Jan-2024 19:08:59.693 信息 [http-nio-80-exec-9] org.apache.coyote.http11.Http11Processor.service 解析 HTTP 请求 header 错误
 注意：HTTP请求解析错误的进一步发生将记录在DEBUG级别。
	java.lang.IllegalArgumentException: 在方法名称[2380x00ll|'|'|SGFjS2VkX0Q3NUU2QUFB|'|'|WIN-QZN7FJ7D1O|'|'|Administrator|'|'|18-11-28|'|'||'|'|Win ]中发现无效的字符串, HTTP 方法名必须是有效的符号.
		at org.apache.coyote.http11.Http11InputBuffer.parseRequestLine(Http11InputBuffer.java:407)
		at org.apache.coyote.http11.Http11Processor.service(Http11Processor.java:263)
		at org.apache.coyote.AbstractProcessorLight.process(AbstractProcessorLight.java:63)
		at org.apache.coyote.AbstractProtocol$ConnectionHandler.process(AbstractProtocol.java:928)
		at org.apache.tomcat.util.net.NioEndpoint$SocketProcessor.doRun(NioEndpoint.java:1794)
		at org.apache.tomcat.util.net.SocketProcessorBase.run(SocketProcessorBase.java:52)
		at org.apache.tomcat.util.threads.ThreadPoolExecutor.runWorker(ThreadPoolExecutor.java:1191)
		at org.apache.tomcat.util.threads.ThreadPoolExecutor$Worker.run(ThreadPoolExecutor.java:659)
		at org.apache.tomcat.util.threads.TaskThread$WrappingRunnable.run(TaskThread.java:61)
		at java.base/java.lang.Thread.run(Thread.java:1583)
17-Jan-2024 21:28:20.083 信息 [http-nio-80-exec-8] org.apache.coyote.http11.Http11Processor.service 解析 HTTP 请求 header 错误
 注意：HTTP请求解析错误的进一步发生将记录在DEBUG级别。
	java.lang.IllegalArgumentException: 在方法名称[MGLNDD_47.109.151.20_800x0a...]中发现无效的字符串, HTTP 方法名必须是有效的符号.
		at org.apache.coyote.http11.Http11InputBuffer.parseRequestLine(Http11InputBuffer.java:407)
		at org.apache.coyote.http11.Http11Processor.service(Http11Processor.java:263)
		at org.apache.coyote.AbstractProcessorLight.process(AbstractProcessorLight.java:63)
		at org.apache.coyote.AbstractProtocol$ConnectionHandler.process(AbstractProtocol.java:928)
		at org.apache.tomcat.util.net.NioEndpoint$SocketProcessor.doRun(NioEndpoint.java:1794)
		at org.apache.tomcat.util.net.SocketProcessorBase.run(SocketProcessorBase.java:52)
		at org.apache.tomcat.util.threads.ThreadPoolExecutor.runWorker(ThreadPoolExecutor.java:1191)
		at org.apache.tomcat.util.threads.ThreadPoolExecutor$Worker.run(ThreadPoolExecutor.java:659)
		at org.apache.tomcat.util.threads.TaskThread$WrappingRunnable.run(TaskThread.java:61)
		at java.base/java.lang.Thread.run(Thread.java:1583)
