23-Feb-2024 05:10:58.446 信息 [http-nio-80-exec-127] org.apache.coyote.http11.Http11Processor.service 解析 HTTP 请求 header 错误
 注意：HTTP请求解析错误的进一步发生将记录在DEBUG级别。
	java.lang.IllegalArgumentException: 在方法名称[0x160x030x010x00{0x010x000x00w0x030x03,0xd5Jn0x9f0xf70xb50xc70x800xbd>0xf20x190xe4l0xafl0xca0x900xfb0x0c0x030x8d0x1e0xfcXBaH0xb40xa8+0x000x000x1a0xc0/0xc0+0xc00x110xc00x070xc00x130xc00x090xc00x140xc00x0a0x000x050x00/0x0050xc00x120x000x0a0x010x000x0040x000x050x000x050x010x000x000x000x000x000x0a0x000x080x000x060x000x170x000x180x000x190x000x0b0x000x020x010x000x000x0d0x000x100x000x0e0x040x010x040x030x020x010x020x030x040x010x050x010x060x010xff0x010x000x010x00...]中发现无效的字符串, HTTP 方法名必须是有效的符号.
		at org.apache.coyote.http11.Http11InputBuffer.parseRequestLine(Http11InputBuffer.java:407)
		at org.apache.coyote.http11.Http11Processor.service(Http11Processor.java:263)
		at org.apache.coyote.AbstractProcessorLight.process(AbstractProcessorLight.java:63)
		at org.apache.coyote.AbstractProtocol$ConnectionHandler.process(AbstractProtocol.java:928)
		at org.apache.tomcat.util.net.NioEndpoint$SocketProcessor.doRun(NioEndpoint.java:1794)
		at org.apache.tomcat.util.net.SocketProcessorBase.run(SocketProcessorBase.java:52)
		at org.apache.tomcat.util.threads.ThreadPoolExecutor.runWorker(ThreadPoolExecutor.java:1191)
		at org.apache.tomcat.util.threads.ThreadPoolExecutor$Worker.run(ThreadPoolExecutor.java:659)
		at org.apache.tomcat.util.threads.TaskThread$WrappingRunnable.run(TaskThread.java:61)
		at java.base/java.lang.Thread.run(Thread.java:1583)
23-Feb-2024 05:20:41.900 信息 [http-nio-80-exec-132] org.apache.coyote.http11.Http11Processor.service 解析 HTTP 请求 header 错误
 注意：HTTP请求解析错误的进一步发生将记录在DEBUG级别。
	java.lang.IllegalArgumentException: 在方法名称[0x160x030x010x000xee0x010x000x000xea0x030x030x860xba~W(0x980xe30x1f0xab6]J0x950xbf0xce0xa8O0xb40x880xa4H0xf10x1f0x0e0xa9i0xad0xa00x1d0x130xe45 ]中发现无效的字符串, HTTP 方法名必须是有效的符号.
		at org.apache.coyote.http11.Http11InputBuffer.parseRequestLine(Http11InputBuffer.java:407)
		at org.apache.coyote.http11.Http11Processor.service(Http11Processor.java:263)
		at org.apache.coyote.AbstractProcessorLight.process(AbstractProcessorLight.java:63)
		at org.apache.coyote.AbstractProtocol$ConnectionHandler.process(AbstractProtocol.java:928)
		at org.apache.tomcat.util.net.NioEndpoint$SocketProcessor.doRun(NioEndpoint.java:1794)
		at org.apache.tomcat.util.net.SocketProcessorBase.run(SocketProcessorBase.java:52)
		at org.apache.tomcat.util.threads.ThreadPoolExecutor.runWorker(ThreadPoolExecutor.java:1191)
		at org.apache.tomcat.util.threads.ThreadPoolExecutor$Worker.run(ThreadPoolExecutor.java:659)
		at org.apache.tomcat.util.threads.TaskThread$WrappingRunnable.run(TaskThread.java:61)
		at java.base/java.lang.Thread.run(Thread.java:1583)
23-Feb-2024 11:49:44.976 信息 [http-nio-80-exec-161] org.apache.coyote.http11.Http11Processor.service 解析 HTTP 请求 header 错误
 注意：HTTP请求解析错误的进一步发生将记录在DEBUG级别。
	java.lang.IllegalArgumentException: 在方法名称[0x050x010x00...]中发现无效的字符串, HTTP 方法名必须是有效的符号.
		at org.apache.coyote.http11.Http11InputBuffer.parseRequestLine(Http11InputBuffer.java:407)
		at org.apache.coyote.http11.Http11Processor.service(Http11Processor.java:263)
		at org.apache.coyote.AbstractProcessorLight.process(AbstractProcessorLight.java:63)
		at org.apache.coyote.AbstractProtocol$ConnectionHandler.process(AbstractProtocol.java:928)
		at org.apache.tomcat.util.net.NioEndpoint$SocketProcessor.doRun(NioEndpoint.java:1794)
		at org.apache.tomcat.util.net.SocketProcessorBase.run(SocketProcessorBase.java:52)
		at org.apache.tomcat.util.threads.ThreadPoolExecutor.runWorker(ThreadPoolExecutor.java:1191)
		at org.apache.tomcat.util.threads.ThreadPoolExecutor$Worker.run(ThreadPoolExecutor.java:659)
		at org.apache.tomcat.util.threads.TaskThread$WrappingRunnable.run(TaskThread.java:61)
		at java.base/java.lang.Thread.run(Thread.java:1583)
23-Feb-2024 22:08:51.484 信息 [http-nio-80-exec-205] org.apache.coyote.http11.Http11Processor.service 解析 HTTP 请求 header 错误
 注意：HTTP请求解析错误的进一步发生将记录在DEBUG级别。
	java.lang.IllegalArgumentException: 在方法名称[0x160x030x010x000xfc0x010x000x000xf80x030x03XD0x0f0xa00xab0xf10x870x1e0xfcC$0xb90xc60xcf0x920xbc-0x950xe80x040x1aph!0xac0xbe[0xca0xc8-0x08r ]中发现无效的字符串, HTTP 方法名必须是有效的符号.
		at org.apache.coyote.http11.Http11InputBuffer.parseRequestLine(Http11InputBuffer.java:407)
		at org.apache.coyote.http11.Http11Processor.service(Http11Processor.java:263)
		at org.apache.coyote.AbstractProcessorLight.process(AbstractProcessorLight.java:63)
		at org.apache.coyote.AbstractProtocol$ConnectionHandler.process(AbstractProtocol.java:928)
		at org.apache.tomcat.util.net.NioEndpoint$SocketProcessor.doRun(NioEndpoint.java:1794)
		at org.apache.tomcat.util.net.SocketProcessorBase.run(SocketProcessorBase.java:52)
		at org.apache.tomcat.util.threads.ThreadPoolExecutor.runWorker(ThreadPoolExecutor.java:1191)
		at org.apache.tomcat.util.threads.ThreadPoolExecutor$Worker.run(ThreadPoolExecutor.java:659)
		at org.apache.tomcat.util.threads.TaskThread$WrappingRunnable.run(TaskThread.java:61)
		at java.base/java.lang.Thread.run(Thread.java:1583)
